[2024-12-23T21:56:46.445+0000] {processor.py:186} INFO - Started process (PID=96) to work on /home/airflow/.local/lib/python3.12/site-packages/airflow/example_dags/example_latest_only_with_trigger.py
[2024-12-23T21:56:46.446+0000] {processor.py:914} INFO - Processing file /home/airflow/.local/lib/python3.12/site-packages/airflow/example_dags/example_latest_only_with_trigger.py for tasks to queue
[2024-12-23T21:56:46.449+0000] {logging_mixin.py:190} INFO - [2024-12-23T21:56:46.449+0000] {dagbag.py:588} INFO - Filling up the DagBag from /home/airflow/.local/lib/python3.12/site-packages/airflow/example_dags/example_latest_only_with_trigger.py
[2024-12-23T21:56:46.460+0000] {processor.py:925} INFO - DAG(s) 'latest_only_with_trigger' retrieved from /home/airflow/.local/lib/python3.12/site-packages/airflow/example_dags/example_latest_only_with_trigger.py
[2024-12-23T21:56:46.598+0000] {logging_mixin.py:190} INFO - [2024-12-23T21:56:46.597+0000] {override.py:1911} INFO - Created Permission View: can edit on DAG:latest_only_with_trigger
[2024-12-23T21:56:46.610+0000] {logging_mixin.py:190} INFO - [2024-12-23T21:56:46.610+0000] {override.py:1911} INFO - Created Permission View: can delete on DAG:latest_only_with_trigger
[2024-12-23T21:56:46.619+0000] {logging_mixin.py:190} INFO - [2024-12-23T21:56:46.619+0000] {override.py:1911} INFO - Created Permission View: can read on DAG:latest_only_with_trigger
[2024-12-23T21:56:46.628+0000] {logging_mixin.py:190} INFO - [2024-12-23T21:56:46.627+0000] {override.py:1911} INFO - Created Permission View: menu access on DAG Run:latest_only_with_trigger
[2024-12-23T21:56:46.636+0000] {logging_mixin.py:190} INFO - [2024-12-23T21:56:46.636+0000] {override.py:1911} INFO - Created Permission View: can delete on DAG Run:latest_only_with_trigger
[2024-12-23T21:56:46.644+0000] {logging_mixin.py:190} INFO - [2024-12-23T21:56:46.644+0000] {override.py:1911} INFO - Created Permission View: can read on DAG Run:latest_only_with_trigger
[2024-12-23T21:56:46.652+0000] {logging_mixin.py:190} INFO - [2024-12-23T21:56:46.652+0000] {override.py:1911} INFO - Created Permission View: can create on DAG Run:latest_only_with_trigger
[2024-12-23T21:56:46.653+0000] {logging_mixin.py:190} INFO - [2024-12-23T21:56:46.653+0000] {dag.py:3239} INFO - Sync 1 DAGs
[2024-12-23T21:56:46.670+0000] {logging_mixin.py:190} INFO - [2024-12-23T21:56:46.670+0000] {dag.py:3262} INFO - Creating ORM DAG for latest_only_with_trigger
[2024-12-23T21:56:46.684+0000] {logging_mixin.py:190} INFO - [2024-12-23T21:56:46.683+0000] {dag.py:4180} INFO - Setting next_dagrun for latest_only_with_trigger to 2024-12-23 16:00:00+00:00, run_after=2024-12-23 20:00:00+00:00
[2024-12-23T21:56:46.704+0000] {processor.py:208} INFO - Processing /home/airflow/.local/lib/python3.12/site-packages/airflow/example_dags/example_latest_only_with_trigger.py took 0.270 seconds
[2024-12-23T21:57:17.560+0000] {processor.py:186} INFO - Started process (PID=159) to work on /home/airflow/.local/lib/python3.12/site-packages/airflow/example_dags/example_latest_only_with_trigger.py
[2024-12-23T21:57:17.561+0000] {processor.py:914} INFO - Processing file /home/airflow/.local/lib/python3.12/site-packages/airflow/example_dags/example_latest_only_with_trigger.py for tasks to queue
[2024-12-23T21:57:17.563+0000] {logging_mixin.py:190} INFO - [2024-12-23T21:57:17.563+0000] {dagbag.py:588} INFO - Filling up the DagBag from /home/airflow/.local/lib/python3.12/site-packages/airflow/example_dags/example_latest_only_with_trigger.py
[2024-12-23T21:57:17.570+0000] {processor.py:925} INFO - DAG(s) 'latest_only_with_trigger' retrieved from /home/airflow/.local/lib/python3.12/site-packages/airflow/example_dags/example_latest_only_with_trigger.py
[2024-12-23T21:57:17.589+0000] {logging_mixin.py:190} INFO - [2024-12-23T21:57:17.589+0000] {dag.py:3239} INFO - Sync 1 DAGs
[2024-12-23T21:57:17.610+0000] {logging_mixin.py:190} INFO - [2024-12-23T21:57:17.610+0000] {dag.py:4180} INFO - Setting next_dagrun for latest_only_with_trigger to 2024-12-23 16:00:00+00:00, run_after=2024-12-23 20:00:00+00:00
[2024-12-23T21:57:17.635+0000] {processor.py:208} INFO - Processing /home/airflow/.local/lib/python3.12/site-packages/airflow/example_dags/example_latest_only_with_trigger.py took 0.080 seconds
