[2024-12-23T21:56:49.358+0000] {processor.py:186} INFO - Started process (PID=111) to work on /home/airflow/.local/lib/python3.12/site-packages/airflow/example_dags/example_trigger_controller_dag.py
[2024-12-23T21:56:49.360+0000] {processor.py:914} INFO - Processing file /home/airflow/.local/lib/python3.12/site-packages/airflow/example_dags/example_trigger_controller_dag.py for tasks to queue
[2024-12-23T21:56:49.363+0000] {logging_mixin.py:190} INFO - [2024-12-23T21:56:49.362+0000] {dagbag.py:588} INFO - Filling up the DagBag from /home/airflow/.local/lib/python3.12/site-packages/airflow/example_dags/example_trigger_controller_dag.py
[2024-12-23T21:56:49.371+0000] {processor.py:925} INFO - DAG(s) 'example_trigger_controller_dag' retrieved from /home/airflow/.local/lib/python3.12/site-packages/airflow/example_dags/example_trigger_controller_dag.py
[2024-12-23T21:56:49.517+0000] {logging_mixin.py:190} INFO - [2024-12-23T21:56:49.515+0000] {override.py:1911} INFO - Created Permission View: can edit on DAG:example_trigger_controller_dag
[2024-12-23T21:56:49.531+0000] {logging_mixin.py:190} INFO - [2024-12-23T21:56:49.531+0000] {override.py:1911} INFO - Created Permission View: can delete on DAG:example_trigger_controller_dag
[2024-12-23T21:56:49.542+0000] {logging_mixin.py:190} INFO - [2024-12-23T21:56:49.542+0000] {override.py:1911} INFO - Created Permission View: can read on DAG:example_trigger_controller_dag
[2024-12-23T21:56:49.554+0000] {logging_mixin.py:190} INFO - [2024-12-23T21:56:49.554+0000] {override.py:1911} INFO - Created Permission View: menu access on DAG Run:example_trigger_controller_dag
[2024-12-23T21:56:49.563+0000] {logging_mixin.py:190} INFO - [2024-12-23T21:56:49.562+0000] {override.py:1911} INFO - Created Permission View: can delete on DAG Run:example_trigger_controller_dag
[2024-12-23T21:56:49.575+0000] {logging_mixin.py:190} INFO - [2024-12-23T21:56:49.575+0000] {override.py:1911} INFO - Created Permission View: can read on DAG Run:example_trigger_controller_dag
[2024-12-23T21:56:49.584+0000] {logging_mixin.py:190} INFO - [2024-12-23T21:56:49.584+0000] {override.py:1911} INFO - Created Permission View: can create on DAG Run:example_trigger_controller_dag
[2024-12-23T21:56:49.585+0000] {logging_mixin.py:190} INFO - [2024-12-23T21:56:49.585+0000] {dag.py:3239} INFO - Sync 1 DAGs
[2024-12-23T21:56:49.601+0000] {logging_mixin.py:190} INFO - [2024-12-23T21:56:49.601+0000] {dag.py:3262} INFO - Creating ORM DAG for example_trigger_controller_dag
[2024-12-23T21:56:49.612+0000] {logging_mixin.py:190} INFO - [2024-12-23T21:56:49.612+0000] {dag.py:4180} INFO - Setting next_dagrun for example_trigger_controller_dag to 2021-01-01 00:00:00+00:00, run_after=2021-01-01 00:00:00+00:00
[2024-12-23T21:56:49.636+0000] {processor.py:208} INFO - Processing /home/airflow/.local/lib/python3.12/site-packages/airflow/example_dags/example_trigger_controller_dag.py took 0.285 seconds
[2024-12-23T21:57:20.137+0000] {processor.py:186} INFO - Started process (PID=174) to work on /home/airflow/.local/lib/python3.12/site-packages/airflow/example_dags/example_trigger_controller_dag.py
[2024-12-23T21:57:20.138+0000] {processor.py:914} INFO - Processing file /home/airflow/.local/lib/python3.12/site-packages/airflow/example_dags/example_trigger_controller_dag.py for tasks to queue
[2024-12-23T21:57:20.141+0000] {logging_mixin.py:190} INFO - [2024-12-23T21:57:20.140+0000] {dagbag.py:588} INFO - Filling up the DagBag from /home/airflow/.local/lib/python3.12/site-packages/airflow/example_dags/example_trigger_controller_dag.py
[2024-12-23T21:57:20.146+0000] {processor.py:925} INFO - DAG(s) 'example_trigger_controller_dag' retrieved from /home/airflow/.local/lib/python3.12/site-packages/airflow/example_dags/example_trigger_controller_dag.py
[2024-12-23T21:57:20.164+0000] {logging_mixin.py:190} INFO - [2024-12-23T21:57:20.163+0000] {dag.py:3239} INFO - Sync 1 DAGs
[2024-12-23T21:57:20.185+0000] {logging_mixin.py:190} INFO - [2024-12-23T21:57:20.184+0000] {dag.py:4180} INFO - Setting next_dagrun for example_trigger_controller_dag to 2021-01-01 00:00:00+00:00, run_after=2021-01-01 00:00:00+00:00
[2024-12-23T21:57:20.205+0000] {processor.py:208} INFO - Processing /home/airflow/.local/lib/python3.12/site-packages/airflow/example_dags/example_trigger_controller_dag.py took 0.072 seconds
