[2024-12-23T21:56:43.708+0000] {processor.py:186} INFO - Started process (PID=89) to work on /home/airflow/.local/lib/python3.12/site-packages/airflow/example_dags/example_complex.py
[2024-12-23T21:56:43.710+0000] {processor.py:914} INFO - Processing file /home/airflow/.local/lib/python3.12/site-packages/airflow/example_dags/example_complex.py for tasks to queue
[2024-12-23T21:56:43.713+0000] {logging_mixin.py:190} INFO - [2024-12-23T21:56:43.713+0000] {dagbag.py:588} INFO - Filling up the DagBag from /home/airflow/.local/lib/python3.12/site-packages/airflow/example_dags/example_complex.py
[2024-12-23T21:56:43.738+0000] {processor.py:925} INFO - DAG(s) 'example_complex' retrieved from /home/airflow/.local/lib/python3.12/site-packages/airflow/example_dags/example_complex.py
[2024-12-23T21:56:43.936+0000] {logging_mixin.py:190} INFO - [2024-12-23T21:56:43.935+0000] {override.py:1911} INFO - Created Permission View: can edit on DAG:example_complex
[2024-12-23T21:56:43.950+0000] {logging_mixin.py:190} INFO - [2024-12-23T21:56:43.949+0000] {override.py:1911} INFO - Created Permission View: can delete on DAG:example_complex
[2024-12-23T21:56:43.965+0000] {logging_mixin.py:190} INFO - [2024-12-23T21:56:43.965+0000] {override.py:1911} INFO - Created Permission View: can read on DAG:example_complex
[2024-12-23T21:56:44.030+0000] {logging_mixin.py:190} INFO - [2024-12-23T21:56:44.030+0000] {override.py:1911} INFO - Created Permission View: menu access on DAG Run:example_complex
[2024-12-23T21:56:44.051+0000] {logging_mixin.py:190} INFO - [2024-12-23T21:56:44.051+0000] {override.py:1911} INFO - Created Permission View: can delete on DAG Run:example_complex
[2024-12-23T21:56:44.070+0000] {logging_mixin.py:190} INFO - [2024-12-23T21:56:44.070+0000] {override.py:1911} INFO - Created Permission View: can read on DAG Run:example_complex
[2024-12-23T21:56:44.082+0000] {logging_mixin.py:190} INFO - [2024-12-23T21:56:44.082+0000] {override.py:1911} INFO - Created Permission View: can create on DAG Run:example_complex
[2024-12-23T21:56:44.084+0000] {logging_mixin.py:190} INFO - [2024-12-23T21:56:44.083+0000] {dag.py:3239} INFO - Sync 1 DAGs
[2024-12-23T21:56:44.104+0000] {logging_mixin.py:190} INFO - [2024-12-23T21:56:44.104+0000] {dag.py:3262} INFO - Creating ORM DAG for example_complex
[2024-12-23T21:56:44.106+0000] {logging_mixin.py:190} INFO - [2024-12-23T21:56:44.106+0000] {dag.py:4180} INFO - Setting next_dagrun for example_complex to None, run_after=None
[2024-12-23T21:56:44.129+0000] {processor.py:208} INFO - Processing /home/airflow/.local/lib/python3.12/site-packages/airflow/example_dags/example_complex.py took 0.431 seconds
[2024-12-23T21:57:14.240+0000] {processor.py:186} INFO - Started process (PID=152) to work on /home/airflow/.local/lib/python3.12/site-packages/airflow/example_dags/example_complex.py
[2024-12-23T21:57:14.241+0000] {processor.py:914} INFO - Processing file /home/airflow/.local/lib/python3.12/site-packages/airflow/example_dags/example_complex.py for tasks to queue
[2024-12-23T21:57:14.243+0000] {logging_mixin.py:190} INFO - [2024-12-23T21:57:14.243+0000] {dagbag.py:588} INFO - Filling up the DagBag from /home/airflow/.local/lib/python3.12/site-packages/airflow/example_dags/example_complex.py
[2024-12-23T21:57:14.255+0000] {processor.py:925} INFO - DAG(s) 'example_complex' retrieved from /home/airflow/.local/lib/python3.12/site-packages/airflow/example_dags/example_complex.py
[2024-12-23T21:57:14.287+0000] {logging_mixin.py:190} INFO - [2024-12-23T21:57:14.286+0000] {dag.py:3239} INFO - Sync 1 DAGs
[2024-12-23T21:57:14.301+0000] {logging_mixin.py:190} INFO - [2024-12-23T21:57:14.300+0000] {dag.py:4180} INFO - Setting next_dagrun for example_complex to None, run_after=None
[2024-12-23T21:57:14.325+0000] {processor.py:208} INFO - Processing /home/airflow/.local/lib/python3.12/site-packages/airflow/example_dags/example_complex.py took 0.089 seconds
