[2024-12-23T21:56:49.030+0000] {processor.py:186} INFO - Started process (PID=109) to work on /home/airflow/.local/lib/python3.12/site-packages/airflow/example_dags/example_dag_decorator.py
[2024-12-23T21:56:49.031+0000] {processor.py:914} INFO - Processing file /home/airflow/.local/lib/python3.12/site-packages/airflow/example_dags/example_dag_decorator.py for tasks to queue
[2024-12-23T21:56:49.034+0000] {logging_mixin.py:190} INFO - [2024-12-23T21:56:49.034+0000] {dagbag.py:588} INFO - Filling up the DagBag from /home/airflow/.local/lib/python3.12/site-packages/airflow/example_dags/example_dag_decorator.py
[2024-12-23T21:56:49.055+0000] {processor.py:925} INFO - DAG(s) 'example_dag_decorator' retrieved from /home/airflow/.local/lib/python3.12/site-packages/airflow/example_dags/example_dag_decorator.py
[2024-12-23T21:56:49.195+0000] {logging_mixin.py:190} INFO - [2024-12-23T21:56:49.194+0000] {override.py:1911} INFO - Created Permission View: can edit on DAG:example_dag_decorator
[2024-12-23T21:56:49.208+0000] {logging_mixin.py:190} INFO - [2024-12-23T21:56:49.207+0000] {override.py:1911} INFO - Created Permission View: can delete on DAG:example_dag_decorator
[2024-12-23T21:56:49.216+0000] {logging_mixin.py:190} INFO - [2024-12-23T21:56:49.216+0000] {override.py:1911} INFO - Created Permission View: can read on DAG:example_dag_decorator
[2024-12-23T21:56:49.226+0000] {logging_mixin.py:190} INFO - [2024-12-23T21:56:49.226+0000] {override.py:1911} INFO - Created Permission View: menu access on DAG Run:example_dag_decorator
[2024-12-23T21:56:49.235+0000] {logging_mixin.py:190} INFO - [2024-12-23T21:56:49.235+0000] {override.py:1911} INFO - Created Permission View: can delete on DAG Run:example_dag_decorator
[2024-12-23T21:56:49.244+0000] {logging_mixin.py:190} INFO - [2024-12-23T21:56:49.244+0000] {override.py:1911} INFO - Created Permission View: can read on DAG Run:example_dag_decorator
[2024-12-23T21:56:49.253+0000] {logging_mixin.py:190} INFO - [2024-12-23T21:56:49.253+0000] {override.py:1911} INFO - Created Permission View: can create on DAG Run:example_dag_decorator
[2024-12-23T21:56:49.254+0000] {logging_mixin.py:190} INFO - [2024-12-23T21:56:49.254+0000] {dag.py:3239} INFO - Sync 1 DAGs
[2024-12-23T21:56:49.271+0000] {logging_mixin.py:190} INFO - [2024-12-23T21:56:49.270+0000] {dag.py:3262} INFO - Creating ORM DAG for example_dag_decorator
[2024-12-23T21:56:49.272+0000] {logging_mixin.py:190} INFO - [2024-12-23T21:56:49.271+0000] {dag.py:4180} INFO - Setting next_dagrun for example_dag_decorator to None, run_after=None
[2024-12-23T21:56:49.294+0000] {processor.py:208} INFO - Processing /home/airflow/.local/lib/python3.12/site-packages/airflow/example_dags/example_dag_decorator.py took 0.271 seconds
[2024-12-23T21:57:19.330+0000] {processor.py:186} INFO - Started process (PID=171) to work on /home/airflow/.local/lib/python3.12/site-packages/airflow/example_dags/example_dag_decorator.py
[2024-12-23T21:57:19.331+0000] {processor.py:914} INFO - Processing file /home/airflow/.local/lib/python3.12/site-packages/airflow/example_dags/example_dag_decorator.py for tasks to queue
[2024-12-23T21:57:19.333+0000] {logging_mixin.py:190} INFO - [2024-12-23T21:57:19.333+0000] {dagbag.py:588} INFO - Filling up the DagBag from /home/airflow/.local/lib/python3.12/site-packages/airflow/example_dags/example_dag_decorator.py
[2024-12-23T21:57:19.345+0000] {processor.py:925} INFO - DAG(s) 'example_dag_decorator' retrieved from /home/airflow/.local/lib/python3.12/site-packages/airflow/example_dags/example_dag_decorator.py
[2024-12-23T21:57:19.444+0000] {logging_mixin.py:190} INFO - [2024-12-23T21:57:19.444+0000] {dag.py:3239} INFO - Sync 1 DAGs
[2024-12-23T21:57:19.456+0000] {logging_mixin.py:190} INFO - [2024-12-23T21:57:19.456+0000] {dag.py:4180} INFO - Setting next_dagrun for example_dag_decorator to None, run_after=None
[2024-12-23T21:57:19.481+0000] {processor.py:208} INFO - Processing /home/airflow/.local/lib/python3.12/site-packages/airflow/example_dags/example_dag_decorator.py took 0.157 seconds
