[2024-12-23T21:56:39.918+0000] {processor.py:186} INFO - Started process (PID=76) to work on /home/airflow/.local/lib/python3.12/site-packages/airflow/example_dags/example_datasets.py
[2024-12-23T21:56:39.920+0000] {processor.py:914} INFO - Processing file /home/airflow/.local/lib/python3.12/site-packages/airflow/example_dags/example_datasets.py for tasks to queue
[2024-12-23T21:56:39.922+0000] {logging_mixin.py:190} INFO - [2024-12-23T21:56:39.922+0000] {dagbag.py:588} INFO - Filling up the DagBag from /home/airflow/.local/lib/python3.12/site-packages/airflow/example_dags/example_datasets.py
[2024-12-23T21:56:42.026+0000] {processor.py:925} INFO - DAG(s) 'dataset_consumes_1_never_scheduled', 'consume_1_or_2_with_dataset_expressions', 'dataset_consumes_1', 'dataset_produces_1', 'conditional_dataset_and_time_based_timetable', 'dataset_produces_2', 'dataset_consumes_unknown_never_scheduled', 'consume_1_or_both_2_and_3_with_dataset_expressions', 'consume_1_and_2_with_dataset_expressions', 'dataset_consumes_1_and_2' retrieved from /home/airflow/.local/lib/python3.12/site-packages/airflow/example_dags/example_datasets.py
[2024-12-23T21:56:42.165+0000] {logging_mixin.py:190} INFO - [2024-12-23T21:56:42.164+0000] {override.py:1911} INFO - Created Permission View: can edit on DAG:dataset_consumes_1_never_scheduled
[2024-12-23T21:56:42.183+0000] {logging_mixin.py:190} INFO - [2024-12-23T21:56:42.183+0000] {override.py:1911} INFO - Created Permission View: can delete on DAG:dataset_consumes_1_never_scheduled
[2024-12-23T21:56:42.193+0000] {logging_mixin.py:190} INFO - [2024-12-23T21:56:42.192+0000] {override.py:1911} INFO - Created Permission View: can read on DAG:dataset_consumes_1_never_scheduled
[2024-12-23T21:56:42.205+0000] {logging_mixin.py:190} INFO - [2024-12-23T21:56:42.205+0000] {override.py:1911} INFO - Created Permission View: menu access on DAG Run:dataset_consumes_1_never_scheduled
[2024-12-23T21:56:42.216+0000] {logging_mixin.py:190} INFO - [2024-12-23T21:56:42.216+0000] {override.py:1911} INFO - Created Permission View: can delete on DAG Run:dataset_consumes_1_never_scheduled
[2024-12-23T21:56:42.226+0000] {logging_mixin.py:190} INFO - [2024-12-23T21:56:42.225+0000] {override.py:1911} INFO - Created Permission View: can read on DAG Run:dataset_consumes_1_never_scheduled
[2024-12-23T21:56:42.239+0000] {logging_mixin.py:190} INFO - [2024-12-23T21:56:42.239+0000] {override.py:1911} INFO - Created Permission View: can create on DAG Run:dataset_consumes_1_never_scheduled
[2024-12-23T21:56:42.255+0000] {logging_mixin.py:190} INFO - [2024-12-23T21:56:42.254+0000] {override.py:1911} INFO - Created Permission View: can edit on DAG:consume_1_or_2_with_dataset_expressions
[2024-12-23T21:56:42.267+0000] {logging_mixin.py:190} INFO - [2024-12-23T21:56:42.267+0000] {override.py:1911} INFO - Created Permission View: can delete on DAG:consume_1_or_2_with_dataset_expressions
[2024-12-23T21:56:42.278+0000] {logging_mixin.py:190} INFO - [2024-12-23T21:56:42.277+0000] {override.py:1911} INFO - Created Permission View: can read on DAG:consume_1_or_2_with_dataset_expressions
[2024-12-23T21:56:42.295+0000] {logging_mixin.py:190} INFO - [2024-12-23T21:56:42.294+0000] {override.py:1911} INFO - Created Permission View: menu access on DAG Run:consume_1_or_2_with_dataset_expressions
[2024-12-23T21:56:42.318+0000] {logging_mixin.py:190} INFO - [2024-12-23T21:56:42.317+0000] {override.py:1911} INFO - Created Permission View: can delete on DAG Run:consume_1_or_2_with_dataset_expressions
[2024-12-23T21:56:42.326+0000] {logging_mixin.py:190} INFO - [2024-12-23T21:56:42.326+0000] {override.py:1911} INFO - Created Permission View: can read on DAG Run:consume_1_or_2_with_dataset_expressions
[2024-12-23T21:56:42.336+0000] {logging_mixin.py:190} INFO - [2024-12-23T21:56:42.336+0000] {override.py:1911} INFO - Created Permission View: can create on DAG Run:consume_1_or_2_with_dataset_expressions
[2024-12-23T21:56:42.352+0000] {logging_mixin.py:190} INFO - [2024-12-23T21:56:42.352+0000] {override.py:1911} INFO - Created Permission View: can edit on DAG:dataset_consumes_1
[2024-12-23T21:56:42.362+0000] {logging_mixin.py:190} INFO - [2024-12-23T21:56:42.361+0000] {override.py:1911} INFO - Created Permission View: can delete on DAG:dataset_consumes_1
[2024-12-23T21:56:42.370+0000] {logging_mixin.py:190} INFO - [2024-12-23T21:56:42.370+0000] {override.py:1911} INFO - Created Permission View: can read on DAG:dataset_consumes_1
[2024-12-23T21:56:42.379+0000] {logging_mixin.py:190} INFO - [2024-12-23T21:56:42.379+0000] {override.py:1911} INFO - Created Permission View: menu access on DAG Run:dataset_consumes_1
[2024-12-23T21:56:42.388+0000] {logging_mixin.py:190} INFO - [2024-12-23T21:56:42.388+0000] {override.py:1911} INFO - Created Permission View: can delete on DAG Run:dataset_consumes_1
[2024-12-23T21:56:42.397+0000] {logging_mixin.py:190} INFO - [2024-12-23T21:56:42.397+0000] {override.py:1911} INFO - Created Permission View: can read on DAG Run:dataset_consumes_1
[2024-12-23T21:56:42.406+0000] {logging_mixin.py:190} INFO - [2024-12-23T21:56:42.406+0000] {override.py:1911} INFO - Created Permission View: can create on DAG Run:dataset_consumes_1
[2024-12-23T21:56:42.423+0000] {logging_mixin.py:190} INFO - [2024-12-23T21:56:42.423+0000] {override.py:1911} INFO - Created Permission View: can edit on DAG:dataset_produces_1
[2024-12-23T21:56:42.432+0000] {logging_mixin.py:190} INFO - [2024-12-23T21:56:42.431+0000] {override.py:1911} INFO - Created Permission View: can delete on DAG:dataset_produces_1
[2024-12-23T21:56:42.440+0000] {logging_mixin.py:190} INFO - [2024-12-23T21:56:42.440+0000] {override.py:1911} INFO - Created Permission View: can read on DAG:dataset_produces_1
[2024-12-23T21:56:42.450+0000] {logging_mixin.py:190} INFO - [2024-12-23T21:56:42.449+0000] {override.py:1911} INFO - Created Permission View: menu access on DAG Run:dataset_produces_1
[2024-12-23T21:56:42.458+0000] {logging_mixin.py:190} INFO - [2024-12-23T21:56:42.458+0000] {override.py:1911} INFO - Created Permission View: can delete on DAG Run:dataset_produces_1
[2024-12-23T21:56:42.466+0000] {logging_mixin.py:190} INFO - [2024-12-23T21:56:42.466+0000] {override.py:1911} INFO - Created Permission View: can read on DAG Run:dataset_produces_1
[2024-12-23T21:56:42.475+0000] {logging_mixin.py:190} INFO - [2024-12-23T21:56:42.475+0000] {override.py:1911} INFO - Created Permission View: can create on DAG Run:dataset_produces_1
[2024-12-23T21:56:42.490+0000] {logging_mixin.py:190} INFO - [2024-12-23T21:56:42.490+0000] {override.py:1911} INFO - Created Permission View: can edit on DAG:conditional_dataset_and_time_based_timetable
[2024-12-23T21:56:42.498+0000] {logging_mixin.py:190} INFO - [2024-12-23T21:56:42.498+0000] {override.py:1911} INFO - Created Permission View: can delete on DAG:conditional_dataset_and_time_based_timetable
[2024-12-23T21:56:42.508+0000] {logging_mixin.py:190} INFO - [2024-12-23T21:56:42.507+0000] {override.py:1911} INFO - Created Permission View: can read on DAG:conditional_dataset_and_time_based_timetable
[2024-12-23T21:56:42.518+0000] {logging_mixin.py:190} INFO - [2024-12-23T21:56:42.518+0000] {override.py:1911} INFO - Created Permission View: menu access on DAG Run:conditional_dataset_and_time_based_timetable
[2024-12-23T21:56:42.527+0000] {logging_mixin.py:190} INFO - [2024-12-23T21:56:42.526+0000] {override.py:1911} INFO - Created Permission View: can delete on DAG Run:conditional_dataset_and_time_based_timetable
[2024-12-23T21:56:42.535+0000] {logging_mixin.py:190} INFO - [2024-12-23T21:56:42.535+0000] {override.py:1911} INFO - Created Permission View: can read on DAG Run:conditional_dataset_and_time_based_timetable
[2024-12-23T21:56:42.544+0000] {logging_mixin.py:190} INFO - [2024-12-23T21:56:42.544+0000] {override.py:1911} INFO - Created Permission View: can create on DAG Run:conditional_dataset_and_time_based_timetable
[2024-12-23T21:56:42.562+0000] {logging_mixin.py:190} INFO - [2024-12-23T21:56:42.562+0000] {override.py:1911} INFO - Created Permission View: can edit on DAG:dataset_produces_2
[2024-12-23T21:56:42.571+0000] {logging_mixin.py:190} INFO - [2024-12-23T21:56:42.571+0000] {override.py:1911} INFO - Created Permission View: can delete on DAG:dataset_produces_2
[2024-12-23T21:56:42.580+0000] {logging_mixin.py:190} INFO - [2024-12-23T21:56:42.580+0000] {override.py:1911} INFO - Created Permission View: can read on DAG:dataset_produces_2
[2024-12-23T21:56:42.589+0000] {logging_mixin.py:190} INFO - [2024-12-23T21:56:42.589+0000] {override.py:1911} INFO - Created Permission View: menu access on DAG Run:dataset_produces_2
[2024-12-23T21:56:42.598+0000] {logging_mixin.py:190} INFO - [2024-12-23T21:56:42.598+0000] {override.py:1911} INFO - Created Permission View: can delete on DAG Run:dataset_produces_2
[2024-12-23T21:56:42.606+0000] {logging_mixin.py:190} INFO - [2024-12-23T21:56:42.606+0000] {override.py:1911} INFO - Created Permission View: can read on DAG Run:dataset_produces_2
[2024-12-23T21:56:42.615+0000] {logging_mixin.py:190} INFO - [2024-12-23T21:56:42.614+0000] {override.py:1911} INFO - Created Permission View: can create on DAG Run:dataset_produces_2
[2024-12-23T21:56:42.629+0000] {logging_mixin.py:190} INFO - [2024-12-23T21:56:42.629+0000] {override.py:1911} INFO - Created Permission View: can edit on DAG:dataset_consumes_unknown_never_scheduled
[2024-12-23T21:56:42.637+0000] {logging_mixin.py:190} INFO - [2024-12-23T21:56:42.637+0000] {override.py:1911} INFO - Created Permission View: can delete on DAG:dataset_consumes_unknown_never_scheduled
[2024-12-23T21:56:42.645+0000] {logging_mixin.py:190} INFO - [2024-12-23T21:56:42.644+0000] {override.py:1911} INFO - Created Permission View: can read on DAG:dataset_consumes_unknown_never_scheduled
[2024-12-23T21:56:42.654+0000] {logging_mixin.py:190} INFO - [2024-12-23T21:56:42.654+0000] {override.py:1911} INFO - Created Permission View: menu access on DAG Run:dataset_consumes_unknown_never_scheduled
[2024-12-23T21:56:42.663+0000] {logging_mixin.py:190} INFO - [2024-12-23T21:56:42.663+0000] {override.py:1911} INFO - Created Permission View: can delete on DAG Run:dataset_consumes_unknown_never_scheduled
[2024-12-23T21:56:42.673+0000] {logging_mixin.py:190} INFO - [2024-12-23T21:56:42.673+0000] {override.py:1911} INFO - Created Permission View: can read on DAG Run:dataset_consumes_unknown_never_scheduled
[2024-12-23T21:56:42.682+0000] {logging_mixin.py:190} INFO - [2024-12-23T21:56:42.681+0000] {override.py:1911} INFO - Created Permission View: can create on DAG Run:dataset_consumes_unknown_never_scheduled
[2024-12-23T21:56:42.699+0000] {logging_mixin.py:190} INFO - [2024-12-23T21:56:42.698+0000] {override.py:1911} INFO - Created Permission View: can edit on DAG:consume_1_or_both_2_and_3_with_dataset_expressions
[2024-12-23T21:56:42.712+0000] {logging_mixin.py:190} INFO - [2024-12-23T21:56:42.711+0000] {override.py:1911} INFO - Created Permission View: can delete on DAG:consume_1_or_both_2_and_3_with_dataset_expressions
[2024-12-23T21:56:42.726+0000] {logging_mixin.py:190} INFO - [2024-12-23T21:56:42.725+0000] {override.py:1911} INFO - Created Permission View: can read on DAG:consume_1_or_both_2_and_3_with_dataset_expressions
[2024-12-23T21:56:42.741+0000] {logging_mixin.py:190} INFO - [2024-12-23T21:56:42.740+0000] {override.py:1911} INFO - Created Permission View: menu access on DAG Run:consume_1_or_both_2_and_3_with_dataset_expressions
[2024-12-23T21:56:42.765+0000] {logging_mixin.py:190} INFO - [2024-12-23T21:56:42.764+0000] {override.py:1911} INFO - Created Permission View: can delete on DAG Run:consume_1_or_both_2_and_3_with_dataset_expressions
[2024-12-23T21:56:42.777+0000] {logging_mixin.py:190} INFO - [2024-12-23T21:56:42.777+0000] {override.py:1911} INFO - Created Permission View: can read on DAG Run:consume_1_or_both_2_and_3_with_dataset_expressions
[2024-12-23T21:56:42.789+0000] {logging_mixin.py:190} INFO - [2024-12-23T21:56:42.789+0000] {override.py:1911} INFO - Created Permission View: can create on DAG Run:consume_1_or_both_2_and_3_with_dataset_expressions
[2024-12-23T21:56:42.809+0000] {logging_mixin.py:190} INFO - [2024-12-23T21:56:42.808+0000] {override.py:1911} INFO - Created Permission View: can edit on DAG:consume_1_and_2_with_dataset_expressions
[2024-12-23T21:56:42.819+0000] {logging_mixin.py:190} INFO - [2024-12-23T21:56:42.819+0000] {override.py:1911} INFO - Created Permission View: can delete on DAG:consume_1_and_2_with_dataset_expressions
[2024-12-23T21:56:42.829+0000] {logging_mixin.py:190} INFO - [2024-12-23T21:56:42.829+0000] {override.py:1911} INFO - Created Permission View: can read on DAG:consume_1_and_2_with_dataset_expressions
[2024-12-23T21:56:42.840+0000] {logging_mixin.py:190} INFO - [2024-12-23T21:56:42.840+0000] {override.py:1911} INFO - Created Permission View: menu access on DAG Run:consume_1_and_2_with_dataset_expressions
[2024-12-23T21:56:42.851+0000] {logging_mixin.py:190} INFO - [2024-12-23T21:56:42.851+0000] {override.py:1911} INFO - Created Permission View: can delete on DAG Run:consume_1_and_2_with_dataset_expressions
[2024-12-23T21:56:42.862+0000] {logging_mixin.py:190} INFO - [2024-12-23T21:56:42.861+0000] {override.py:1911} INFO - Created Permission View: can read on DAG Run:consume_1_and_2_with_dataset_expressions
[2024-12-23T21:56:42.872+0000] {logging_mixin.py:190} INFO - [2024-12-23T21:56:42.871+0000] {override.py:1911} INFO - Created Permission View: can create on DAG Run:consume_1_and_2_with_dataset_expressions
[2024-12-23T21:56:42.892+0000] {logging_mixin.py:190} INFO - [2024-12-23T21:56:42.892+0000] {override.py:1911} INFO - Created Permission View: can edit on DAG:dataset_consumes_1_and_2
[2024-12-23T21:56:42.902+0000] {logging_mixin.py:190} INFO - [2024-12-23T21:56:42.901+0000] {override.py:1911} INFO - Created Permission View: can delete on DAG:dataset_consumes_1_and_2
[2024-12-23T21:56:42.917+0000] {logging_mixin.py:190} INFO - [2024-12-23T21:56:42.917+0000] {override.py:1911} INFO - Created Permission View: can read on DAG:dataset_consumes_1_and_2
[2024-12-23T21:56:42.927+0000] {logging_mixin.py:190} INFO - [2024-12-23T21:56:42.926+0000] {override.py:1911} INFO - Created Permission View: menu access on DAG Run:dataset_consumes_1_and_2
[2024-12-23T21:56:42.938+0000] {logging_mixin.py:190} INFO - [2024-12-23T21:56:42.938+0000] {override.py:1911} INFO - Created Permission View: can delete on DAG Run:dataset_consumes_1_and_2
[2024-12-23T21:56:42.950+0000] {logging_mixin.py:190} INFO - [2024-12-23T21:56:42.950+0000] {override.py:1911} INFO - Created Permission View: can read on DAG Run:dataset_consumes_1_and_2
[2024-12-23T21:56:42.962+0000] {logging_mixin.py:190} INFO - [2024-12-23T21:56:42.961+0000] {override.py:1911} INFO - Created Permission View: can create on DAG Run:dataset_consumes_1_and_2
[2024-12-23T21:56:42.963+0000] {logging_mixin.py:190} INFO - [2024-12-23T21:56:42.963+0000] {dag.py:3239} INFO - Sync 10 DAGs
[2024-12-23T21:56:42.987+0000] {logging_mixin.py:190} INFO - [2024-12-23T21:56:42.986+0000] {dag.py:3262} INFO - Creating ORM DAG for dataset_consumes_unknown_never_scheduled
[2024-12-23T21:56:42.989+0000] {logging_mixin.py:190} INFO - [2024-12-23T21:56:42.988+0000] {dag.py:3262} INFO - Creating ORM DAG for dataset_produces_1
[2024-12-23T21:56:42.990+0000] {logging_mixin.py:190} INFO - [2024-12-23T21:56:42.990+0000] {dag.py:3262} INFO - Creating ORM DAG for consume_1_or_2_with_dataset_expressions
[2024-12-23T21:56:42.992+0000] {logging_mixin.py:190} INFO - [2024-12-23T21:56:42.991+0000] {dag.py:3262} INFO - Creating ORM DAG for dataset_produces_2
[2024-12-23T21:56:42.993+0000] {logging_mixin.py:190} INFO - [2024-12-23T21:56:42.993+0000] {dag.py:3262} INFO - Creating ORM DAG for dataset_consumes_1_and_2
[2024-12-23T21:56:42.994+0000] {logging_mixin.py:190} INFO - [2024-12-23T21:56:42.994+0000] {dag.py:3262} INFO - Creating ORM DAG for dataset_consumes_1
[2024-12-23T21:56:42.996+0000] {logging_mixin.py:190} INFO - [2024-12-23T21:56:42.995+0000] {dag.py:3262} INFO - Creating ORM DAG for consume_1_and_2_with_dataset_expressions
[2024-12-23T21:56:42.998+0000] {logging_mixin.py:190} INFO - [2024-12-23T21:56:42.997+0000] {dag.py:3262} INFO - Creating ORM DAG for consume_1_or_both_2_and_3_with_dataset_expressions
[2024-12-23T21:56:42.999+0000] {logging_mixin.py:190} INFO - [2024-12-23T21:56:42.999+0000] {dag.py:3262} INFO - Creating ORM DAG for conditional_dataset_and_time_based_timetable
[2024-12-23T21:56:43.001+0000] {logging_mixin.py:190} INFO - [2024-12-23T21:56:43.000+0000] {dag.py:3262} INFO - Creating ORM DAG for dataset_consumes_1_never_scheduled
[2024-12-23T21:56:43.018+0000] {logging_mixin.py:190} INFO - [2024-12-23T21:56:43.018+0000] {dag.py:4180} INFO - Setting next_dagrun for conditional_dataset_and_time_based_timetable to 2024-12-18 01:00:00+00:00, run_after=2024-12-18 01:00:00+00:00
[2024-12-23T21:56:43.020+0000] {logging_mixin.py:190} INFO - [2024-12-23T21:56:43.020+0000] {dag.py:4180} INFO - Setting next_dagrun for consume_1_and_2_with_dataset_expressions to None, run_after=None
[2024-12-23T21:56:43.021+0000] {logging_mixin.py:190} INFO - [2024-12-23T21:56:43.021+0000] {dag.py:4180} INFO - Setting next_dagrun for consume_1_or_2_with_dataset_expressions to None, run_after=None
[2024-12-23T21:56:43.023+0000] {logging_mixin.py:190} INFO - [2024-12-23T21:56:43.023+0000] {dag.py:4180} INFO - Setting next_dagrun for consume_1_or_both_2_and_3_with_dataset_expressions to None, run_after=None
[2024-12-23T21:56:43.024+0000] {logging_mixin.py:190} INFO - [2024-12-23T21:56:43.024+0000] {dag.py:4180} INFO - Setting next_dagrun for dataset_consumes_1 to None, run_after=None
[2024-12-23T21:56:43.026+0000] {logging_mixin.py:190} INFO - [2024-12-23T21:56:43.025+0000] {dag.py:4180} INFO - Setting next_dagrun for dataset_consumes_1_and_2 to None, run_after=None
[2024-12-23T21:56:43.027+0000] {logging_mixin.py:190} INFO - [2024-12-23T21:56:43.027+0000] {dag.py:4180} INFO - Setting next_dagrun for dataset_consumes_1_never_scheduled to None, run_after=None
[2024-12-23T21:56:43.028+0000] {logging_mixin.py:190} INFO - [2024-12-23T21:56:43.028+0000] {dag.py:4180} INFO - Setting next_dagrun for dataset_consumes_unknown_never_scheduled to None, run_after=None
[2024-12-23T21:56:43.032+0000] {logging_mixin.py:190} INFO - [2024-12-23T21:56:43.032+0000] {dag.py:4180} INFO - Setting next_dagrun for dataset_produces_1 to 2024-12-22 00:00:00+00:00, run_after=2024-12-23 00:00:00+00:00
[2024-12-23T21:56:43.034+0000] {logging_mixin.py:190} INFO - [2024-12-23T21:56:43.033+0000] {dag.py:4180} INFO - Setting next_dagrun for dataset_produces_2 to None, run_after=None
[2024-12-23T21:56:43.118+0000] {processor.py:208} INFO - Processing /home/airflow/.local/lib/python3.12/site-packages/airflow/example_dags/example_datasets.py took 3.206 seconds
[2024-12-23T21:57:13.256+0000] {processor.py:186} INFO - Started process (PID=145) to work on /home/airflow/.local/lib/python3.12/site-packages/airflow/example_dags/example_datasets.py
[2024-12-23T21:57:13.257+0000] {processor.py:914} INFO - Processing file /home/airflow/.local/lib/python3.12/site-packages/airflow/example_dags/example_datasets.py for tasks to queue
[2024-12-23T21:57:13.259+0000] {logging_mixin.py:190} INFO - [2024-12-23T21:57:13.259+0000] {dagbag.py:588} INFO - Filling up the DagBag from /home/airflow/.local/lib/python3.12/site-packages/airflow/example_dags/example_datasets.py
[2024-12-23T21:57:13.842+0000] {processor.py:925} INFO - DAG(s) 'consume_1_or_both_2_and_3_with_dataset_expressions', 'dataset_consumes_1', 'conditional_dataset_and_time_based_timetable', 'dataset_produces_2', 'dataset_consumes_1_and_2', 'dataset_produces_1', 'dataset_consumes_1_never_scheduled', 'consume_1_and_2_with_dataset_expressions', 'dataset_consumes_unknown_never_scheduled', 'consume_1_or_2_with_dataset_expressions' retrieved from /home/airflow/.local/lib/python3.12/site-packages/airflow/example_dags/example_datasets.py
[2024-12-23T21:57:13.887+0000] {logging_mixin.py:190} INFO - [2024-12-23T21:57:13.886+0000] {dag.py:3239} INFO - Sync 10 DAGs
[2024-12-23T21:57:13.912+0000] {logging_mixin.py:190} INFO - [2024-12-23T21:57:13.911+0000] {dag.py:4180} INFO - Setting next_dagrun for conditional_dataset_and_time_based_timetable to 2024-12-18 01:00:00+00:00, run_after=2024-12-18 01:00:00+00:00
[2024-12-23T21:57:13.916+0000] {logging_mixin.py:190} INFO - [2024-12-23T21:57:13.916+0000] {dag.py:4180} INFO - Setting next_dagrun for consume_1_and_2_with_dataset_expressions to None, run_after=None
[2024-12-23T21:57:13.918+0000] {logging_mixin.py:190} INFO - [2024-12-23T21:57:13.918+0000] {dag.py:4180} INFO - Setting next_dagrun for consume_1_or_2_with_dataset_expressions to None, run_after=None
[2024-12-23T21:57:13.919+0000] {logging_mixin.py:190} INFO - [2024-12-23T21:57:13.919+0000] {dag.py:4180} INFO - Setting next_dagrun for consume_1_or_both_2_and_3_with_dataset_expressions to None, run_after=None
[2024-12-23T21:57:13.921+0000] {logging_mixin.py:190} INFO - [2024-12-23T21:57:13.920+0000] {dag.py:4180} INFO - Setting next_dagrun for dataset_consumes_1 to None, run_after=None
[2024-12-23T21:57:13.922+0000] {logging_mixin.py:190} INFO - [2024-12-23T21:57:13.922+0000] {dag.py:4180} INFO - Setting next_dagrun for dataset_consumes_1_and_2 to None, run_after=None
[2024-12-23T21:57:13.923+0000] {logging_mixin.py:190} INFO - [2024-12-23T21:57:13.923+0000] {dag.py:4180} INFO - Setting next_dagrun for dataset_consumes_1_never_scheduled to None, run_after=None
[2024-12-23T21:57:13.924+0000] {logging_mixin.py:190} INFO - [2024-12-23T21:57:13.924+0000] {dag.py:4180} INFO - Setting next_dagrun for dataset_consumes_unknown_never_scheduled to None, run_after=None
[2024-12-23T21:57:13.927+0000] {logging_mixin.py:190} INFO - [2024-12-23T21:57:13.927+0000] {dag.py:4180} INFO - Setting next_dagrun for dataset_produces_1 to 2024-12-22 00:00:00+00:00, run_after=2024-12-23 00:00:00+00:00
[2024-12-23T21:57:13.929+0000] {logging_mixin.py:190} INFO - [2024-12-23T21:57:13.929+0000] {dag.py:4180} INFO - Setting next_dagrun for dataset_produces_2 to None, run_after=None
[2024-12-23T21:57:13.971+0000] {processor.py:208} INFO - Processing /home/airflow/.local/lib/python3.12/site-packages/airflow/example_dags/example_datasets.py took 0.721 seconds
