[2024-12-23T21:56:47.244+0000] {processor.py:186} INFO - Started process (PID=101) to work on /home/airflow/.local/lib/python3.12/site-packages/airflow/example_dags/example_trigger_target_dag.py
[2024-12-23T21:56:47.246+0000] {processor.py:914} INFO - Processing file /home/airflow/.local/lib/python3.12/site-packages/airflow/example_dags/example_trigger_target_dag.py for tasks to queue
[2024-12-23T21:56:47.251+0000] {logging_mixin.py:190} INFO - [2024-12-23T21:56:47.250+0000] {dagbag.py:588} INFO - Filling up the DagBag from /home/airflow/.local/lib/python3.12/site-packages/airflow/example_dags/example_trigger_target_dag.py
[2024-12-23T21:56:47.260+0000] {processor.py:925} INFO - DAG(s) 'example_trigger_target_dag' retrieved from /home/airflow/.local/lib/python3.12/site-packages/airflow/example_dags/example_trigger_target_dag.py
[2024-12-23T21:56:47.396+0000] {logging_mixin.py:190} INFO - [2024-12-23T21:56:47.395+0000] {override.py:1911} INFO - Created Permission View: can edit on DAG:example_trigger_target_dag
[2024-12-23T21:56:47.409+0000] {logging_mixin.py:190} INFO - [2024-12-23T21:56:47.408+0000] {override.py:1911} INFO - Created Permission View: can delete on DAG:example_trigger_target_dag
[2024-12-23T21:56:47.416+0000] {logging_mixin.py:190} INFO - [2024-12-23T21:56:47.416+0000] {override.py:1911} INFO - Created Permission View: can read on DAG:example_trigger_target_dag
[2024-12-23T21:56:47.425+0000] {logging_mixin.py:190} INFO - [2024-12-23T21:56:47.425+0000] {override.py:1911} INFO - Created Permission View: menu access on DAG Run:example_trigger_target_dag
[2024-12-23T21:56:47.433+0000] {logging_mixin.py:190} INFO - [2024-12-23T21:56:47.433+0000] {override.py:1911} INFO - Created Permission View: can delete on DAG Run:example_trigger_target_dag
[2024-12-23T21:56:47.442+0000] {logging_mixin.py:190} INFO - [2024-12-23T21:56:47.442+0000] {override.py:1911} INFO - Created Permission View: can read on DAG Run:example_trigger_target_dag
[2024-12-23T21:56:47.450+0000] {logging_mixin.py:190} INFO - [2024-12-23T21:56:47.450+0000] {override.py:1911} INFO - Created Permission View: can create on DAG Run:example_trigger_target_dag
[2024-12-23T21:56:47.451+0000] {logging_mixin.py:190} INFO - [2024-12-23T21:56:47.451+0000] {dag.py:3239} INFO - Sync 1 DAGs
[2024-12-23T21:56:47.467+0000] {logging_mixin.py:190} INFO - [2024-12-23T21:56:47.466+0000] {dag.py:3262} INFO - Creating ORM DAG for example_trigger_target_dag
[2024-12-23T21:56:47.468+0000] {logging_mixin.py:190} INFO - [2024-12-23T21:56:47.467+0000] {dag.py:4180} INFO - Setting next_dagrun for example_trigger_target_dag to None, run_after=None
[2024-12-23T21:56:47.487+0000] {processor.py:208} INFO - Processing /home/airflow/.local/lib/python3.12/site-packages/airflow/example_dags/example_trigger_target_dag.py took 0.250 seconds
[2024-12-23T21:57:17.879+0000] {processor.py:186} INFO - Started process (PID=164) to work on /home/airflow/.local/lib/python3.12/site-packages/airflow/example_dags/example_trigger_target_dag.py
[2024-12-23T21:57:17.880+0000] {processor.py:914} INFO - Processing file /home/airflow/.local/lib/python3.12/site-packages/airflow/example_dags/example_trigger_target_dag.py for tasks to queue
[2024-12-23T21:57:17.882+0000] {logging_mixin.py:190} INFO - [2024-12-23T21:57:17.882+0000] {dagbag.py:588} INFO - Filling up the DagBag from /home/airflow/.local/lib/python3.12/site-packages/airflow/example_dags/example_trigger_target_dag.py
[2024-12-23T21:57:17.889+0000] {processor.py:925} INFO - DAG(s) 'example_trigger_target_dag' retrieved from /home/airflow/.local/lib/python3.12/site-packages/airflow/example_dags/example_trigger_target_dag.py
[2024-12-23T21:57:17.906+0000] {logging_mixin.py:190} INFO - [2024-12-23T21:57:17.905+0000] {dag.py:3239} INFO - Sync 1 DAGs
[2024-12-23T21:57:17.918+0000] {logging_mixin.py:190} INFO - [2024-12-23T21:57:17.918+0000] {dag.py:4180} INFO - Setting next_dagrun for example_trigger_target_dag to None, run_after=None
[2024-12-23T21:57:17.937+0000] {processor.py:208} INFO - Processing /home/airflow/.local/lib/python3.12/site-packages/airflow/example_dags/example_trigger_target_dag.py took 0.062 seconds
