[2024-12-23T21:56:40.951+0000] {processor.py:186} INFO - Started process (PID=80) to work on /home/airflow/.local/lib/python3.12/site-packages/airflow/example_dags/example_short_circuit_operator.py
[2024-12-23T21:56:40.953+0000] {processor.py:914} INFO - Processing file /home/airflow/.local/lib/python3.12/site-packages/airflow/example_dags/example_short_circuit_operator.py for tasks to queue
[2024-12-23T21:56:40.956+0000] {logging_mixin.py:190} INFO - [2024-12-23T21:56:40.955+0000] {dagbag.py:588} INFO - Filling up the DagBag from /home/airflow/.local/lib/python3.12/site-packages/airflow/example_dags/example_short_circuit_operator.py
[2024-12-23T21:56:40.971+0000] {processor.py:925} INFO - DAG(s) 'example_short_circuit_operator' retrieved from /home/airflow/.local/lib/python3.12/site-packages/airflow/example_dags/example_short_circuit_operator.py
[2024-12-23T21:56:41.137+0000] {logging_mixin.py:190} INFO - [2024-12-23T21:56:41.136+0000] {override.py:1911} INFO - Created Permission View: can edit on DAG:example_short_circuit_operator
[2024-12-23T21:56:41.156+0000] {logging_mixin.py:190} INFO - [2024-12-23T21:56:41.155+0000] {override.py:1911} INFO - Created Permission View: can delete on DAG:example_short_circuit_operator
[2024-12-23T21:56:41.166+0000] {logging_mixin.py:190} INFO - [2024-12-23T21:56:41.166+0000] {override.py:1911} INFO - Created Permission View: can read on DAG:example_short_circuit_operator
[2024-12-23T21:56:41.179+0000] {logging_mixin.py:190} INFO - [2024-12-23T21:56:41.179+0000] {override.py:1911} INFO - Created Permission View: menu access on DAG Run:example_short_circuit_operator
[2024-12-23T21:56:41.189+0000] {logging_mixin.py:190} INFO - [2024-12-23T21:56:41.188+0000] {override.py:1911} INFO - Created Permission View: can delete on DAG Run:example_short_circuit_operator
[2024-12-23T21:56:41.202+0000] {logging_mixin.py:190} INFO - [2024-12-23T21:56:41.201+0000] {override.py:1911} INFO - Created Permission View: can read on DAG Run:example_short_circuit_operator
[2024-12-23T21:56:41.212+0000] {logging_mixin.py:190} INFO - [2024-12-23T21:56:41.211+0000] {override.py:1911} INFO - Created Permission View: can create on DAG Run:example_short_circuit_operator
[2024-12-23T21:56:41.212+0000] {logging_mixin.py:190} INFO - [2024-12-23T21:56:41.212+0000] {dag.py:3239} INFO - Sync 1 DAGs
[2024-12-23T21:56:41.234+0000] {logging_mixin.py:190} INFO - [2024-12-23T21:56:41.234+0000] {dag.py:3262} INFO - Creating ORM DAG for example_short_circuit_operator
[2024-12-23T21:56:41.236+0000] {logging_mixin.py:190} INFO - [2024-12-23T21:56:41.235+0000] {dag.py:4180} INFO - Setting next_dagrun for example_short_circuit_operator to None, run_after=None
[2024-12-23T21:56:41.260+0000] {processor.py:208} INFO - Processing /home/airflow/.local/lib/python3.12/site-packages/airflow/example_dags/example_short_circuit_operator.py took 0.318 seconds
[2024-12-23T21:57:12.085+0000] {processor.py:186} INFO - Started process (PID=142) to work on /home/airflow/.local/lib/python3.12/site-packages/airflow/example_dags/example_short_circuit_operator.py
[2024-12-23T21:57:12.086+0000] {processor.py:914} INFO - Processing file /home/airflow/.local/lib/python3.12/site-packages/airflow/example_dags/example_short_circuit_operator.py for tasks to queue
[2024-12-23T21:57:12.089+0000] {logging_mixin.py:190} INFO - [2024-12-23T21:57:12.088+0000] {dagbag.py:588} INFO - Filling up the DagBag from /home/airflow/.local/lib/python3.12/site-packages/airflow/example_dags/example_short_circuit_operator.py
[2024-12-23T21:57:12.097+0000] {processor.py:925} INFO - DAG(s) 'example_short_circuit_operator' retrieved from /home/airflow/.local/lib/python3.12/site-packages/airflow/example_dags/example_short_circuit_operator.py
[2024-12-23T21:57:12.120+0000] {logging_mixin.py:190} INFO - [2024-12-23T21:57:12.120+0000] {dag.py:3239} INFO - Sync 1 DAGs
[2024-12-23T21:57:12.134+0000] {logging_mixin.py:190} INFO - [2024-12-23T21:57:12.134+0000] {dag.py:4180} INFO - Setting next_dagrun for example_short_circuit_operator to None, run_after=None
[2024-12-23T21:57:12.159+0000] {processor.py:208} INFO - Processing /home/airflow/.local/lib/python3.12/site-packages/airflow/example_dags/example_short_circuit_operator.py took 0.079 seconds
