[2024-12-23T21:56:48.141+0000] {processor.py:186} INFO - Started process (PID=107) to work on /home/airflow/.local/lib/python3.12/site-packages/airflow/example_dags/example_branch_datetime_operator.py
[2024-12-23T21:56:48.142+0000] {processor.py:914} INFO - Processing file /home/airflow/.local/lib/python3.12/site-packages/airflow/example_dags/example_branch_datetime_operator.py for tasks to queue
[2024-12-23T21:56:48.146+0000] {logging_mixin.py:190} INFO - [2024-12-23T21:56:48.145+0000] {dagbag.py:588} INFO - Filling up the DagBag from /home/airflow/.local/lib/python3.12/site-packages/airflow/example_dags/example_branch_datetime_operator.py
[2024-12-23T21:56:48.161+0000] {processor.py:925} INFO - DAG(s) 'example_branch_datetime_operator_3', 'example_branch_datetime_operator_2', 'example_branch_datetime_operator' retrieved from /home/airflow/.local/lib/python3.12/site-packages/airflow/example_dags/example_branch_datetime_operator.py
[2024-12-23T21:56:48.322+0000] {logging_mixin.py:190} INFO - [2024-12-23T21:56:48.321+0000] {override.py:1911} INFO - Created Permission View: can edit on DAG:example_branch_datetime_operator_3
[2024-12-23T21:56:48.339+0000] {logging_mixin.py:190} INFO - [2024-12-23T21:56:48.339+0000] {override.py:1911} INFO - Created Permission View: can delete on DAG:example_branch_datetime_operator_3
[2024-12-23T21:56:48.346+0000] {logging_mixin.py:190} INFO - [2024-12-23T21:56:48.346+0000] {override.py:1911} INFO - Created Permission View: can read on DAG:example_branch_datetime_operator_3
[2024-12-23T21:56:48.355+0000] {logging_mixin.py:190} INFO - [2024-12-23T21:56:48.355+0000] {override.py:1911} INFO - Created Permission View: menu access on DAG Run:example_branch_datetime_operator_3
[2024-12-23T21:56:48.364+0000] {logging_mixin.py:190} INFO - [2024-12-23T21:56:48.363+0000] {override.py:1911} INFO - Created Permission View: can delete on DAG Run:example_branch_datetime_operator_3
[2024-12-23T21:56:48.372+0000] {logging_mixin.py:190} INFO - [2024-12-23T21:56:48.372+0000] {override.py:1911} INFO - Created Permission View: can read on DAG Run:example_branch_datetime_operator_3
[2024-12-23T21:56:48.380+0000] {logging_mixin.py:190} INFO - [2024-12-23T21:56:48.380+0000] {override.py:1911} INFO - Created Permission View: can create on DAG Run:example_branch_datetime_operator_3
[2024-12-23T21:56:48.397+0000] {logging_mixin.py:190} INFO - [2024-12-23T21:56:48.397+0000] {override.py:1911} INFO - Created Permission View: can edit on DAG:example_branch_datetime_operator_2
[2024-12-23T21:56:48.406+0000] {logging_mixin.py:190} INFO - [2024-12-23T21:56:48.406+0000] {override.py:1911} INFO - Created Permission View: can delete on DAG:example_branch_datetime_operator_2
[2024-12-23T21:56:48.416+0000] {logging_mixin.py:190} INFO - [2024-12-23T21:56:48.415+0000] {override.py:1911} INFO - Created Permission View: can read on DAG:example_branch_datetime_operator_2
[2024-12-23T21:56:48.425+0000] {logging_mixin.py:190} INFO - [2024-12-23T21:56:48.425+0000] {override.py:1911} INFO - Created Permission View: menu access on DAG Run:example_branch_datetime_operator_2
[2024-12-23T21:56:48.433+0000] {logging_mixin.py:190} INFO - [2024-12-23T21:56:48.433+0000] {override.py:1911} INFO - Created Permission View: can delete on DAG Run:example_branch_datetime_operator_2
[2024-12-23T21:56:48.442+0000] {logging_mixin.py:190} INFO - [2024-12-23T21:56:48.442+0000] {override.py:1911} INFO - Created Permission View: can read on DAG Run:example_branch_datetime_operator_2
[2024-12-23T21:56:48.451+0000] {logging_mixin.py:190} INFO - [2024-12-23T21:56:48.451+0000] {override.py:1911} INFO - Created Permission View: can create on DAG Run:example_branch_datetime_operator_2
[2024-12-23T21:56:48.467+0000] {logging_mixin.py:190} INFO - [2024-12-23T21:56:48.467+0000] {override.py:1911} INFO - Created Permission View: can edit on DAG:example_branch_datetime_operator
[2024-12-23T21:56:48.475+0000] {logging_mixin.py:190} INFO - [2024-12-23T21:56:48.475+0000] {override.py:1911} INFO - Created Permission View: can delete on DAG:example_branch_datetime_operator
[2024-12-23T21:56:48.483+0000] {logging_mixin.py:190} INFO - [2024-12-23T21:56:48.482+0000] {override.py:1911} INFO - Created Permission View: can read on DAG:example_branch_datetime_operator
[2024-12-23T21:56:48.491+0000] {logging_mixin.py:190} INFO - [2024-12-23T21:56:48.491+0000] {override.py:1911} INFO - Created Permission View: menu access on DAG Run:example_branch_datetime_operator
[2024-12-23T21:56:48.499+0000] {logging_mixin.py:190} INFO - [2024-12-23T21:56:48.499+0000] {override.py:1911} INFO - Created Permission View: can delete on DAG Run:example_branch_datetime_operator
[2024-12-23T21:56:48.512+0000] {logging_mixin.py:190} INFO - [2024-12-23T21:56:48.512+0000] {override.py:1911} INFO - Created Permission View: can read on DAG Run:example_branch_datetime_operator
[2024-12-23T21:56:48.522+0000] {logging_mixin.py:190} INFO - [2024-12-23T21:56:48.521+0000] {override.py:1911} INFO - Created Permission View: can create on DAG Run:example_branch_datetime_operator
[2024-12-23T21:56:48.523+0000] {logging_mixin.py:190} INFO - [2024-12-23T21:56:48.522+0000] {dag.py:3239} INFO - Sync 3 DAGs
[2024-12-23T21:56:48.548+0000] {logging_mixin.py:190} INFO - [2024-12-23T21:56:48.547+0000] {dag.py:3262} INFO - Creating ORM DAG for example_branch_datetime_operator
[2024-12-23T21:56:48.549+0000] {logging_mixin.py:190} INFO - [2024-12-23T21:56:48.549+0000] {dag.py:3262} INFO - Creating ORM DAG for example_branch_datetime_operator_2
[2024-12-23T21:56:48.550+0000] {logging_mixin.py:190} INFO - [2024-12-23T21:56:48.550+0000] {dag.py:3262} INFO - Creating ORM DAG for example_branch_datetime_operator_3
[2024-12-23T21:56:48.566+0000] {logging_mixin.py:190} INFO - [2024-12-23T21:56:48.566+0000] {dag.py:4180} INFO - Setting next_dagrun for example_branch_datetime_operator to 2024-12-22 00:00:00+00:00, run_after=2024-12-23 00:00:00+00:00
[2024-12-23T21:56:48.570+0000] {logging_mixin.py:190} INFO - [2024-12-23T21:56:48.570+0000] {dag.py:4180} INFO - Setting next_dagrun for example_branch_datetime_operator_2 to 2024-12-22 00:00:00+00:00, run_after=2024-12-23 00:00:00+00:00
[2024-12-23T21:56:48.574+0000] {logging_mixin.py:190} INFO - [2024-12-23T21:56:48.573+0000] {dag.py:4180} INFO - Setting next_dagrun for example_branch_datetime_operator_3 to 2024-12-22 00:00:00+00:00, run_after=2024-12-23 00:00:00+00:00
[2024-12-23T21:56:48.601+0000] {processor.py:208} INFO - Processing /home/airflow/.local/lib/python3.12/site-packages/airflow/example_dags/example_branch_datetime_operator.py took 0.467 seconds
[2024-12-23T21:57:19.197+0000] {processor.py:186} INFO - Started process (PID=169) to work on /home/airflow/.local/lib/python3.12/site-packages/airflow/example_dags/example_branch_datetime_operator.py
[2024-12-23T21:57:19.198+0000] {processor.py:914} INFO - Processing file /home/airflow/.local/lib/python3.12/site-packages/airflow/example_dags/example_branch_datetime_operator.py for tasks to queue
[2024-12-23T21:57:19.200+0000] {logging_mixin.py:190} INFO - [2024-12-23T21:57:19.200+0000] {dagbag.py:588} INFO - Filling up the DagBag from /home/airflow/.local/lib/python3.12/site-packages/airflow/example_dags/example_branch_datetime_operator.py
[2024-12-23T21:57:19.214+0000] {processor.py:925} INFO - DAG(s) 'example_branch_datetime_operator', 'example_branch_datetime_operator_2', 'example_branch_datetime_operator_3' retrieved from /home/airflow/.local/lib/python3.12/site-packages/airflow/example_dags/example_branch_datetime_operator.py
[2024-12-23T21:57:19.237+0000] {logging_mixin.py:190} INFO - [2024-12-23T21:57:19.237+0000] {dag.py:3239} INFO - Sync 3 DAGs
[2024-12-23T21:57:19.259+0000] {logging_mixin.py:190} INFO - [2024-12-23T21:57:19.259+0000] {dag.py:4180} INFO - Setting next_dagrun for example_branch_datetime_operator to 2024-12-22 00:00:00+00:00, run_after=2024-12-23 00:00:00+00:00
[2024-12-23T21:57:19.264+0000] {logging_mixin.py:190} INFO - [2024-12-23T21:57:19.264+0000] {dag.py:4180} INFO - Setting next_dagrun for example_branch_datetime_operator_2 to 2024-12-22 00:00:00+00:00, run_after=2024-12-23 00:00:00+00:00
[2024-12-23T21:57:19.267+0000] {logging_mixin.py:190} INFO - [2024-12-23T21:57:19.267+0000] {dag.py:4180} INFO - Setting next_dagrun for example_branch_datetime_operator_3 to 2024-12-22 00:00:00+00:00, run_after=2024-12-23 00:00:00+00:00
[2024-12-23T21:57:19.282+0000] {processor.py:208} INFO - Processing /home/airflow/.local/lib/python3.12/site-packages/airflow/example_dags/example_branch_datetime_operator.py took 0.090 seconds
