[2024-12-23T21:56:47.664+0000] {processor.py:186} INFO - Started process (PID=104) to work on /home/airflow/.local/lib/python3.12/site-packages/airflow/example_dags/example_python_operator.py
[2024-12-23T21:56:47.666+0000] {processor.py:914} INFO - Processing file /home/airflow/.local/lib/python3.12/site-packages/airflow/example_dags/example_python_operator.py for tasks to queue
[2024-12-23T21:56:47.669+0000] {logging_mixin.py:190} INFO - [2024-12-23T21:56:47.669+0000] {dagbag.py:588} INFO - Filling up the DagBag from /home/airflow/.local/lib/python3.12/site-packages/airflow/example_dags/example_python_operator.py
[2024-12-23T21:56:47.690+0000] {processor.py:925} INFO - DAG(s) 'example_python_operator' retrieved from /home/airflow/.local/lib/python3.12/site-packages/airflow/example_dags/example_python_operator.py
[2024-12-23T21:56:47.825+0000] {logging_mixin.py:190} INFO - [2024-12-23T21:56:47.824+0000] {override.py:1911} INFO - Created Permission View: can edit on DAG:example_python_operator
[2024-12-23T21:56:47.840+0000] {logging_mixin.py:190} INFO - [2024-12-23T21:56:47.839+0000] {override.py:1911} INFO - Created Permission View: can delete on DAG:example_python_operator
[2024-12-23T21:56:47.849+0000] {logging_mixin.py:190} INFO - [2024-12-23T21:56:47.849+0000] {override.py:1911} INFO - Created Permission View: can read on DAG:example_python_operator
[2024-12-23T21:56:47.859+0000] {logging_mixin.py:190} INFO - [2024-12-23T21:56:47.858+0000] {override.py:1911} INFO - Created Permission View: menu access on DAG Run:example_python_operator
[2024-12-23T21:56:47.873+0000] {logging_mixin.py:190} INFO - [2024-12-23T21:56:47.873+0000] {override.py:1911} INFO - Created Permission View: can delete on DAG Run:example_python_operator
[2024-12-23T21:56:47.884+0000] {logging_mixin.py:190} INFO - [2024-12-23T21:56:47.884+0000] {override.py:1911} INFO - Created Permission View: can read on DAG Run:example_python_operator
[2024-12-23T21:56:47.898+0000] {logging_mixin.py:190} INFO - [2024-12-23T21:56:47.898+0000] {override.py:1911} INFO - Created Permission View: can create on DAG Run:example_python_operator
[2024-12-23T21:56:47.899+0000] {logging_mixin.py:190} INFO - [2024-12-23T21:56:47.899+0000] {dag.py:3239} INFO - Sync 1 DAGs
[2024-12-23T21:56:47.917+0000] {logging_mixin.py:190} INFO - [2024-12-23T21:56:47.916+0000] {dag.py:3262} INFO - Creating ORM DAG for example_python_operator
[2024-12-23T21:56:47.918+0000] {logging_mixin.py:190} INFO - [2024-12-23T21:56:47.917+0000] {dag.py:4180} INFO - Setting next_dagrun for example_python_operator to None, run_after=None
[2024-12-23T21:56:47.938+0000] {processor.py:208} INFO - Processing /home/airflow/.local/lib/python3.12/site-packages/airflow/example_dags/example_python_operator.py took 0.280 seconds
[2024-12-23T21:57:18.086+0000] {processor.py:186} INFO - Started process (PID=167) to work on /home/airflow/.local/lib/python3.12/site-packages/airflow/example_dags/example_python_operator.py
[2024-12-23T21:57:18.087+0000] {processor.py:914} INFO - Processing file /home/airflow/.local/lib/python3.12/site-packages/airflow/example_dags/example_python_operator.py for tasks to queue
[2024-12-23T21:57:18.088+0000] {logging_mixin.py:190} INFO - [2024-12-23T21:57:18.088+0000] {dagbag.py:588} INFO - Filling up the DagBag from /home/airflow/.local/lib/python3.12/site-packages/airflow/example_dags/example_python_operator.py
[2024-12-23T21:57:18.099+0000] {processor.py:925} INFO - DAG(s) 'example_python_operator' retrieved from /home/airflow/.local/lib/python3.12/site-packages/airflow/example_dags/example_python_operator.py
[2024-12-23T21:57:18.119+0000] {logging_mixin.py:190} INFO - [2024-12-23T21:57:18.119+0000] {dag.py:3239} INFO - Sync 1 DAGs
[2024-12-23T21:57:18.132+0000] {logging_mixin.py:190} INFO - [2024-12-23T21:57:18.131+0000] {dag.py:4180} INFO - Setting next_dagrun for example_python_operator to None, run_after=None
[2024-12-23T21:57:18.151+0000] {processor.py:208} INFO - Processing /home/airflow/.local/lib/python3.12/site-packages/airflow/example_dags/example_python_operator.py took 0.070 seconds
