[2024-12-23T21:56:41.301+0000] {processor.py:186} INFO - Started process (PID=81) to work on /home/airflow/.local/lib/python3.12/site-packages/airflow/example_dags/example_params_trigger_ui.py
[2024-12-23T21:56:41.303+0000] {processor.py:914} INFO - Processing file /home/airflow/.local/lib/python3.12/site-packages/airflow/example_dags/example_params_trigger_ui.py for tasks to queue
[2024-12-23T21:56:41.306+0000] {logging_mixin.py:190} INFO - [2024-12-23T21:56:41.305+0000] {dagbag.py:588} INFO - Filling up the DagBag from /home/airflow/.local/lib/python3.12/site-packages/airflow/example_dags/example_params_trigger_ui.py
[2024-12-23T21:56:41.325+0000] {processor.py:925} INFO - DAG(s) 'example_params_trigger_ui' retrieved from /home/airflow/.local/lib/python3.12/site-packages/airflow/example_dags/example_params_trigger_ui.py
[2024-12-23T21:56:41.554+0000] {logging_mixin.py:190} INFO - [2024-12-23T21:56:41.554+0000] {override.py:1911} INFO - Created Permission View: can edit on DAG:example_params_trigger_ui
[2024-12-23T21:56:41.570+0000] {logging_mixin.py:190} INFO - [2024-12-23T21:56:41.569+0000] {override.py:1911} INFO - Created Permission View: can delete on DAG:example_params_trigger_ui
[2024-12-23T21:56:41.582+0000] {logging_mixin.py:190} INFO - [2024-12-23T21:56:41.582+0000] {override.py:1911} INFO - Created Permission View: can read on DAG:example_params_trigger_ui
[2024-12-23T21:56:41.596+0000] {logging_mixin.py:190} INFO - [2024-12-23T21:56:41.595+0000] {override.py:1911} INFO - Created Permission View: menu access on DAG Run:example_params_trigger_ui
[2024-12-23T21:56:41.607+0000] {logging_mixin.py:190} INFO - [2024-12-23T21:56:41.606+0000] {override.py:1911} INFO - Created Permission View: can delete on DAG Run:example_params_trigger_ui
[2024-12-23T21:56:41.616+0000] {logging_mixin.py:190} INFO - [2024-12-23T21:56:41.616+0000] {override.py:1911} INFO - Created Permission View: can read on DAG Run:example_params_trigger_ui
[2024-12-23T21:56:41.630+0000] {logging_mixin.py:190} INFO - [2024-12-23T21:56:41.630+0000] {override.py:1911} INFO - Created Permission View: can create on DAG Run:example_params_trigger_ui
[2024-12-23T21:56:41.631+0000] {logging_mixin.py:190} INFO - [2024-12-23T21:56:41.631+0000] {dag.py:3239} INFO - Sync 1 DAGs
[2024-12-23T21:56:41.647+0000] {logging_mixin.py:190} INFO - [2024-12-23T21:56:41.647+0000] {dag.py:3262} INFO - Creating ORM DAG for example_params_trigger_ui
[2024-12-23T21:56:41.648+0000] {logging_mixin.py:190} INFO - [2024-12-23T21:56:41.648+0000] {dag.py:4180} INFO - Setting next_dagrun for example_params_trigger_ui to None, run_after=None
[2024-12-23T21:56:41.671+0000] {processor.py:208} INFO - Processing /home/airflow/.local/lib/python3.12/site-packages/airflow/example_dags/example_params_trigger_ui.py took 0.379 seconds
[2024-12-23T21:57:12.086+0000] {processor.py:186} INFO - Started process (PID=143) to work on /home/airflow/.local/lib/python3.12/site-packages/airflow/example_dags/example_params_trigger_ui.py
[2024-12-23T21:57:12.087+0000] {processor.py:914} INFO - Processing file /home/airflow/.local/lib/python3.12/site-packages/airflow/example_dags/example_params_trigger_ui.py for tasks to queue
[2024-12-23T21:57:12.089+0000] {logging_mixin.py:190} INFO - [2024-12-23T21:57:12.089+0000] {dagbag.py:588} INFO - Filling up the DagBag from /home/airflow/.local/lib/python3.12/site-packages/airflow/example_dags/example_params_trigger_ui.py
[2024-12-23T21:57:12.100+0000] {processor.py:925} INFO - DAG(s) 'example_params_trigger_ui' retrieved from /home/airflow/.local/lib/python3.12/site-packages/airflow/example_dags/example_params_trigger_ui.py
[2024-12-23T21:57:12.142+0000] {logging_mixin.py:190} INFO - [2024-12-23T21:57:12.142+0000] {dag.py:3239} INFO - Sync 1 DAGs
[2024-12-23T21:57:12.157+0000] {logging_mixin.py:190} INFO - [2024-12-23T21:57:12.157+0000] {dag.py:4180} INFO - Setting next_dagrun for example_params_trigger_ui to None, run_after=None
[2024-12-23T21:57:12.180+0000] {processor.py:208} INFO - Processing /home/airflow/.local/lib/python3.12/site-packages/airflow/example_dags/example_params_trigger_ui.py took 0.099 seconds
