[2024-12-23T21:56:50.781+0000] {processor.py:186} INFO - Started process (PID=120) to work on /home/airflow/.local/lib/python3.12/site-packages/airflow/example_dags/example_kubernetes_executor.py
[2024-12-23T21:56:50.782+0000] {processor.py:914} INFO - Processing file /home/airflow/.local/lib/python3.12/site-packages/airflow/example_dags/example_kubernetes_executor.py for tasks to queue
[2024-12-23T21:56:50.785+0000] {logging_mixin.py:190} INFO - [2024-12-23T21:56:50.784+0000] {dagbag.py:588} INFO - Filling up the DagBag from /home/airflow/.local/lib/python3.12/site-packages/airflow/example_dags/example_kubernetes_executor.py
[2024-12-23T21:56:50.804+0000] {processor.py:925} INFO - DAG(s) 'example_kubernetes_executor' retrieved from /home/airflow/.local/lib/python3.12/site-packages/airflow/example_dags/example_kubernetes_executor.py
[2024-12-23T21:56:50.954+0000] {logging_mixin.py:190} INFO - [2024-12-23T21:56:50.953+0000] {override.py:1911} INFO - Created Permission View: can edit on DAG:example_kubernetes_executor
[2024-12-23T21:56:50.968+0000] {logging_mixin.py:190} INFO - [2024-12-23T21:56:50.968+0000] {override.py:1911} INFO - Created Permission View: can delete on DAG:example_kubernetes_executor
[2024-12-23T21:56:50.975+0000] {logging_mixin.py:190} INFO - [2024-12-23T21:56:50.975+0000] {override.py:1911} INFO - Created Permission View: can read on DAG:example_kubernetes_executor
[2024-12-23T21:56:50.986+0000] {logging_mixin.py:190} INFO - [2024-12-23T21:56:50.986+0000] {override.py:1911} INFO - Created Permission View: menu access on DAG Run:example_kubernetes_executor
[2024-12-23T21:56:50.995+0000] {logging_mixin.py:190} INFO - [2024-12-23T21:56:50.995+0000] {override.py:1911} INFO - Created Permission View: can delete on DAG Run:example_kubernetes_executor
[2024-12-23T21:56:51.003+0000] {logging_mixin.py:190} INFO - [2024-12-23T21:56:51.002+0000] {override.py:1911} INFO - Created Permission View: can read on DAG Run:example_kubernetes_executor
[2024-12-23T21:56:51.011+0000] {logging_mixin.py:190} INFO - [2024-12-23T21:56:51.011+0000] {override.py:1911} INFO - Created Permission View: can create on DAG Run:example_kubernetes_executor
[2024-12-23T21:56:51.012+0000] {logging_mixin.py:190} INFO - [2024-12-23T21:56:51.012+0000] {dag.py:3239} INFO - Sync 1 DAGs
[2024-12-23T21:56:51.030+0000] {logging_mixin.py:190} INFO - [2024-12-23T21:56:51.030+0000] {dag.py:3262} INFO - Creating ORM DAG for example_kubernetes_executor
[2024-12-23T21:56:51.032+0000] {logging_mixin.py:190} INFO - [2024-12-23T21:56:51.031+0000] {dag.py:4180} INFO - Setting next_dagrun for example_kubernetes_executor to None, run_after=None
[2024-12-23T21:56:51.053+0000] {processor.py:208} INFO - Processing /home/airflow/.local/lib/python3.12/site-packages/airflow/example_dags/example_kubernetes_executor.py took 0.280 seconds
[2024-12-23T21:57:21.727+0000] {processor.py:186} INFO - Started process (PID=183) to work on /home/airflow/.local/lib/python3.12/site-packages/airflow/example_dags/example_kubernetes_executor.py
[2024-12-23T21:57:21.728+0000] {processor.py:914} INFO - Processing file /home/airflow/.local/lib/python3.12/site-packages/airflow/example_dags/example_kubernetes_executor.py for tasks to queue
[2024-12-23T21:57:21.730+0000] {logging_mixin.py:190} INFO - [2024-12-23T21:57:21.729+0000] {dagbag.py:588} INFO - Filling up the DagBag from /home/airflow/.local/lib/python3.12/site-packages/airflow/example_dags/example_kubernetes_executor.py
[2024-12-23T21:57:21.742+0000] {processor.py:925} INFO - DAG(s) 'example_kubernetes_executor' retrieved from /home/airflow/.local/lib/python3.12/site-packages/airflow/example_dags/example_kubernetes_executor.py
[2024-12-23T21:57:21.761+0000] {logging_mixin.py:190} INFO - [2024-12-23T21:57:21.761+0000] {dag.py:3239} INFO - Sync 1 DAGs
[2024-12-23T21:57:21.774+0000] {logging_mixin.py:190} INFO - [2024-12-23T21:57:21.774+0000] {dag.py:4180} INFO - Setting next_dagrun for example_kubernetes_executor to None, run_after=None
[2024-12-23T21:57:21.791+0000] {processor.py:208} INFO - Processing /home/airflow/.local/lib/python3.12/site-packages/airflow/example_dags/example_kubernetes_executor.py took 0.069 seconds
