[2024-12-23T21:56:46.920+0000] {processor.py:186} INFO - Started process (PID=99) to work on /home/airflow/.local/lib/python3.12/site-packages/airflow/example_dags/example_external_task_marker_dag.py
[2024-12-23T21:56:46.921+0000] {processor.py:914} INFO - Processing file /home/airflow/.local/lib/python3.12/site-packages/airflow/example_dags/example_external_task_marker_dag.py for tasks to queue
[2024-12-23T21:56:46.924+0000] {logging_mixin.py:190} INFO - [2024-12-23T21:56:46.923+0000] {dagbag.py:588} INFO - Filling up the DagBag from /home/airflow/.local/lib/python3.12/site-packages/airflow/example_dags/example_external_task_marker_dag.py
[2024-12-23T21:56:46.936+0000] {processor.py:925} INFO - DAG(s) 'example_external_task_marker_child', 'example_external_task_marker_parent' retrieved from /home/airflow/.local/lib/python3.12/site-packages/airflow/example_dags/example_external_task_marker_dag.py
[2024-12-23T21:56:47.060+0000] {logging_mixin.py:190} INFO - [2024-12-23T21:56:47.059+0000] {override.py:1911} INFO - Created Permission View: can edit on DAG:example_external_task_marker_child
[2024-12-23T21:56:47.072+0000] {logging_mixin.py:190} INFO - [2024-12-23T21:56:47.071+0000] {override.py:1911} INFO - Created Permission View: can delete on DAG:example_external_task_marker_child
[2024-12-23T21:56:47.079+0000] {logging_mixin.py:190} INFO - [2024-12-23T21:56:47.079+0000] {override.py:1911} INFO - Created Permission View: can read on DAG:example_external_task_marker_child
[2024-12-23T21:56:47.088+0000] {logging_mixin.py:190} INFO - [2024-12-23T21:56:47.088+0000] {override.py:1911} INFO - Created Permission View: menu access on DAG Run:example_external_task_marker_child
[2024-12-23T21:56:47.096+0000] {logging_mixin.py:190} INFO - [2024-12-23T21:56:47.095+0000] {override.py:1911} INFO - Created Permission View: can delete on DAG Run:example_external_task_marker_child
[2024-12-23T21:56:47.103+0000] {logging_mixin.py:190} INFO - [2024-12-23T21:56:47.103+0000] {override.py:1911} INFO - Created Permission View: can read on DAG Run:example_external_task_marker_child
[2024-12-23T21:56:47.111+0000] {logging_mixin.py:190} INFO - [2024-12-23T21:56:47.110+0000] {override.py:1911} INFO - Created Permission View: can create on DAG Run:example_external_task_marker_child
[2024-12-23T21:56:47.124+0000] {logging_mixin.py:190} INFO - [2024-12-23T21:56:47.124+0000] {override.py:1911} INFO - Created Permission View: can edit on DAG:example_external_task_marker_parent
[2024-12-23T21:56:47.131+0000] {logging_mixin.py:190} INFO - [2024-12-23T21:56:47.131+0000] {override.py:1911} INFO - Created Permission View: can delete on DAG:example_external_task_marker_parent
[2024-12-23T21:56:47.138+0000] {logging_mixin.py:190} INFO - [2024-12-23T21:56:47.137+0000] {override.py:1911} INFO - Created Permission View: can read on DAG:example_external_task_marker_parent
[2024-12-23T21:56:47.146+0000] {logging_mixin.py:190} INFO - [2024-12-23T21:56:47.146+0000] {override.py:1911} INFO - Created Permission View: menu access on DAG Run:example_external_task_marker_parent
[2024-12-23T21:56:47.153+0000] {logging_mixin.py:190} INFO - [2024-12-23T21:56:47.153+0000] {override.py:1911} INFO - Created Permission View: can delete on DAG Run:example_external_task_marker_parent
[2024-12-23T21:56:47.160+0000] {logging_mixin.py:190} INFO - [2024-12-23T21:56:47.160+0000] {override.py:1911} INFO - Created Permission View: can read on DAG Run:example_external_task_marker_parent
[2024-12-23T21:56:47.168+0000] {logging_mixin.py:190} INFO - [2024-12-23T21:56:47.168+0000] {override.py:1911} INFO - Created Permission View: can create on DAG Run:example_external_task_marker_parent
[2024-12-23T21:56:47.169+0000] {logging_mixin.py:190} INFO - [2024-12-23T21:56:47.169+0000] {dag.py:3239} INFO - Sync 2 DAGs
[2024-12-23T21:56:47.184+0000] {logging_mixin.py:190} INFO - [2024-12-23T21:56:47.184+0000] {dag.py:3262} INFO - Creating ORM DAG for example_external_task_marker_child
[2024-12-23T21:56:47.185+0000] {logging_mixin.py:190} INFO - [2024-12-23T21:56:47.185+0000] {dag.py:3262} INFO - Creating ORM DAG for example_external_task_marker_parent
[2024-12-23T21:56:47.186+0000] {logging_mixin.py:190} INFO - [2024-12-23T21:56:47.186+0000] {dag.py:4180} INFO - Setting next_dagrun for example_external_task_marker_child to None, run_after=None
[2024-12-23T21:56:47.187+0000] {logging_mixin.py:190} INFO - [2024-12-23T21:56:47.187+0000] {dag.py:4180} INFO - Setting next_dagrun for example_external_task_marker_parent to None, run_after=None
[2024-12-23T21:56:47.208+0000] {processor.py:208} INFO - Processing /home/airflow/.local/lib/python3.12/site-packages/airflow/example_dags/example_external_task_marker_dag.py took 0.295 seconds
[2024-12-23T21:57:17.776+0000] {processor.py:186} INFO - Started process (PID=162) to work on /home/airflow/.local/lib/python3.12/site-packages/airflow/example_dags/example_external_task_marker_dag.py
[2024-12-23T21:57:17.777+0000] {processor.py:914} INFO - Processing file /home/airflow/.local/lib/python3.12/site-packages/airflow/example_dags/example_external_task_marker_dag.py for tasks to queue
[2024-12-23T21:57:17.779+0000] {logging_mixin.py:190} INFO - [2024-12-23T21:57:17.778+0000] {dagbag.py:588} INFO - Filling up the DagBag from /home/airflow/.local/lib/python3.12/site-packages/airflow/example_dags/example_external_task_marker_dag.py
[2024-12-23T21:57:17.786+0000] {processor.py:925} INFO - DAG(s) 'example_external_task_marker_child', 'example_external_task_marker_parent' retrieved from /home/airflow/.local/lib/python3.12/site-packages/airflow/example_dags/example_external_task_marker_dag.py
[2024-12-23T21:57:17.808+0000] {logging_mixin.py:190} INFO - [2024-12-23T21:57:17.807+0000] {dag.py:3239} INFO - Sync 2 DAGs
[2024-12-23T21:57:17.820+0000] {logging_mixin.py:190} INFO - [2024-12-23T21:57:17.820+0000] {dag.py:4180} INFO - Setting next_dagrun for example_external_task_marker_child to None, run_after=None
[2024-12-23T21:57:17.824+0000] {logging_mixin.py:190} INFO - [2024-12-23T21:57:17.824+0000] {dag.py:4180} INFO - Setting next_dagrun for example_external_task_marker_parent to None, run_after=None
[2024-12-23T21:57:17.847+0000] {processor.py:208} INFO - Processing /home/airflow/.local/lib/python3.12/site-packages/airflow/example_dags/example_external_task_marker_dag.py took 0.076 seconds
