[2024-12-23T21:56:49.674+0000] {processor.py:186} INFO - Started process (PID=112) to work on /home/airflow/.local/lib/python3.12/site-packages/airflow/example_dags/example_skip_dag.py
[2024-12-23T21:56:49.675+0000] {processor.py:914} INFO - Processing file /home/airflow/.local/lib/python3.12/site-packages/airflow/example_dags/example_skip_dag.py for tasks to queue
[2024-12-23T21:56:49.678+0000] {logging_mixin.py:190} INFO - [2024-12-23T21:56:49.677+0000] {dagbag.py:588} INFO - Filling up the DagBag from /home/airflow/.local/lib/python3.12/site-packages/airflow/example_dags/example_skip_dag.py
[2024-12-23T21:56:49.688+0000] {processor.py:925} INFO - DAG(s) 'example_skip_dag' retrieved from /home/airflow/.local/lib/python3.12/site-packages/airflow/example_dags/example_skip_dag.py
[2024-12-23T21:56:49.813+0000] {logging_mixin.py:190} INFO - [2024-12-23T21:56:49.812+0000] {override.py:1911} INFO - Created Permission View: can edit on DAG:example_skip_dag
[2024-12-23T21:56:49.825+0000] {logging_mixin.py:190} INFO - [2024-12-23T21:56:49.825+0000] {override.py:1911} INFO - Created Permission View: can delete on DAG:example_skip_dag
[2024-12-23T21:56:49.833+0000] {logging_mixin.py:190} INFO - [2024-12-23T21:56:49.833+0000] {override.py:1911} INFO - Created Permission View: can read on DAG:example_skip_dag
[2024-12-23T21:56:49.842+0000] {logging_mixin.py:190} INFO - [2024-12-23T21:56:49.841+0000] {override.py:1911} INFO - Created Permission View: menu access on DAG Run:example_skip_dag
[2024-12-23T21:56:49.850+0000] {logging_mixin.py:190} INFO - [2024-12-23T21:56:49.850+0000] {override.py:1911} INFO - Created Permission View: can delete on DAG Run:example_skip_dag
[2024-12-23T21:56:49.858+0000] {logging_mixin.py:190} INFO - [2024-12-23T21:56:49.858+0000] {override.py:1911} INFO - Created Permission View: can read on DAG Run:example_skip_dag
[2024-12-23T21:56:49.866+0000] {logging_mixin.py:190} INFO - [2024-12-23T21:56:49.866+0000] {override.py:1911} INFO - Created Permission View: can create on DAG Run:example_skip_dag
[2024-12-23T21:56:49.867+0000] {logging_mixin.py:190} INFO - [2024-12-23T21:56:49.867+0000] {dag.py:3239} INFO - Sync 1 DAGs
[2024-12-23T21:56:49.885+0000] {logging_mixin.py:190} INFO - [2024-12-23T21:56:49.884+0000] {dag.py:3262} INFO - Creating ORM DAG for example_skip_dag
[2024-12-23T21:56:49.897+0000] {logging_mixin.py:190} INFO - [2024-12-23T21:56:49.897+0000] {dag.py:4180} INFO - Setting next_dagrun for example_skip_dag to 2024-12-22 00:00:00+00:00, run_after=2024-12-23 00:00:00+00:00
[2024-12-23T21:56:49.919+0000] {processor.py:208} INFO - Processing /home/airflow/.local/lib/python3.12/site-packages/airflow/example_dags/example_skip_dag.py took 0.252 seconds
[2024-12-23T21:57:20.236+0000] {processor.py:186} INFO - Started process (PID=175) to work on /home/airflow/.local/lib/python3.12/site-packages/airflow/example_dags/example_skip_dag.py
[2024-12-23T21:57:20.237+0000] {processor.py:914} INFO - Processing file /home/airflow/.local/lib/python3.12/site-packages/airflow/example_dags/example_skip_dag.py for tasks to queue
[2024-12-23T21:57:20.239+0000] {logging_mixin.py:190} INFO - [2024-12-23T21:57:20.239+0000] {dagbag.py:588} INFO - Filling up the DagBag from /home/airflow/.local/lib/python3.12/site-packages/airflow/example_dags/example_skip_dag.py
[2024-12-23T21:57:20.246+0000] {processor.py:925} INFO - DAG(s) 'example_skip_dag' retrieved from /home/airflow/.local/lib/python3.12/site-packages/airflow/example_dags/example_skip_dag.py
[2024-12-23T21:57:20.267+0000] {logging_mixin.py:190} INFO - [2024-12-23T21:57:20.267+0000] {dag.py:3239} INFO - Sync 1 DAGs
[2024-12-23T21:57:20.290+0000] {logging_mixin.py:190} INFO - [2024-12-23T21:57:20.290+0000] {dag.py:4180} INFO - Setting next_dagrun for example_skip_dag to 2024-12-22 00:00:00+00:00, run_after=2024-12-23 00:00:00+00:00
[2024-12-23T21:57:20.310+0000] {processor.py:208} INFO - Processing /home/airflow/.local/lib/python3.12/site-packages/airflow/example_dags/example_skip_dag.py took 0.079 seconds
