[2024-12-23T21:56:39.241+0000] {processor.py:186} INFO - Started process (PID=74) to work on /home/airflow/.local/lib/python3.12/site-packages/airflow/example_dags/example_python_decorator.py
[2024-12-23T21:56:39.242+0000] {processor.py:914} INFO - Processing file /home/airflow/.local/lib/python3.12/site-packages/airflow/example_dags/example_python_decorator.py for tasks to queue
[2024-12-23T21:56:39.245+0000] {logging_mixin.py:190} INFO - [2024-12-23T21:56:39.245+0000] {dagbag.py:588} INFO - Filling up the DagBag from /home/airflow/.local/lib/python3.12/site-packages/airflow/example_dags/example_python_decorator.py
[2024-12-23T21:56:39.265+0000] {processor.py:925} INFO - DAG(s) 'example_python_decorator' retrieved from /home/airflow/.local/lib/python3.12/site-packages/airflow/example_dags/example_python_decorator.py
[2024-12-23T21:56:39.415+0000] {logging_mixin.py:190} INFO - [2024-12-23T21:56:39.414+0000] {override.py:1911} INFO - Created Permission View: can edit on DAG:example_python_decorator
[2024-12-23T21:56:39.439+0000] {logging_mixin.py:190} INFO - [2024-12-23T21:56:39.438+0000] {override.py:1911} INFO - Created Permission View: can delete on DAG:example_python_decorator
[2024-12-23T21:56:39.449+0000] {logging_mixin.py:190} INFO - [2024-12-23T21:56:39.449+0000] {override.py:1911} INFO - Created Permission View: can read on DAG:example_python_decorator
[2024-12-23T21:56:39.460+0000] {logging_mixin.py:190} INFO - [2024-12-23T21:56:39.460+0000] {override.py:1911} INFO - Created Permission View: menu access on DAG Run:example_python_decorator
[2024-12-23T21:56:39.470+0000] {logging_mixin.py:190} INFO - [2024-12-23T21:56:39.470+0000] {override.py:1911} INFO - Created Permission View: can delete on DAG Run:example_python_decorator
[2024-12-23T21:56:39.479+0000] {logging_mixin.py:190} INFO - [2024-12-23T21:56:39.479+0000] {override.py:1911} INFO - Created Permission View: can read on DAG Run:example_python_decorator
[2024-12-23T21:56:39.493+0000] {logging_mixin.py:190} INFO - [2024-12-23T21:56:39.492+0000] {override.py:1911} INFO - Created Permission View: can create on DAG Run:example_python_decorator
[2024-12-23T21:56:39.494+0000] {logging_mixin.py:190} INFO - [2024-12-23T21:56:39.493+0000] {dag.py:3239} INFO - Sync 1 DAGs
[2024-12-23T21:56:39.512+0000] {logging_mixin.py:190} INFO - [2024-12-23T21:56:39.512+0000] {dag.py:3262} INFO - Creating ORM DAG for example_python_decorator
[2024-12-23T21:56:39.513+0000] {logging_mixin.py:190} INFO - [2024-12-23T21:56:39.513+0000] {dag.py:4180} INFO - Setting next_dagrun for example_python_decorator to None, run_after=None
[2024-12-23T21:56:39.538+0000] {processor.py:208} INFO - Processing /home/airflow/.local/lib/python3.12/site-packages/airflow/example_dags/example_python_decorator.py took 0.303 seconds
[2024-12-23T21:57:09.781+0000] {processor.py:186} INFO - Started process (PID=137) to work on /home/airflow/.local/lib/python3.12/site-packages/airflow/example_dags/example_python_decorator.py
[2024-12-23T21:57:09.782+0000] {processor.py:914} INFO - Processing file /home/airflow/.local/lib/python3.12/site-packages/airflow/example_dags/example_python_decorator.py for tasks to queue
[2024-12-23T21:57:09.784+0000] {logging_mixin.py:190} INFO - [2024-12-23T21:57:09.784+0000] {dagbag.py:588} INFO - Filling up the DagBag from /home/airflow/.local/lib/python3.12/site-packages/airflow/example_dags/example_python_decorator.py
[2024-12-23T21:57:09.799+0000] {processor.py:925} INFO - DAG(s) 'example_python_decorator' retrieved from /home/airflow/.local/lib/python3.12/site-packages/airflow/example_dags/example_python_decorator.py
[2024-12-23T21:57:09.821+0000] {logging_mixin.py:190} INFO - [2024-12-23T21:57:09.820+0000] {dag.py:3239} INFO - Sync 1 DAGs
[2024-12-23T21:57:09.834+0000] {logging_mixin.py:190} INFO - [2024-12-23T21:57:09.834+0000] {dag.py:4180} INFO - Setting next_dagrun for example_python_decorator to None, run_after=None
[2024-12-23T21:57:09.852+0000] {processor.py:208} INFO - Processing /home/airflow/.local/lib/python3.12/site-packages/airflow/example_dags/example_python_decorator.py took 0.077 seconds
