[2024-12-23T21:56:47.364+0000] {processor.py:186} INFO - Started process (PID=102) to work on /home/airflow/.local/lib/python3.12/site-packages/airflow/example_dags/example_sensors.py
[2024-12-23T21:56:47.366+0000] {processor.py:914} INFO - Processing file /home/airflow/.local/lib/python3.12/site-packages/airflow/example_dags/example_sensors.py for tasks to queue
[2024-12-23T21:56:47.369+0000] {logging_mixin.py:190} INFO - [2024-12-23T21:56:47.369+0000] {dagbag.py:588} INFO - Filling up the DagBag from /home/airflow/.local/lib/python3.12/site-packages/airflow/example_dags/example_sensors.py
[2024-12-23T21:56:47.387+0000] {processor.py:925} INFO - DAG(s) 'example_sensors' retrieved from /home/airflow/.local/lib/python3.12/site-packages/airflow/example_dags/example_sensors.py
[2024-12-23T21:56:47.527+0000] {logging_mixin.py:190} INFO - [2024-12-23T21:56:47.526+0000] {override.py:1911} INFO - Created Permission View: can edit on DAG:example_sensors
[2024-12-23T21:56:47.541+0000] {logging_mixin.py:190} INFO - [2024-12-23T21:56:47.540+0000] {override.py:1911} INFO - Created Permission View: can delete on DAG:example_sensors
[2024-12-23T21:56:47.550+0000] {logging_mixin.py:190} INFO - [2024-12-23T21:56:47.550+0000] {override.py:1911} INFO - Created Permission View: can read on DAG:example_sensors
[2024-12-23T21:56:47.561+0000] {logging_mixin.py:190} INFO - [2024-12-23T21:56:47.561+0000] {override.py:1911} INFO - Created Permission View: menu access on DAG Run:example_sensors
[2024-12-23T21:56:47.569+0000] {logging_mixin.py:190} INFO - [2024-12-23T21:56:47.569+0000] {override.py:1911} INFO - Created Permission View: can delete on DAG Run:example_sensors
[2024-12-23T21:56:47.578+0000] {logging_mixin.py:190} INFO - [2024-12-23T21:56:47.577+0000] {override.py:1911} INFO - Created Permission View: can read on DAG Run:example_sensors
[2024-12-23T21:56:47.586+0000] {logging_mixin.py:190} INFO - [2024-12-23T21:56:47.586+0000] {override.py:1911} INFO - Created Permission View: can create on DAG Run:example_sensors
[2024-12-23T21:56:47.587+0000] {logging_mixin.py:190} INFO - [2024-12-23T21:56:47.587+0000] {dag.py:3239} INFO - Sync 1 DAGs
[2024-12-23T21:56:47.603+0000] {logging_mixin.py:190} INFO - [2024-12-23T21:56:47.603+0000] {dag.py:3262} INFO - Creating ORM DAG for example_sensors
[2024-12-23T21:56:47.605+0000] {logging_mixin.py:190} INFO - [2024-12-23T21:56:47.604+0000] {dag.py:4180} INFO - Setting next_dagrun for example_sensors to None, run_after=None
[2024-12-23T21:56:47.624+0000] {processor.py:208} INFO - Processing /home/airflow/.local/lib/python3.12/site-packages/airflow/example_dags/example_sensors.py took 0.268 seconds
[2024-12-23T21:57:17.975+0000] {processor.py:186} INFO - Started process (PID=165) to work on /home/airflow/.local/lib/python3.12/site-packages/airflow/example_dags/example_sensors.py
[2024-12-23T21:57:17.976+0000] {processor.py:914} INFO - Processing file /home/airflow/.local/lib/python3.12/site-packages/airflow/example_dags/example_sensors.py for tasks to queue
[2024-12-23T21:57:17.978+0000] {logging_mixin.py:190} INFO - [2024-12-23T21:57:17.978+0000] {dagbag.py:588} INFO - Filling up the DagBag from /home/airflow/.local/lib/python3.12/site-packages/airflow/example_dags/example_sensors.py
[2024-12-23T21:57:17.988+0000] {processor.py:925} INFO - DAG(s) 'example_sensors' retrieved from /home/airflow/.local/lib/python3.12/site-packages/airflow/example_dags/example_sensors.py
[2024-12-23T21:57:18.012+0000] {logging_mixin.py:190} INFO - [2024-12-23T21:57:18.011+0000] {dag.py:3239} INFO - Sync 1 DAGs
[2024-12-23T21:57:18.025+0000] {logging_mixin.py:190} INFO - [2024-12-23T21:57:18.025+0000] {dag.py:4180} INFO - Setting next_dagrun for example_sensors to None, run_after=None
[2024-12-23T21:57:18.052+0000] {processor.py:208} INFO - Processing /home/airflow/.local/lib/python3.12/site-packages/airflow/example_dags/example_sensors.py took 0.082 seconds
