[2024-12-23T21:56:44.091+0000] {processor.py:186} INFO - Started process (PID=90) to work on /home/airflow/.local/lib/python3.12/site-packages/airflow/example_dags/example_inlet_event_extra.py
[2024-12-23T21:56:44.092+0000] {processor.py:914} INFO - Processing file /home/airflow/.local/lib/python3.12/site-packages/airflow/example_dags/example_inlet_event_extra.py for tasks to queue
[2024-12-23T21:56:44.096+0000] {logging_mixin.py:190} INFO - [2024-12-23T21:56:44.095+0000] {dagbag.py:588} INFO - Filling up the DagBag from /home/airflow/.local/lib/python3.12/site-packages/airflow/example_dags/example_inlet_event_extra.py
[2024-12-23T21:56:44.844+0000] {processor.py:925} INFO - DAG(s) 'read_dataset_event', 'read_dataset_event_from_classic' retrieved from /home/airflow/.local/lib/python3.12/site-packages/airflow/example_dags/example_inlet_event_extra.py
[2024-12-23T21:56:44.979+0000] {logging_mixin.py:190} INFO - [2024-12-23T21:56:44.978+0000] {override.py:1911} INFO - Created Permission View: can edit on DAG:read_dataset_event
[2024-12-23T21:56:44.996+0000] {logging_mixin.py:190} INFO - [2024-12-23T21:56:44.995+0000] {override.py:1911} INFO - Created Permission View: can delete on DAG:read_dataset_event
[2024-12-23T21:56:45.006+0000] {logging_mixin.py:190} INFO - [2024-12-23T21:56:45.006+0000] {override.py:1911} INFO - Created Permission View: can read on DAG:read_dataset_event
[2024-12-23T21:56:45.021+0000] {logging_mixin.py:190} INFO - [2024-12-23T21:56:45.020+0000] {override.py:1911} INFO - Created Permission View: menu access on DAG Run:read_dataset_event
[2024-12-23T21:56:45.031+0000] {logging_mixin.py:190} INFO - [2024-12-23T21:56:45.031+0000] {override.py:1911} INFO - Created Permission View: can delete on DAG Run:read_dataset_event
[2024-12-23T21:56:45.042+0000] {logging_mixin.py:190} INFO - [2024-12-23T21:56:45.041+0000] {override.py:1911} INFO - Created Permission View: can read on DAG Run:read_dataset_event
[2024-12-23T21:56:45.050+0000] {logging_mixin.py:190} INFO - [2024-12-23T21:56:45.050+0000] {override.py:1911} INFO - Created Permission View: can create on DAG Run:read_dataset_event
[2024-12-23T21:56:45.069+0000] {logging_mixin.py:190} INFO - [2024-12-23T21:56:45.069+0000] {override.py:1911} INFO - Created Permission View: can edit on DAG:read_dataset_event_from_classic
[2024-12-23T21:56:45.079+0000] {logging_mixin.py:190} INFO - [2024-12-23T21:56:45.078+0000] {override.py:1911} INFO - Created Permission View: can delete on DAG:read_dataset_event_from_classic
[2024-12-23T21:56:45.091+0000] {logging_mixin.py:190} INFO - [2024-12-23T21:56:45.091+0000] {override.py:1911} INFO - Created Permission View: can read on DAG:read_dataset_event_from_classic
[2024-12-23T21:56:45.101+0000] {logging_mixin.py:190} INFO - [2024-12-23T21:56:45.101+0000] {override.py:1911} INFO - Created Permission View: menu access on DAG Run:read_dataset_event_from_classic
[2024-12-23T21:56:45.114+0000] {logging_mixin.py:190} INFO - [2024-12-23T21:56:45.114+0000] {override.py:1911} INFO - Created Permission View: can delete on DAG Run:read_dataset_event_from_classic
[2024-12-23T21:56:45.124+0000] {logging_mixin.py:190} INFO - [2024-12-23T21:56:45.124+0000] {override.py:1911} INFO - Created Permission View: can read on DAG Run:read_dataset_event_from_classic
[2024-12-23T21:56:45.133+0000] {logging_mixin.py:190} INFO - [2024-12-23T21:56:45.133+0000] {override.py:1911} INFO - Created Permission View: can create on DAG Run:read_dataset_event_from_classic
[2024-12-23T21:56:45.134+0000] {logging_mixin.py:190} INFO - [2024-12-23T21:56:45.134+0000] {dag.py:3239} INFO - Sync 2 DAGs
[2024-12-23T21:56:45.152+0000] {logging_mixin.py:190} INFO - [2024-12-23T21:56:45.151+0000] {dag.py:3262} INFO - Creating ORM DAG for read_dataset_event_from_classic
[2024-12-23T21:56:45.153+0000] {logging_mixin.py:190} INFO - [2024-12-23T21:56:45.153+0000] {dag.py:3262} INFO - Creating ORM DAG for read_dataset_event
[2024-12-23T21:56:45.167+0000] {logging_mixin.py:190} INFO - [2024-12-23T21:56:45.167+0000] {dag.py:4180} INFO - Setting next_dagrun for read_dataset_event to 2024-12-22 00:00:00+00:00, run_after=2024-12-23 00:00:00+00:00
[2024-12-23T21:56:45.170+0000] {logging_mixin.py:190} INFO - [2024-12-23T21:56:45.170+0000] {dag.py:4180} INFO - Setting next_dagrun for read_dataset_event_from_classic to 2024-12-22 00:00:00+00:00, run_after=2024-12-23 00:00:00+00:00
[2024-12-23T21:56:45.191+0000] {processor.py:208} INFO - Processing /home/airflow/.local/lib/python3.12/site-packages/airflow/example_dags/example_inlet_event_extra.py took 1.110 seconds
[2024-12-23T21:57:15.253+0000] {processor.py:186} INFO - Started process (PID=153) to work on /home/airflow/.local/lib/python3.12/site-packages/airflow/example_dags/example_inlet_event_extra.py
[2024-12-23T21:57:15.254+0000] {processor.py:914} INFO - Processing file /home/airflow/.local/lib/python3.12/site-packages/airflow/example_dags/example_inlet_event_extra.py for tasks to queue
[2024-12-23T21:57:15.256+0000] {logging_mixin.py:190} INFO - [2024-12-23T21:57:15.256+0000] {dagbag.py:588} INFO - Filling up the DagBag from /home/airflow/.local/lib/python3.12/site-packages/airflow/example_dags/example_inlet_event_extra.py
[2024-12-23T21:57:15.797+0000] {processor.py:925} INFO - DAG(s) 'read_dataset_event', 'read_dataset_event_from_classic' retrieved from /home/airflow/.local/lib/python3.12/site-packages/airflow/example_dags/example_inlet_event_extra.py
[2024-12-23T21:57:15.818+0000] {logging_mixin.py:190} INFO - [2024-12-23T21:57:15.817+0000] {dag.py:3239} INFO - Sync 2 DAGs
[2024-12-23T21:57:15.844+0000] {logging_mixin.py:190} INFO - [2024-12-23T21:57:15.844+0000] {dag.py:4180} INFO - Setting next_dagrun for read_dataset_event to 2024-12-22 00:00:00+00:00, run_after=2024-12-23 00:00:00+00:00
[2024-12-23T21:57:15.849+0000] {logging_mixin.py:190} INFO - [2024-12-23T21:57:15.849+0000] {dag.py:4180} INFO - Setting next_dagrun for read_dataset_event_from_classic to 2024-12-22 00:00:00+00:00, run_after=2024-12-23 00:00:00+00:00
[2024-12-23T21:57:15.865+0000] {processor.py:208} INFO - Processing /home/airflow/.local/lib/python3.12/site-packages/airflow/example_dags/example_inlet_event_extra.py took 0.616 seconds
