[2024-12-23T21:56:39.240+0000] {processor.py:186} INFO - Started process (PID=73) to work on /home/airflow/.local/lib/python3.12/site-packages/airflow/example_dags/example_bash_decorator.py
[2024-12-23T21:56:39.241+0000] {processor.py:914} INFO - Processing file /home/airflow/.local/lib/python3.12/site-packages/airflow/example_dags/example_bash_decorator.py for tasks to queue
[2024-12-23T21:56:39.244+0000] {logging_mixin.py:190} INFO - [2024-12-23T21:56:39.244+0000] {dagbag.py:588} INFO - Filling up the DagBag from /home/airflow/.local/lib/python3.12/site-packages/airflow/example_dags/example_bash_decorator.py
[2024-12-23T21:56:39.263+0000] {processor.py:925} INFO - DAG(s) 'example_bash_decorator' retrieved from /home/airflow/.local/lib/python3.12/site-packages/airflow/example_dags/example_bash_decorator.py
[2024-12-23T21:56:39.420+0000] {logging_mixin.py:190} INFO - [2024-12-23T21:56:39.418+0000] {override.py:1911} INFO - Created Permission View: can edit on DAG:example_bash_decorator
[2024-12-23T21:56:39.441+0000] {logging_mixin.py:190} INFO - [2024-12-23T21:56:39.441+0000] {override.py:1911} INFO - Created Permission View: can delete on DAG:example_bash_decorator
[2024-12-23T21:56:39.452+0000] {logging_mixin.py:190} INFO - [2024-12-23T21:56:39.452+0000] {override.py:1911} INFO - Created Permission View: can read on DAG:example_bash_decorator
[2024-12-23T21:56:39.463+0000] {logging_mixin.py:190} INFO - [2024-12-23T21:56:39.463+0000] {override.py:1911} INFO - Created Permission View: menu access on DAG Run:example_bash_decorator
[2024-12-23T21:56:39.475+0000] {logging_mixin.py:190} INFO - [2024-12-23T21:56:39.474+0000] {override.py:1911} INFO - Created Permission View: can delete on DAG Run:example_bash_decorator
[2024-12-23T21:56:39.484+0000] {logging_mixin.py:190} INFO - [2024-12-23T21:56:39.483+0000] {override.py:1911} INFO - Created Permission View: can read on DAG Run:example_bash_decorator
[2024-12-23T21:56:39.496+0000] {logging_mixin.py:190} INFO - [2024-12-23T21:56:39.496+0000] {override.py:1911} INFO - Created Permission View: can create on DAG Run:example_bash_decorator
[2024-12-23T21:56:39.497+0000] {logging_mixin.py:190} INFO - [2024-12-23T21:56:39.497+0000] {dag.py:3239} INFO - Sync 1 DAGs
[2024-12-23T21:56:39.516+0000] {logging_mixin.py:190} INFO - [2024-12-23T21:56:39.516+0000] {dag.py:3262} INFO - Creating ORM DAG for example_bash_decorator
[2024-12-23T21:56:39.517+0000] {logging_mixin.py:190} INFO - [2024-12-23T21:56:39.517+0000] {dag.py:4180} INFO - Setting next_dagrun for example_bash_decorator to None, run_after=None
[2024-12-23T21:56:39.541+0000] {processor.py:208} INFO - Processing /home/airflow/.local/lib/python3.12/site-packages/airflow/example_dags/example_bash_decorator.py took 0.307 seconds
[2024-12-23T21:57:09.700+0000] {processor.py:186} INFO - Started process (PID=136) to work on /home/airflow/.local/lib/python3.12/site-packages/airflow/example_dags/example_bash_decorator.py
[2024-12-23T21:57:09.701+0000] {processor.py:914} INFO - Processing file /home/airflow/.local/lib/python3.12/site-packages/airflow/example_dags/example_bash_decorator.py for tasks to queue
[2024-12-23T21:57:09.703+0000] {logging_mixin.py:190} INFO - [2024-12-23T21:57:09.703+0000] {dagbag.py:588} INFO - Filling up the DagBag from /home/airflow/.local/lib/python3.12/site-packages/airflow/example_dags/example_bash_decorator.py
[2024-12-23T21:57:09.721+0000] {processor.py:925} INFO - DAG(s) 'example_bash_decorator' retrieved from /home/airflow/.local/lib/python3.12/site-packages/airflow/example_dags/example_bash_decorator.py
[2024-12-23T21:57:09.746+0000] {logging_mixin.py:190} INFO - [2024-12-23T21:57:09.746+0000] {dag.py:3239} INFO - Sync 1 DAGs
[2024-12-23T21:57:09.763+0000] {logging_mixin.py:190} INFO - [2024-12-23T21:57:09.762+0000] {dag.py:4180} INFO - Setting next_dagrun for example_bash_decorator to None, run_after=None
[2024-12-23T21:57:09.782+0000] {processor.py:208} INFO - Processing /home/airflow/.local/lib/python3.12/site-packages/airflow/example_dags/example_bash_decorator.py took 0.089 seconds
