[2024-12-23T21:56:50.562+0000] {processor.py:186} INFO - Started process (PID=119) to work on /home/airflow/.local/lib/python3.12/site-packages/airflow/example_dags/example_subdag_operator.py
[2024-12-23T21:56:50.563+0000] {processor.py:914} INFO - Processing file /home/airflow/.local/lib/python3.12/site-packages/airflow/example_dags/example_subdag_operator.py for tasks to queue
[2024-12-23T21:56:50.566+0000] {logging_mixin.py:190} INFO - [2024-12-23T21:56:50.565+0000] {dagbag.py:588} INFO - Filling up the DagBag from /home/airflow/.local/lib/python3.12/site-packages/airflow/example_dags/example_subdag_operator.py
[2024-12-23T21:56:50.597+0000] {processor.py:925} INFO - DAG(s) 'example_subdag_operator.section-1', 'example_subdag_operator.section-2', 'example_subdag_operator' retrieved from /home/airflow/.local/lib/python3.12/site-packages/airflow/example_dags/example_subdag_operator.py
[2024-12-23T21:56:50.719+0000] {logging_mixin.py:190} INFO - [2024-12-23T21:56:50.718+0000] {override.py:1911} INFO - Created Permission View: can edit on DAG:example_subdag_operator
[2024-12-23T21:56:50.733+0000] {logging_mixin.py:190} INFO - [2024-12-23T21:56:50.732+0000] {override.py:1911} INFO - Created Permission View: can delete on DAG:example_subdag_operator
[2024-12-23T21:56:50.742+0000] {logging_mixin.py:190} INFO - [2024-12-23T21:56:50.742+0000] {override.py:1911} INFO - Created Permission View: can read on DAG:example_subdag_operator
[2024-12-23T21:56:50.752+0000] {logging_mixin.py:190} INFO - [2024-12-23T21:56:50.751+0000] {override.py:1911} INFO - Created Permission View: menu access on DAG Run:example_subdag_operator
[2024-12-23T21:56:50.761+0000] {logging_mixin.py:190} INFO - [2024-12-23T21:56:50.761+0000] {override.py:1911} INFO - Created Permission View: can delete on DAG Run:example_subdag_operator
[2024-12-23T21:56:50.771+0000] {logging_mixin.py:190} INFO - [2024-12-23T21:56:50.770+0000] {override.py:1911} INFO - Created Permission View: can read on DAG Run:example_subdag_operator
[2024-12-23T21:56:50.780+0000] {logging_mixin.py:190} INFO - [2024-12-23T21:56:50.780+0000] {override.py:1911} INFO - Created Permission View: can create on DAG Run:example_subdag_operator
[2024-12-23T21:56:50.781+0000] {logging_mixin.py:190} INFO - [2024-12-23T21:56:50.780+0000] {dag.py:3239} INFO - Sync 3 DAGs
[2024-12-23T21:56:50.798+0000] {logging_mixin.py:190} INFO - [2024-12-23T21:56:50.798+0000] {dag.py:3262} INFO - Creating ORM DAG for example_subdag_operator
[2024-12-23T21:56:50.799+0000] {logging_mixin.py:190} INFO - [2024-12-23T21:56:50.799+0000] {dag.py:3262} INFO - Creating ORM DAG for example_subdag_operator.section-1
[2024-12-23T21:56:50.800+0000] {logging_mixin.py:190} INFO - [2024-12-23T21:56:50.800+0000] {dag.py:3262} INFO - Creating ORM DAG for example_subdag_operator.section-2
[2024-12-23T21:56:50.812+0000] {logging_mixin.py:190} INFO - [2024-12-23T21:56:50.812+0000] {dag.py:4180} INFO - Setting next_dagrun for example_subdag_operator to 2022-01-01 00:00:00+00:00, run_after=2022-01-01 00:00:00+00:00
[2024-12-23T21:56:50.813+0000] {logging_mixin.py:190} INFO - [2024-12-23T21:56:50.813+0000] {dag.py:4180} INFO - Setting next_dagrun for example_subdag_operator.section-1 to None, run_after=None
[2024-12-23T21:56:50.814+0000] {logging_mixin.py:190} INFO - [2024-12-23T21:56:50.814+0000] {dag.py:4180} INFO - Setting next_dagrun for example_subdag_operator.section-2 to None, run_after=None
[2024-12-23T21:56:50.827+0000] {logging_mixin.py:190} INFO - [2024-12-23T21:56:50.827+0000] {dag.py:3239} INFO - Sync 2 DAGs
[2024-12-23T21:56:50.834+0000] {logging_mixin.py:190} INFO - [2024-12-23T21:56:50.833+0000] {dag.py:4180} INFO - Setting next_dagrun for example_subdag_operator.section-1 to None, run_after=None
[2024-12-23T21:56:50.838+0000] {logging_mixin.py:190} INFO - [2024-12-23T21:56:50.837+0000] {dag.py:4180} INFO - Setting next_dagrun for example_subdag_operator.section-2 to None, run_after=None
[2024-12-23T21:56:50.853+0000] {processor.py:208} INFO - Processing /home/airflow/.local/lib/python3.12/site-packages/airflow/example_dags/example_subdag_operator.py took 0.297 seconds
[2024-12-23T21:57:21.633+0000] {processor.py:186} INFO - Started process (PID=182) to work on /home/airflow/.local/lib/python3.12/site-packages/airflow/example_dags/example_subdag_operator.py
[2024-12-23T21:57:21.634+0000] {processor.py:914} INFO - Processing file /home/airflow/.local/lib/python3.12/site-packages/airflow/example_dags/example_subdag_operator.py for tasks to queue
[2024-12-23T21:57:21.636+0000] {logging_mixin.py:190} INFO - [2024-12-23T21:57:21.636+0000] {dagbag.py:588} INFO - Filling up the DagBag from /home/airflow/.local/lib/python3.12/site-packages/airflow/example_dags/example_subdag_operator.py
[2024-12-23T21:57:21.660+0000] {processor.py:925} INFO - DAG(s) 'example_subdag_operator.section-1', 'example_subdag_operator.section-2', 'example_subdag_operator' retrieved from /home/airflow/.local/lib/python3.12/site-packages/airflow/example_dags/example_subdag_operator.py
[2024-12-23T21:57:21.673+0000] {logging_mixin.py:190} INFO - [2024-12-23T21:57:21.673+0000] {dag.py:3239} INFO - Sync 3 DAGs
[2024-12-23T21:57:21.693+0000] {logging_mixin.py:190} INFO - [2024-12-23T21:57:21.693+0000] {dag.py:4180} INFO - Setting next_dagrun for example_subdag_operator to 2022-01-01 00:00:00+00:00, run_after=2022-01-01 00:00:00+00:00
[2024-12-23T21:57:21.697+0000] {logging_mixin.py:190} INFO - [2024-12-23T21:57:21.697+0000] {dag.py:4180} INFO - Setting next_dagrun for example_subdag_operator.section-1 to None, run_after=None
[2024-12-23T21:57:21.699+0000] {logging_mixin.py:190} INFO - [2024-12-23T21:57:21.698+0000] {dag.py:4180} INFO - Setting next_dagrun for example_subdag_operator.section-2 to None, run_after=None
[2024-12-23T21:57:21.706+0000] {logging_mixin.py:190} INFO - [2024-12-23T21:57:21.706+0000] {dag.py:3239} INFO - Sync 2 DAGs
[2024-12-23T21:57:21.711+0000] {logging_mixin.py:190} INFO - [2024-12-23T21:57:21.711+0000] {dag.py:4180} INFO - Setting next_dagrun for example_subdag_operator.section-1 to None, run_after=None
[2024-12-23T21:57:21.711+0000] {logging_mixin.py:190} INFO - [2024-12-23T21:57:21.711+0000] {dag.py:4180} INFO - Setting next_dagrun for example_subdag_operator.section-2 to None, run_after=None
[2024-12-23T21:57:21.723+0000] {processor.py:208} INFO - Processing /home/airflow/.local/lib/python3.12/site-packages/airflow/example_dags/example_subdag_operator.py took 0.097 seconds
