[2024-12-23T21:56:47.074+0000] {processor.py:186} INFO - Started process (PID=100) to work on /home/airflow/.local/lib/python3.12/site-packages/airflow/example_dags/example_display_name.py
[2024-12-23T21:56:47.075+0000] {processor.py:914} INFO - Processing file /home/airflow/.local/lib/python3.12/site-packages/airflow/example_dags/example_display_name.py for tasks to queue
[2024-12-23T21:56:47.078+0000] {logging_mixin.py:190} INFO - [2024-12-23T21:56:47.078+0000] {dagbag.py:588} INFO - Filling up the DagBag from /home/airflow/.local/lib/python3.12/site-packages/airflow/example_dags/example_display_name.py
[2024-12-23T21:56:47.090+0000] {processor.py:925} INFO - DAG(s) 'example_display_name' retrieved from /home/airflow/.local/lib/python3.12/site-packages/airflow/example_dags/example_display_name.py
[2024-12-23T21:56:47.212+0000] {logging_mixin.py:190} INFO - [2024-12-23T21:56:47.211+0000] {override.py:1911} INFO - Created Permission View: can edit on DAG:example_display_name
[2024-12-23T21:56:47.224+0000] {logging_mixin.py:190} INFO - [2024-12-23T21:56:47.224+0000] {override.py:1911} INFO - Created Permission View: can delete on DAG:example_display_name
[2024-12-23T21:56:47.232+0000] {logging_mixin.py:190} INFO - [2024-12-23T21:56:47.232+0000] {override.py:1911} INFO - Created Permission View: can read on DAG:example_display_name
[2024-12-23T21:56:47.241+0000] {logging_mixin.py:190} INFO - [2024-12-23T21:56:47.241+0000] {override.py:1911} INFO - Created Permission View: menu access on DAG Run:example_display_name
[2024-12-23T21:56:47.250+0000] {logging_mixin.py:190} INFO - [2024-12-23T21:56:47.249+0000] {override.py:1911} INFO - Created Permission View: can delete on DAG Run:example_display_name
[2024-12-23T21:56:47.258+0000] {logging_mixin.py:190} INFO - [2024-12-23T21:56:47.258+0000] {override.py:1911} INFO - Created Permission View: can read on DAG Run:example_display_name
[2024-12-23T21:56:47.267+0000] {logging_mixin.py:190} INFO - [2024-12-23T21:56:47.267+0000] {override.py:1911} INFO - Created Permission View: can create on DAG Run:example_display_name
[2024-12-23T21:56:47.268+0000] {logging_mixin.py:190} INFO - [2024-12-23T21:56:47.268+0000] {dag.py:3239} INFO - Sync 1 DAGs
[2024-12-23T21:56:47.288+0000] {logging_mixin.py:190} INFO - [2024-12-23T21:56:47.288+0000] {dag.py:3262} INFO - Creating ORM DAG for example_display_name
[2024-12-23T21:56:47.290+0000] {logging_mixin.py:190} INFO - [2024-12-23T21:56:47.289+0000] {dag.py:4180} INFO - Setting next_dagrun for example_display_name to None, run_after=None
[2024-12-23T21:56:47.313+0000] {processor.py:208} INFO - Processing /home/airflow/.local/lib/python3.12/site-packages/airflow/example_dags/example_display_name.py took 0.247 seconds
[2024-12-23T21:57:17.878+0000] {processor.py:186} INFO - Started process (PID=163) to work on /home/airflow/.local/lib/python3.12/site-packages/airflow/example_dags/example_display_name.py
[2024-12-23T21:57:17.879+0000] {processor.py:914} INFO - Processing file /home/airflow/.local/lib/python3.12/site-packages/airflow/example_dags/example_display_name.py for tasks to queue
[2024-12-23T21:57:17.881+0000] {logging_mixin.py:190} INFO - [2024-12-23T21:57:17.881+0000] {dagbag.py:588} INFO - Filling up the DagBag from /home/airflow/.local/lib/python3.12/site-packages/airflow/example_dags/example_display_name.py
[2024-12-23T21:57:17.888+0000] {processor.py:925} INFO - DAG(s) 'example_display_name' retrieved from /home/airflow/.local/lib/python3.12/site-packages/airflow/example_dags/example_display_name.py
[2024-12-23T21:57:17.906+0000] {logging_mixin.py:190} INFO - [2024-12-23T21:57:17.905+0000] {dag.py:3239} INFO - Sync 1 DAGs
[2024-12-23T21:57:17.918+0000] {logging_mixin.py:190} INFO - [2024-12-23T21:57:17.918+0000] {dag.py:4180} INFO - Setting next_dagrun for example_display_name to None, run_after=None
[2024-12-23T21:57:17.937+0000] {processor.py:208} INFO - Processing /home/airflow/.local/lib/python3.12/site-packages/airflow/example_dags/example_display_name.py took 0.064 seconds
