[2024-12-23T21:56:49.743+0000] {processor.py:186} INFO - Started process (PID=113) to work on /home/airflow/.local/lib/python3.12/site-packages/airflow/example_dags/example_time_delta_sensor_async.py
[2024-12-23T21:56:49.745+0000] {processor.py:914} INFO - Processing file /home/airflow/.local/lib/python3.12/site-packages/airflow/example_dags/example_time_delta_sensor_async.py for tasks to queue
[2024-12-23T21:56:49.747+0000] {logging_mixin.py:190} INFO - [2024-12-23T21:56:49.747+0000] {dagbag.py:588} INFO - Filling up the DagBag from /home/airflow/.local/lib/python3.12/site-packages/airflow/example_dags/example_time_delta_sensor_async.py
[2024-12-23T21:56:49.757+0000] {processor.py:925} INFO - DAG(s) 'example_time_delta_sensor_async' retrieved from /home/airflow/.local/lib/python3.12/site-packages/airflow/example_dags/example_time_delta_sensor_async.py
[2024-12-23T21:56:49.878+0000] {logging_mixin.py:190} INFO - [2024-12-23T21:56:49.877+0000] {override.py:1911} INFO - Created Permission View: can edit on DAG:example_time_delta_sensor_async
[2024-12-23T21:56:49.890+0000] {logging_mixin.py:190} INFO - [2024-12-23T21:56:49.890+0000] {override.py:1911} INFO - Created Permission View: can delete on DAG:example_time_delta_sensor_async
[2024-12-23T21:56:49.898+0000] {logging_mixin.py:190} INFO - [2024-12-23T21:56:49.898+0000] {override.py:1911} INFO - Created Permission View: can read on DAG:example_time_delta_sensor_async
[2024-12-23T21:56:49.908+0000] {logging_mixin.py:190} INFO - [2024-12-23T21:56:49.907+0000] {override.py:1911} INFO - Created Permission View: menu access on DAG Run:example_time_delta_sensor_async
[2024-12-23T21:56:49.916+0000] {logging_mixin.py:190} INFO - [2024-12-23T21:56:49.916+0000] {override.py:1911} INFO - Created Permission View: can delete on DAG Run:example_time_delta_sensor_async
[2024-12-23T21:56:49.924+0000] {logging_mixin.py:190} INFO - [2024-12-23T21:56:49.924+0000] {override.py:1911} INFO - Created Permission View: can read on DAG Run:example_time_delta_sensor_async
[2024-12-23T21:56:49.933+0000] {logging_mixin.py:190} INFO - [2024-12-23T21:56:49.933+0000] {override.py:1911} INFO - Created Permission View: can create on DAG Run:example_time_delta_sensor_async
[2024-12-23T21:56:49.934+0000] {logging_mixin.py:190} INFO - [2024-12-23T21:56:49.934+0000] {dag.py:3239} INFO - Sync 1 DAGs
[2024-12-23T21:56:49.950+0000] {logging_mixin.py:190} INFO - [2024-12-23T21:56:49.950+0000] {dag.py:3262} INFO - Creating ORM DAG for example_time_delta_sensor_async
[2024-12-23T21:56:49.951+0000] {logging_mixin.py:190} INFO - [2024-12-23T21:56:49.951+0000] {dag.py:4180} INFO - Setting next_dagrun for example_time_delta_sensor_async to None, run_after=None
[2024-12-23T21:56:49.971+0000] {processor.py:208} INFO - Processing /home/airflow/.local/lib/python3.12/site-packages/airflow/example_dags/example_time_delta_sensor_async.py took 0.234 seconds
[2024-12-23T21:57:20.344+0000] {processor.py:186} INFO - Started process (PID=176) to work on /home/airflow/.local/lib/python3.12/site-packages/airflow/example_dags/example_time_delta_sensor_async.py
[2024-12-23T21:57:20.345+0000] {processor.py:914} INFO - Processing file /home/airflow/.local/lib/python3.12/site-packages/airflow/example_dags/example_time_delta_sensor_async.py for tasks to queue
[2024-12-23T21:57:20.347+0000] {logging_mixin.py:190} INFO - [2024-12-23T21:57:20.347+0000] {dagbag.py:588} INFO - Filling up the DagBag from /home/airflow/.local/lib/python3.12/site-packages/airflow/example_dags/example_time_delta_sensor_async.py
[2024-12-23T21:57:20.354+0000] {processor.py:925} INFO - DAG(s) 'example_time_delta_sensor_async' retrieved from /home/airflow/.local/lib/python3.12/site-packages/airflow/example_dags/example_time_delta_sensor_async.py
[2024-12-23T21:57:20.372+0000] {logging_mixin.py:190} INFO - [2024-12-23T21:57:20.372+0000] {dag.py:3239} INFO - Sync 1 DAGs
[2024-12-23T21:57:20.386+0000] {logging_mixin.py:190} INFO - [2024-12-23T21:57:20.385+0000] {dag.py:4180} INFO - Setting next_dagrun for example_time_delta_sensor_async to None, run_after=None
[2024-12-23T21:57:20.409+0000] {processor.py:208} INFO - Processing /home/airflow/.local/lib/python3.12/site-packages/airflow/example_dags/example_time_delta_sensor_async.py took 0.070 seconds
