[2024-12-23T21:56:50.007+0000] {processor.py:186} INFO - Started process (PID=115) to work on /home/airflow/.local/lib/python3.12/site-packages/airflow/example_dags/example_sla_dag.py
[2024-12-23T21:56:50.009+0000] {processor.py:914} INFO - Processing file /home/airflow/.local/lib/python3.12/site-packages/airflow/example_dags/example_sla_dag.py for tasks to queue
[2024-12-23T21:56:50.011+0000] {logging_mixin.py:190} INFO - [2024-12-23T21:56:50.011+0000] {dagbag.py:588} INFO - Filling up the DagBag from /home/airflow/.local/lib/python3.12/site-packages/airflow/example_dags/example_sla_dag.py
[2024-12-23T21:56:50.024+0000] {processor.py:925} INFO - DAG(s) 'example_sla_dag' retrieved from /home/airflow/.local/lib/python3.12/site-packages/airflow/example_dags/example_sla_dag.py
[2024-12-23T21:56:50.144+0000] {logging_mixin.py:190} INFO - [2024-12-23T21:56:50.143+0000] {override.py:1911} INFO - Created Permission View: can edit on DAG:example_sla_dag
[2024-12-23T21:56:50.156+0000] {logging_mixin.py:190} INFO - [2024-12-23T21:56:50.156+0000] {override.py:1911} INFO - Created Permission View: can delete on DAG:example_sla_dag
[2024-12-23T21:56:50.165+0000] {logging_mixin.py:190} INFO - [2024-12-23T21:56:50.164+0000] {override.py:1911} INFO - Created Permission View: can read on DAG:example_sla_dag
[2024-12-23T21:56:50.174+0000] {logging_mixin.py:190} INFO - [2024-12-23T21:56:50.174+0000] {override.py:1911} INFO - Created Permission View: menu access on DAG Run:example_sla_dag
[2024-12-23T21:56:50.182+0000] {logging_mixin.py:190} INFO - [2024-12-23T21:56:50.182+0000] {override.py:1911} INFO - Created Permission View: can delete on DAG Run:example_sla_dag
[2024-12-23T21:56:50.190+0000] {logging_mixin.py:190} INFO - [2024-12-23T21:56:50.190+0000] {override.py:1911} INFO - Created Permission View: can read on DAG Run:example_sla_dag
[2024-12-23T21:56:50.198+0000] {logging_mixin.py:190} INFO - [2024-12-23T21:56:50.198+0000] {override.py:1911} INFO - Created Permission View: can create on DAG Run:example_sla_dag
[2024-12-23T21:56:50.199+0000] {logging_mixin.py:190} INFO - [2024-12-23T21:56:50.199+0000] {dag.py:3239} INFO - Sync 1 DAGs
[2024-12-23T21:56:50.216+0000] {logging_mixin.py:190} INFO - [2024-12-23T21:56:50.215+0000] {dag.py:3262} INFO - Creating ORM DAG for example_sla_dag
[2024-12-23T21:56:50.230+0000] {logging_mixin.py:190} INFO - [2024-12-23T21:56:50.230+0000] {dag.py:4180} INFO - Setting next_dagrun for example_sla_dag to 2024-12-23 21:54:00+00:00, run_after=2024-12-23 21:56:00+00:00
[2024-12-23T21:56:50.250+0000] {processor.py:208} INFO - Processing /home/airflow/.local/lib/python3.12/site-packages/airflow/example_dags/example_sla_dag.py took 0.249 seconds
[2024-12-23T21:57:20.443+0000] {processor.py:186} INFO - Started process (PID=178) to work on /home/airflow/.local/lib/python3.12/site-packages/airflow/example_dags/example_sla_dag.py
[2024-12-23T21:57:20.444+0000] {processor.py:914} INFO - Processing file /home/airflow/.local/lib/python3.12/site-packages/airflow/example_dags/example_sla_dag.py for tasks to queue
[2024-12-23T21:57:20.446+0000] {logging_mixin.py:190} INFO - [2024-12-23T21:57:20.446+0000] {dagbag.py:588} INFO - Filling up the DagBag from /home/airflow/.local/lib/python3.12/site-packages/airflow/example_dags/example_sla_dag.py
[2024-12-23T21:57:20.455+0000] {processor.py:925} INFO - DAG(s) 'example_sla_dag' retrieved from /home/airflow/.local/lib/python3.12/site-packages/airflow/example_dags/example_sla_dag.py
[2024-12-23T21:57:20.475+0000] {logging_mixin.py:190} INFO - [2024-12-23T21:57:20.474+0000] {dag.py:3239} INFO - Sync 1 DAGs
[2024-12-23T21:57:20.497+0000] {logging_mixin.py:190} INFO - [2024-12-23T21:57:20.497+0000] {dag.py:4180} INFO - Setting next_dagrun for example_sla_dag to 2024-12-23 21:54:00+00:00, run_after=2024-12-23 21:56:00+00:00
[2024-12-23T21:57:20.516+0000] {processor.py:208} INFO - Processing /home/airflow/.local/lib/python3.12/site-packages/airflow/example_dags/example_sla_dag.py took 0.078 seconds
