[2024-12-23T21:56:44.856+0000] {processor.py:186} INFO - Started process (PID=93) to work on /home/airflow/.local/lib/python3.12/site-packages/airflow/example_dags/example_dynamic_task_mapping_with_no_taskflow_operators.py
[2024-12-23T21:56:44.857+0000] {processor.py:914} INFO - Processing file /home/airflow/.local/lib/python3.12/site-packages/airflow/example_dags/example_dynamic_task_mapping_with_no_taskflow_operators.py for tasks to queue
[2024-12-23T21:56:44.861+0000] {logging_mixin.py:190} INFO - [2024-12-23T21:56:44.860+0000] {dagbag.py:588} INFO - Filling up the DagBag from /home/airflow/.local/lib/python3.12/site-packages/airflow/example_dags/example_dynamic_task_mapping_with_no_taskflow_operators.py
[2024-12-23T21:56:44.872+0000] {processor.py:925} INFO - DAG(s) 'example_dynamic_task_mapping_with_no_taskflow_operators' retrieved from /home/airflow/.local/lib/python3.12/site-packages/airflow/example_dags/example_dynamic_task_mapping_with_no_taskflow_operators.py
[2024-12-23T21:56:45.025+0000] {logging_mixin.py:190} INFO - [2024-12-23T21:56:45.024+0000] {override.py:1911} INFO - Created Permission View: can edit on DAG:example_dynamic_task_mapping_with_no_taskflow_operators
[2024-12-23T21:56:45.040+0000] {logging_mixin.py:190} INFO - [2024-12-23T21:56:45.040+0000] {override.py:1911} INFO - Created Permission View: can delete on DAG:example_dynamic_task_mapping_with_no_taskflow_operators
[2024-12-23T21:56:45.049+0000] {logging_mixin.py:190} INFO - [2024-12-23T21:56:45.048+0000] {override.py:1911} INFO - Created Permission View: can read on DAG:example_dynamic_task_mapping_with_no_taskflow_operators
[2024-12-23T21:56:45.061+0000] {logging_mixin.py:190} INFO - [2024-12-23T21:56:45.061+0000] {override.py:1911} INFO - Created Permission View: menu access on DAG Run:example_dynamic_task_mapping_with_no_taskflow_operators
[2024-12-23T21:56:45.070+0000] {logging_mixin.py:190} INFO - [2024-12-23T21:56:45.070+0000] {override.py:1911} INFO - Created Permission View: can delete on DAG Run:example_dynamic_task_mapping_with_no_taskflow_operators
[2024-12-23T21:56:45.081+0000] {logging_mixin.py:190} INFO - [2024-12-23T21:56:45.080+0000] {override.py:1911} INFO - Created Permission View: can read on DAG Run:example_dynamic_task_mapping_with_no_taskflow_operators
[2024-12-23T21:56:45.092+0000] {logging_mixin.py:190} INFO - [2024-12-23T21:56:45.092+0000] {override.py:1911} INFO - Created Permission View: can create on DAG Run:example_dynamic_task_mapping_with_no_taskflow_operators
[2024-12-23T21:56:45.093+0000] {logging_mixin.py:190} INFO - [2024-12-23T21:56:45.093+0000] {dag.py:3239} INFO - Sync 1 DAGs
[2024-12-23T21:56:45.111+0000] {logging_mixin.py:190} INFO - [2024-12-23T21:56:45.110+0000] {dag.py:3262} INFO - Creating ORM DAG for example_dynamic_task_mapping_with_no_taskflow_operators
[2024-12-23T21:56:45.112+0000] {logging_mixin.py:190} INFO - [2024-12-23T21:56:45.112+0000] {dag.py:4180} INFO - Setting next_dagrun for example_dynamic_task_mapping_with_no_taskflow_operators to None, run_after=None
[2024-12-23T21:56:45.131+0000] {processor.py:208} INFO - Processing /home/airflow/.local/lib/python3.12/site-packages/airflow/example_dags/example_dynamic_task_mapping_with_no_taskflow_operators.py took 0.282 seconds
[2024-12-23T21:57:15.901+0000] {processor.py:186} INFO - Started process (PID=156) to work on /home/airflow/.local/lib/python3.12/site-packages/airflow/example_dags/example_dynamic_task_mapping_with_no_taskflow_operators.py
[2024-12-23T21:57:15.902+0000] {processor.py:914} INFO - Processing file /home/airflow/.local/lib/python3.12/site-packages/airflow/example_dags/example_dynamic_task_mapping_with_no_taskflow_operators.py for tasks to queue
[2024-12-23T21:57:15.904+0000] {logging_mixin.py:190} INFO - [2024-12-23T21:57:15.904+0000] {dagbag.py:588} INFO - Filling up the DagBag from /home/airflow/.local/lib/python3.12/site-packages/airflow/example_dags/example_dynamic_task_mapping_with_no_taskflow_operators.py
[2024-12-23T21:57:15.911+0000] {processor.py:925} INFO - DAG(s) 'example_dynamic_task_mapping_with_no_taskflow_operators' retrieved from /home/airflow/.local/lib/python3.12/site-packages/airflow/example_dags/example_dynamic_task_mapping_with_no_taskflow_operators.py
[2024-12-23T21:57:15.929+0000] {logging_mixin.py:190} INFO - [2024-12-23T21:57:15.928+0000] {dag.py:3239} INFO - Sync 1 DAGs
[2024-12-23T21:57:15.941+0000] {logging_mixin.py:190} INFO - [2024-12-23T21:57:15.941+0000] {dag.py:4180} INFO - Setting next_dagrun for example_dynamic_task_mapping_with_no_taskflow_operators to None, run_after=None
[2024-12-23T21:57:15.967+0000] {processor.py:208} INFO - Processing /home/airflow/.local/lib/python3.12/site-packages/airflow/example_dags/example_dynamic_task_mapping_with_no_taskflow_operators.py took 0.071 seconds
