[2024-12-23T21:56:50.226+0000] {processor.py:186} INFO - Started process (PID=116) to work on /home/airflow/.local/lib/python3.12/site-packages/airflow/example_dags/example_dynamic_task_mapping.py
[2024-12-23T21:56:50.227+0000] {processor.py:914} INFO - Processing file /home/airflow/.local/lib/python3.12/site-packages/airflow/example_dags/example_dynamic_task_mapping.py for tasks to queue
[2024-12-23T21:56:50.230+0000] {logging_mixin.py:190} INFO - [2024-12-23T21:56:50.230+0000] {dagbag.py:588} INFO - Filling up the DagBag from /home/airflow/.local/lib/python3.12/site-packages/airflow/example_dags/example_dynamic_task_mapping.py
[2024-12-23T21:56:50.241+0000] {processor.py:925} INFO - DAG(s) 'example_dynamic_task_mapping' retrieved from /home/airflow/.local/lib/python3.12/site-packages/airflow/example_dags/example_dynamic_task_mapping.py
[2024-12-23T21:56:50.370+0000] {logging_mixin.py:190} INFO - [2024-12-23T21:56:50.369+0000] {override.py:1911} INFO - Created Permission View: can edit on DAG:example_dynamic_task_mapping
[2024-12-23T21:56:50.382+0000] {logging_mixin.py:190} INFO - [2024-12-23T21:56:50.382+0000] {override.py:1911} INFO - Created Permission View: can delete on DAG:example_dynamic_task_mapping
[2024-12-23T21:56:50.391+0000] {logging_mixin.py:190} INFO - [2024-12-23T21:56:50.391+0000] {override.py:1911} INFO - Created Permission View: can read on DAG:example_dynamic_task_mapping
[2024-12-23T21:56:50.400+0000] {logging_mixin.py:190} INFO - [2024-12-23T21:56:50.400+0000] {override.py:1911} INFO - Created Permission View: menu access on DAG Run:example_dynamic_task_mapping
[2024-12-23T21:56:50.409+0000] {logging_mixin.py:190} INFO - [2024-12-23T21:56:50.408+0000] {override.py:1911} INFO - Created Permission View: can delete on DAG Run:example_dynamic_task_mapping
[2024-12-23T21:56:50.418+0000] {logging_mixin.py:190} INFO - [2024-12-23T21:56:50.417+0000] {override.py:1911} INFO - Created Permission View: can read on DAG Run:example_dynamic_task_mapping
[2024-12-23T21:56:50.426+0000] {logging_mixin.py:190} INFO - [2024-12-23T21:56:50.426+0000] {override.py:1911} INFO - Created Permission View: can create on DAG Run:example_dynamic_task_mapping
[2024-12-23T21:56:50.427+0000] {logging_mixin.py:190} INFO - [2024-12-23T21:56:50.427+0000] {dag.py:3239} INFO - Sync 1 DAGs
[2024-12-23T21:56:50.443+0000] {logging_mixin.py:190} INFO - [2024-12-23T21:56:50.443+0000] {dag.py:3262} INFO - Creating ORM DAG for example_dynamic_task_mapping
[2024-12-23T21:56:50.444+0000] {logging_mixin.py:190} INFO - [2024-12-23T21:56:50.444+0000] {dag.py:4180} INFO - Setting next_dagrun for example_dynamic_task_mapping to None, run_after=None
[2024-12-23T21:56:50.463+0000] {processor.py:208} INFO - Processing /home/airflow/.local/lib/python3.12/site-packages/airflow/example_dags/example_dynamic_task_mapping.py took 0.243 seconds
[2024-12-23T21:57:20.530+0000] {processor.py:186} INFO - Started process (PID=179) to work on /home/airflow/.local/lib/python3.12/site-packages/airflow/example_dags/example_dynamic_task_mapping.py
[2024-12-23T21:57:20.531+0000] {processor.py:914} INFO - Processing file /home/airflow/.local/lib/python3.12/site-packages/airflow/example_dags/example_dynamic_task_mapping.py for tasks to queue
[2024-12-23T21:57:20.534+0000] {logging_mixin.py:190} INFO - [2024-12-23T21:57:20.533+0000] {dagbag.py:588} INFO - Filling up the DagBag from /home/airflow/.local/lib/python3.12/site-packages/airflow/example_dags/example_dynamic_task_mapping.py
[2024-12-23T21:57:20.541+0000] {processor.py:925} INFO - DAG(s) 'example_dynamic_task_mapping' retrieved from /home/airflow/.local/lib/python3.12/site-packages/airflow/example_dags/example_dynamic_task_mapping.py
[2024-12-23T21:57:20.558+0000] {logging_mixin.py:190} INFO - [2024-12-23T21:57:20.558+0000] {dag.py:3239} INFO - Sync 1 DAGs
[2024-12-23T21:57:20.571+0000] {logging_mixin.py:190} INFO - [2024-12-23T21:57:20.570+0000] {dag.py:4180} INFO - Setting next_dagrun for example_dynamic_task_mapping to None, run_after=None
[2024-12-23T21:57:20.588+0000] {processor.py:208} INFO - Processing /home/airflow/.local/lib/python3.12/site-packages/airflow/example_dags/example_dynamic_task_mapping.py took 0.062 seconds
