[2024-12-23T21:56:41.709+0000] {processor.py:186} INFO - Started process (PID=82) to work on /home/airflow/.local/lib/python3.12/site-packages/airflow/example_dags/example_setup_teardown.py
[2024-12-23T21:56:41.710+0000] {processor.py:914} INFO - Processing file /home/airflow/.local/lib/python3.12/site-packages/airflow/example_dags/example_setup_teardown.py for tasks to queue
[2024-12-23T21:56:41.713+0000] {logging_mixin.py:190} INFO - [2024-12-23T21:56:41.713+0000] {dagbag.py:588} INFO - Filling up the DagBag from /home/airflow/.local/lib/python3.12/site-packages/airflow/example_dags/example_setup_teardown.py
[2024-12-23T21:56:41.725+0000] {processor.py:925} INFO - DAG(s) 'example_setup_teardown' retrieved from /home/airflow/.local/lib/python3.12/site-packages/airflow/example_dags/example_setup_teardown.py
[2024-12-23T21:56:41.866+0000] {logging_mixin.py:190} INFO - [2024-12-23T21:56:41.865+0000] {override.py:1911} INFO - Created Permission View: can edit on DAG:example_setup_teardown
[2024-12-23T21:56:41.879+0000] {logging_mixin.py:190} INFO - [2024-12-23T21:56:41.878+0000] {override.py:1911} INFO - Created Permission View: can delete on DAG:example_setup_teardown
[2024-12-23T21:56:41.892+0000] {logging_mixin.py:190} INFO - [2024-12-23T21:56:41.892+0000] {override.py:1911} INFO - Created Permission View: can read on DAG:example_setup_teardown
[2024-12-23T21:56:41.904+0000] {logging_mixin.py:190} INFO - [2024-12-23T21:56:41.904+0000] {override.py:1911} INFO - Created Permission View: menu access on DAG Run:example_setup_teardown
[2024-12-23T21:56:41.913+0000] {logging_mixin.py:190} INFO - [2024-12-23T21:56:41.913+0000] {override.py:1911} INFO - Created Permission View: can delete on DAG Run:example_setup_teardown
[2024-12-23T21:56:41.924+0000] {logging_mixin.py:190} INFO - [2024-12-23T21:56:41.924+0000] {override.py:1911} INFO - Created Permission View: can read on DAG Run:example_setup_teardown
[2024-12-23T21:56:41.933+0000] {logging_mixin.py:190} INFO - [2024-12-23T21:56:41.932+0000] {override.py:1911} INFO - Created Permission View: can create on DAG Run:example_setup_teardown
[2024-12-23T21:56:41.934+0000] {logging_mixin.py:190} INFO - [2024-12-23T21:56:41.933+0000] {dag.py:3239} INFO - Sync 1 DAGs
[2024-12-23T21:56:41.950+0000] {logging_mixin.py:190} INFO - [2024-12-23T21:56:41.949+0000] {dag.py:3262} INFO - Creating ORM DAG for example_setup_teardown
[2024-12-23T21:56:41.951+0000] {logging_mixin.py:190} INFO - [2024-12-23T21:56:41.951+0000] {dag.py:4180} INFO - Setting next_dagrun for example_setup_teardown to None, run_after=None
[2024-12-23T21:56:41.978+0000] {processor.py:208} INFO - Processing /home/airflow/.local/lib/python3.12/site-packages/airflow/example_dags/example_setup_teardown.py took 0.276 seconds
[2024-12-23T21:57:12.192+0000] {processor.py:186} INFO - Started process (PID=144) to work on /home/airflow/.local/lib/python3.12/site-packages/airflow/example_dags/example_setup_teardown.py
[2024-12-23T21:57:12.193+0000] {processor.py:914} INFO - Processing file /home/airflow/.local/lib/python3.12/site-packages/airflow/example_dags/example_setup_teardown.py for tasks to queue
[2024-12-23T21:57:12.196+0000] {logging_mixin.py:190} INFO - [2024-12-23T21:57:12.196+0000] {dagbag.py:588} INFO - Filling up the DagBag from /home/airflow/.local/lib/python3.12/site-packages/airflow/example_dags/example_setup_teardown.py
[2024-12-23T21:57:12.204+0000] {processor.py:925} INFO - DAG(s) 'example_setup_teardown' retrieved from /home/airflow/.local/lib/python3.12/site-packages/airflow/example_dags/example_setup_teardown.py
[2024-12-23T21:57:12.222+0000] {logging_mixin.py:190} INFO - [2024-12-23T21:57:12.221+0000] {dag.py:3239} INFO - Sync 1 DAGs
[2024-12-23T21:57:12.236+0000] {logging_mixin.py:190} INFO - [2024-12-23T21:57:12.236+0000] {dag.py:4180} INFO - Setting next_dagrun for example_setup_teardown to None, run_after=None
[2024-12-23T21:57:12.254+0000] {processor.py:208} INFO - Processing /home/airflow/.local/lib/python3.12/site-packages/airflow/example_dags/example_setup_teardown.py took 0.067 seconds
