[2024-12-23T21:56:50.287+0000] {processor.py:186} INFO - Started process (PID=117) to work on /home/airflow/.local/lib/python3.12/site-packages/airflow/example_dags/example_sensor_decorator.py
[2024-12-23T21:56:50.288+0000] {processor.py:914} INFO - Processing file /home/airflow/.local/lib/python3.12/site-packages/airflow/example_dags/example_sensor_decorator.py for tasks to queue
[2024-12-23T21:56:50.291+0000] {logging_mixin.py:190} INFO - [2024-12-23T21:56:50.291+0000] {dagbag.py:588} INFO - Filling up the DagBag from /home/airflow/.local/lib/python3.12/site-packages/airflow/example_dags/example_sensor_decorator.py
[2024-12-23T21:56:50.301+0000] {processor.py:925} INFO - DAG(s) 'example_sensor_decorator' retrieved from /home/airflow/.local/lib/python3.12/site-packages/airflow/example_dags/example_sensor_decorator.py
[2024-12-23T21:56:50.432+0000] {logging_mixin.py:190} INFO - [2024-12-23T21:56:50.431+0000] {override.py:1911} INFO - Created Permission View: can edit on DAG:example_sensor_decorator
[2024-12-23T21:56:50.444+0000] {logging_mixin.py:190} INFO - [2024-12-23T21:56:50.443+0000] {override.py:1911} INFO - Created Permission View: can delete on DAG:example_sensor_decorator
[2024-12-23T21:56:50.453+0000] {logging_mixin.py:190} INFO - [2024-12-23T21:56:50.453+0000] {override.py:1911} INFO - Created Permission View: can read on DAG:example_sensor_decorator
[2024-12-23T21:56:50.463+0000] {logging_mixin.py:190} INFO - [2024-12-23T21:56:50.462+0000] {override.py:1911} INFO - Created Permission View: menu access on DAG Run:example_sensor_decorator
[2024-12-23T21:56:50.472+0000] {logging_mixin.py:190} INFO - [2024-12-23T21:56:50.472+0000] {override.py:1911} INFO - Created Permission View: can delete on DAG Run:example_sensor_decorator
[2024-12-23T21:56:50.480+0000] {logging_mixin.py:190} INFO - [2024-12-23T21:56:50.480+0000] {override.py:1911} INFO - Created Permission View: can read on DAG Run:example_sensor_decorator
[2024-12-23T21:56:50.488+0000] {logging_mixin.py:190} INFO - [2024-12-23T21:56:50.488+0000] {override.py:1911} INFO - Created Permission View: can create on DAG Run:example_sensor_decorator
[2024-12-23T21:56:50.489+0000] {logging_mixin.py:190} INFO - [2024-12-23T21:56:50.489+0000] {dag.py:3239} INFO - Sync 1 DAGs
[2024-12-23T21:56:50.505+0000] {logging_mixin.py:190} INFO - [2024-12-23T21:56:50.505+0000] {dag.py:3262} INFO - Creating ORM DAG for example_sensor_decorator
[2024-12-23T21:56:50.506+0000] {logging_mixin.py:190} INFO - [2024-12-23T21:56:50.506+0000] {dag.py:4180} INFO - Setting next_dagrun for example_sensor_decorator to None, run_after=None
[2024-12-23T21:56:50.525+0000] {processor.py:208} INFO - Processing /home/airflow/.local/lib/python3.12/site-packages/airflow/example_dags/example_sensor_decorator.py took 0.244 seconds
[2024-12-23T21:57:20.622+0000] {processor.py:186} INFO - Started process (PID=180) to work on /home/airflow/.local/lib/python3.12/site-packages/airflow/example_dags/example_sensor_decorator.py
[2024-12-23T21:57:20.623+0000] {processor.py:914} INFO - Processing file /home/airflow/.local/lib/python3.12/site-packages/airflow/example_dags/example_sensor_decorator.py for tasks to queue
[2024-12-23T21:57:20.626+0000] {logging_mixin.py:190} INFO - [2024-12-23T21:57:20.625+0000] {dagbag.py:588} INFO - Filling up the DagBag from /home/airflow/.local/lib/python3.12/site-packages/airflow/example_dags/example_sensor_decorator.py
[2024-12-23T21:57:20.632+0000] {processor.py:925} INFO - DAG(s) 'example_sensor_decorator' retrieved from /home/airflow/.local/lib/python3.12/site-packages/airflow/example_dags/example_sensor_decorator.py
[2024-12-23T21:57:20.650+0000] {logging_mixin.py:190} INFO - [2024-12-23T21:57:20.650+0000] {dag.py:3239} INFO - Sync 1 DAGs
[2024-12-23T21:57:20.665+0000] {logging_mixin.py:190} INFO - [2024-12-23T21:57:20.664+0000] {dag.py:4180} INFO - Setting next_dagrun for example_sensor_decorator to None, run_after=None
[2024-12-23T21:57:20.683+0000] {processor.py:208} INFO - Processing /home/airflow/.local/lib/python3.12/site-packages/airflow/example_dags/example_sensor_decorator.py took 0.066 seconds
