[2024-12-23T21:56:46.740+0000] {processor.py:186} INFO - Started process (PID=98) to work on /home/airflow/.local/lib/python3.12/site-packages/airflow/example_dags/example_task_group_decorator.py
[2024-12-23T21:56:46.742+0000] {processor.py:914} INFO - Processing file /home/airflow/.local/lib/python3.12/site-packages/airflow/example_dags/example_task_group_decorator.py for tasks to queue
[2024-12-23T21:56:46.745+0000] {logging_mixin.py:190} INFO - [2024-12-23T21:56:46.745+0000] {dagbag.py:588} INFO - Filling up the DagBag from /home/airflow/.local/lib/python3.12/site-packages/airflow/example_dags/example_task_group_decorator.py
[2024-12-23T21:56:46.768+0000] {processor.py:925} INFO - DAG(s) 'example_task_group_decorator' retrieved from /home/airflow/.local/lib/python3.12/site-packages/airflow/example_dags/example_task_group_decorator.py
[2024-12-23T21:56:46.949+0000] {logging_mixin.py:190} INFO - [2024-12-23T21:56:46.949+0000] {override.py:1911} INFO - Created Permission View: can edit on DAG:example_task_group_decorator
[2024-12-23T21:56:46.961+0000] {logging_mixin.py:190} INFO - [2024-12-23T21:56:46.960+0000] {override.py:1911} INFO - Created Permission View: can delete on DAG:example_task_group_decorator
[2024-12-23T21:56:46.969+0000] {logging_mixin.py:190} INFO - [2024-12-23T21:56:46.969+0000] {override.py:1911} INFO - Created Permission View: can read on DAG:example_task_group_decorator
[2024-12-23T21:56:46.978+0000] {logging_mixin.py:190} INFO - [2024-12-23T21:56:46.977+0000] {override.py:1911} INFO - Created Permission View: menu access on DAG Run:example_task_group_decorator
[2024-12-23T21:56:46.985+0000] {logging_mixin.py:190} INFO - [2024-12-23T21:56:46.985+0000] {override.py:1911} INFO - Created Permission View: can delete on DAG Run:example_task_group_decorator
[2024-12-23T21:56:46.993+0000] {logging_mixin.py:190} INFO - [2024-12-23T21:56:46.993+0000] {override.py:1911} INFO - Created Permission View: can read on DAG Run:example_task_group_decorator
[2024-12-23T21:56:47.000+0000] {logging_mixin.py:190} INFO - [2024-12-23T21:56:47.000+0000] {override.py:1911} INFO - Created Permission View: can create on DAG Run:example_task_group_decorator
[2024-12-23T21:56:47.001+0000] {logging_mixin.py:190} INFO - [2024-12-23T21:56:47.001+0000] {dag.py:3239} INFO - Sync 1 DAGs
[2024-12-23T21:56:47.017+0000] {logging_mixin.py:190} INFO - [2024-12-23T21:56:47.016+0000] {dag.py:3262} INFO - Creating ORM DAG for example_task_group_decorator
[2024-12-23T21:56:47.018+0000] {logging_mixin.py:190} INFO - [2024-12-23T21:56:47.018+0000] {dag.py:4180} INFO - Setting next_dagrun for example_task_group_decorator to None, run_after=None
[2024-12-23T21:56:47.036+0000] {processor.py:208} INFO - Processing /home/airflow/.local/lib/python3.12/site-packages/airflow/example_dags/example_task_group_decorator.py took 0.302 seconds
[2024-12-23T21:57:17.775+0000] {processor.py:186} INFO - Started process (PID=161) to work on /home/airflow/.local/lib/python3.12/site-packages/airflow/example_dags/example_task_group_decorator.py
[2024-12-23T21:57:17.776+0000] {processor.py:914} INFO - Processing file /home/airflow/.local/lib/python3.12/site-packages/airflow/example_dags/example_task_group_decorator.py for tasks to queue
[2024-12-23T21:57:17.778+0000] {logging_mixin.py:190} INFO - [2024-12-23T21:57:17.778+0000] {dagbag.py:588} INFO - Filling up the DagBag from /home/airflow/.local/lib/python3.12/site-packages/airflow/example_dags/example_task_group_decorator.py
[2024-12-23T21:57:17.794+0000] {processor.py:925} INFO - DAG(s) 'example_task_group_decorator' retrieved from /home/airflow/.local/lib/python3.12/site-packages/airflow/example_dags/example_task_group_decorator.py
[2024-12-23T21:57:17.816+0000] {logging_mixin.py:190} INFO - [2024-12-23T21:57:17.816+0000] {dag.py:3239} INFO - Sync 1 DAGs
[2024-12-23T21:57:17.829+0000] {logging_mixin.py:190} INFO - [2024-12-23T21:57:17.829+0000] {dag.py:4180} INFO - Setting next_dagrun for example_task_group_decorator to None, run_after=None
[2024-12-23T21:57:17.848+0000] {processor.py:208} INFO - Processing /home/airflow/.local/lib/python3.12/site-packages/airflow/example_dags/example_task_group_decorator.py took 0.078 seconds
