[2024-12-23T21:56:46.610+0000] {processor.py:186} INFO - Started process (PID=97) to work on /home/airflow/.local/lib/python3.12/site-packages/airflow/example_dags/example_branch_python_dop_operator_3.py
[2024-12-23T21:56:46.611+0000] {processor.py:914} INFO - Processing file /home/airflow/.local/lib/python3.12/site-packages/airflow/example_dags/example_branch_python_dop_operator_3.py for tasks to queue
[2024-12-23T21:56:46.614+0000] {logging_mixin.py:190} INFO - [2024-12-23T21:56:46.614+0000] {dagbag.py:588} INFO - Filling up the DagBag from /home/airflow/.local/lib/python3.12/site-packages/airflow/example_dags/example_branch_python_dop_operator_3.py
[2024-12-23T21:56:46.628+0000] {processor.py:925} INFO - DAG(s) 'example_branch_dop_operator_v3' retrieved from /home/airflow/.local/lib/python3.12/site-packages/airflow/example_dags/example_branch_python_dop_operator_3.py
[2024-12-23T21:56:46.765+0000] {logging_mixin.py:190} INFO - [2024-12-23T21:56:46.764+0000] {override.py:1911} INFO - Created Permission View: can edit on DAG:example_branch_dop_operator_v3
[2024-12-23T21:56:46.779+0000] {logging_mixin.py:190} INFO - [2024-12-23T21:56:46.778+0000] {override.py:1911} INFO - Created Permission View: can delete on DAG:example_branch_dop_operator_v3
[2024-12-23T21:56:46.787+0000] {logging_mixin.py:190} INFO - [2024-12-23T21:56:46.787+0000] {override.py:1911} INFO - Created Permission View: can read on DAG:example_branch_dop_operator_v3
[2024-12-23T21:56:46.798+0000] {logging_mixin.py:190} INFO - [2024-12-23T21:56:46.797+0000] {override.py:1911} INFO - Created Permission View: menu access on DAG Run:example_branch_dop_operator_v3
[2024-12-23T21:56:46.806+0000] {logging_mixin.py:190} INFO - [2024-12-23T21:56:46.806+0000] {override.py:1911} INFO - Created Permission View: can delete on DAG Run:example_branch_dop_operator_v3
[2024-12-23T21:56:46.815+0000] {logging_mixin.py:190} INFO - [2024-12-23T21:56:46.815+0000] {override.py:1911} INFO - Created Permission View: can read on DAG Run:example_branch_dop_operator_v3
[2024-12-23T21:56:46.824+0000] {logging_mixin.py:190} INFO - [2024-12-23T21:56:46.824+0000] {override.py:1911} INFO - Created Permission View: can create on DAG Run:example_branch_dop_operator_v3
[2024-12-23T21:56:46.825+0000] {logging_mixin.py:190} INFO - [2024-12-23T21:56:46.825+0000] {dag.py:3239} INFO - Sync 1 DAGs
[2024-12-23T21:56:46.842+0000] {logging_mixin.py:190} INFO - [2024-12-23T21:56:46.842+0000] {dag.py:3262} INFO - Creating ORM DAG for example_branch_dop_operator_v3
[2024-12-23T21:56:46.859+0000] {logging_mixin.py:190} INFO - [2024-12-23T21:56:46.859+0000] {dag.py:4180} INFO - Setting next_dagrun for example_branch_dop_operator_v3 to 2024-12-23 21:55:00+00:00, run_after=2024-12-23 21:56:00+00:00
[2024-12-23T21:56:46.878+0000] {processor.py:208} INFO - Processing /home/airflow/.local/lib/python3.12/site-packages/airflow/example_dags/example_branch_python_dop_operator_3.py took 0.276 seconds
[2024-12-23T21:57:17.667+0000] {processor.py:186} INFO - Started process (PID=160) to work on /home/airflow/.local/lib/python3.12/site-packages/airflow/example_dags/example_branch_python_dop_operator_3.py
[2024-12-23T21:57:17.668+0000] {processor.py:914} INFO - Processing file /home/airflow/.local/lib/python3.12/site-packages/airflow/example_dags/example_branch_python_dop_operator_3.py for tasks to queue
[2024-12-23T21:57:17.670+0000] {logging_mixin.py:190} INFO - [2024-12-23T21:57:17.670+0000] {dagbag.py:588} INFO - Filling up the DagBag from /home/airflow/.local/lib/python3.12/site-packages/airflow/example_dags/example_branch_python_dop_operator_3.py
[2024-12-23T21:57:17.680+0000] {processor.py:925} INFO - DAG(s) 'example_branch_dop_operator_v3' retrieved from /home/airflow/.local/lib/python3.12/site-packages/airflow/example_dags/example_branch_python_dop_operator_3.py
[2024-12-23T21:57:17.699+0000] {logging_mixin.py:190} INFO - [2024-12-23T21:57:17.699+0000] {dag.py:3239} INFO - Sync 1 DAGs
[2024-12-23T21:57:17.723+0000] {logging_mixin.py:190} INFO - [2024-12-23T21:57:17.723+0000] {dag.py:4180} INFO - Setting next_dagrun for example_branch_dop_operator_v3 to 2024-12-23 21:56:00+00:00, run_after=2024-12-23 21:57:00+00:00
[2024-12-23T21:57:17.741+0000] {processor.py:208} INFO - Processing /home/airflow/.local/lib/python3.12/site-packages/airflow/example_dags/example_branch_python_dop_operator_3.py took 0.079 seconds
