[2024-12-23T21:56:50.500+0000] {processor.py:186} INFO - Started process (PID=118) to work on /home/airflow/.local/lib/python3.12/site-packages/airflow/example_dags/example_latest_only.py
[2024-12-23T21:56:50.502+0000] {processor.py:914} INFO - Processing file /home/airflow/.local/lib/python3.12/site-packages/airflow/example_dags/example_latest_only.py for tasks to queue
[2024-12-23T21:56:50.504+0000] {logging_mixin.py:190} INFO - [2024-12-23T21:56:50.504+0000] {dagbag.py:588} INFO - Filling up the DagBag from /home/airflow/.local/lib/python3.12/site-packages/airflow/example_dags/example_latest_only.py
[2024-12-23T21:56:50.513+0000] {processor.py:925} INFO - DAG(s) 'latest_only' retrieved from /home/airflow/.local/lib/python3.12/site-packages/airflow/example_dags/example_latest_only.py
[2024-12-23T21:56:50.633+0000] {logging_mixin.py:190} INFO - [2024-12-23T21:56:50.632+0000] {override.py:1911} INFO - Created Permission View: can edit on DAG:latest_only
[2024-12-23T21:56:50.645+0000] {logging_mixin.py:190} INFO - [2024-12-23T21:56:50.645+0000] {override.py:1911} INFO - Created Permission View: can delete on DAG:latest_only
[2024-12-23T21:56:50.653+0000] {logging_mixin.py:190} INFO - [2024-12-23T21:56:50.653+0000] {override.py:1911} INFO - Created Permission View: can read on DAG:latest_only
[2024-12-23T21:56:50.662+0000] {logging_mixin.py:190} INFO - [2024-12-23T21:56:50.661+0000] {override.py:1911} INFO - Created Permission View: menu access on DAG Run:latest_only
[2024-12-23T21:56:50.670+0000] {logging_mixin.py:190} INFO - [2024-12-23T21:56:50.669+0000] {override.py:1911} INFO - Created Permission View: can delete on DAG Run:latest_only
[2024-12-23T21:56:50.677+0000] {logging_mixin.py:190} INFO - [2024-12-23T21:56:50.676+0000] {override.py:1911} INFO - Created Permission View: can read on DAG Run:latest_only
[2024-12-23T21:56:50.684+0000] {logging_mixin.py:190} INFO - [2024-12-23T21:56:50.683+0000] {override.py:1911} INFO - Created Permission View: can create on DAG Run:latest_only
[2024-12-23T21:56:50.684+0000] {logging_mixin.py:190} INFO - [2024-12-23T21:56:50.684+0000] {dag.py:3239} INFO - Sync 1 DAGs
[2024-12-23T21:56:50.701+0000] {logging_mixin.py:190} INFO - [2024-12-23T21:56:50.701+0000] {dag.py:3262} INFO - Creating ORM DAG for latest_only
[2024-12-23T21:56:50.715+0000] {logging_mixin.py:190} INFO - [2024-12-23T21:56:50.715+0000] {dag.py:4180} INFO - Setting next_dagrun for latest_only to 2024-12-23 16:00:00+00:00, run_after=2024-12-23 20:00:00+00:00
[2024-12-23T21:56:50.738+0000] {processor.py:208} INFO - Processing /home/airflow/.local/lib/python3.12/site-packages/airflow/example_dags/example_latest_only.py took 0.244 seconds
[2024-12-23T21:57:21.631+0000] {processor.py:186} INFO - Started process (PID=181) to work on /home/airflow/.local/lib/python3.12/site-packages/airflow/example_dags/example_latest_only.py
[2024-12-23T21:57:21.632+0000] {processor.py:914} INFO - Processing file /home/airflow/.local/lib/python3.12/site-packages/airflow/example_dags/example_latest_only.py for tasks to queue
[2024-12-23T21:57:21.635+0000] {logging_mixin.py:190} INFO - [2024-12-23T21:57:21.635+0000] {dagbag.py:588} INFO - Filling up the DagBag from /home/airflow/.local/lib/python3.12/site-packages/airflow/example_dags/example_latest_only.py
[2024-12-23T21:57:21.642+0000] {processor.py:925} INFO - DAG(s) 'latest_only' retrieved from /home/airflow/.local/lib/python3.12/site-packages/airflow/example_dags/example_latest_only.py
[2024-12-23T21:57:21.659+0000] {logging_mixin.py:190} INFO - [2024-12-23T21:57:21.659+0000] {dag.py:3239} INFO - Sync 1 DAGs
[2024-12-23T21:57:21.679+0000] {logging_mixin.py:190} INFO - [2024-12-23T21:57:21.679+0000] {dag.py:4180} INFO - Setting next_dagrun for latest_only to 2024-12-23 16:00:00+00:00, run_after=2024-12-23 20:00:00+00:00
[2024-12-23T21:57:21.696+0000] {processor.py:208} INFO - Processing /home/airflow/.local/lib/python3.12/site-packages/airflow/example_dags/example_latest_only.py took 0.070 seconds
