[2024-12-23T21:56:44.171+0000] {processor.py:186} INFO - Started process (PID=91) to work on /home/airflow/.local/lib/python3.12/site-packages/airflow/example_dags/example_nested_branch_dag.py
[2024-12-23T21:56:44.172+0000] {processor.py:914} INFO - Processing file /home/airflow/.local/lib/python3.12/site-packages/airflow/example_dags/example_nested_branch_dag.py for tasks to queue
[2024-12-23T21:56:44.175+0000] {logging_mixin.py:190} INFO - [2024-12-23T21:56:44.174+0000] {dagbag.py:588} INFO - Filling up the DagBag from /home/airflow/.local/lib/python3.12/site-packages/airflow/example_dags/example_nested_branch_dag.py
[2024-12-23T21:56:44.197+0000] {processor.py:925} INFO - DAG(s) 'example_nested_branch_dag' retrieved from /home/airflow/.local/lib/python3.12/site-packages/airflow/example_dags/example_nested_branch_dag.py
[2024-12-23T21:56:44.361+0000] {logging_mixin.py:190} INFO - [2024-12-23T21:56:44.360+0000] {override.py:1911} INFO - Created Permission View: can edit on DAG:example_nested_branch_dag
[2024-12-23T21:56:44.374+0000] {logging_mixin.py:190} INFO - [2024-12-23T21:56:44.374+0000] {override.py:1911} INFO - Created Permission View: can delete on DAG:example_nested_branch_dag
[2024-12-23T21:56:44.386+0000] {logging_mixin.py:190} INFO - [2024-12-23T21:56:44.385+0000] {override.py:1911} INFO - Created Permission View: can read on DAG:example_nested_branch_dag
[2024-12-23T21:56:44.402+0000] {logging_mixin.py:190} INFO - [2024-12-23T21:56:44.402+0000] {override.py:1911} INFO - Created Permission View: menu access on DAG Run:example_nested_branch_dag
[2024-12-23T21:56:44.413+0000] {logging_mixin.py:190} INFO - [2024-12-23T21:56:44.413+0000] {override.py:1911} INFO - Created Permission View: can delete on DAG Run:example_nested_branch_dag
[2024-12-23T21:56:44.425+0000] {logging_mixin.py:190} INFO - [2024-12-23T21:56:44.424+0000] {override.py:1911} INFO - Created Permission View: can read on DAG Run:example_nested_branch_dag
[2024-12-23T21:56:44.434+0000] {logging_mixin.py:190} INFO - [2024-12-23T21:56:44.433+0000] {override.py:1911} INFO - Created Permission View: can create on DAG Run:example_nested_branch_dag
[2024-12-23T21:56:44.434+0000] {logging_mixin.py:190} INFO - [2024-12-23T21:56:44.434+0000] {dag.py:3239} INFO - Sync 1 DAGs
[2024-12-23T21:56:44.451+0000] {logging_mixin.py:190} INFO - [2024-12-23T21:56:44.451+0000] {dag.py:3262} INFO - Creating ORM DAG for example_nested_branch_dag
[2024-12-23T21:56:44.466+0000] {logging_mixin.py:190} INFO - [2024-12-23T21:56:44.465+0000] {dag.py:4180} INFO - Setting next_dagrun for example_nested_branch_dag to 2024-12-22 00:00:00+00:00, run_after=2024-12-23 00:00:00+00:00
[2024-12-23T21:56:44.486+0000] {processor.py:208} INFO - Processing /home/airflow/.local/lib/python3.12/site-packages/airflow/example_dags/example_nested_branch_dag.py took 0.322 seconds
[2024-12-23T21:57:15.253+0000] {processor.py:186} INFO - Started process (PID=154) to work on /home/airflow/.local/lib/python3.12/site-packages/airflow/example_dags/example_nested_branch_dag.py
[2024-12-23T21:57:15.254+0000] {processor.py:914} INFO - Processing file /home/airflow/.local/lib/python3.12/site-packages/airflow/example_dags/example_nested_branch_dag.py for tasks to queue
[2024-12-23T21:57:15.256+0000] {logging_mixin.py:190} INFO - [2024-12-23T21:57:15.256+0000] {dagbag.py:588} INFO - Filling up the DagBag from /home/airflow/.local/lib/python3.12/site-packages/airflow/example_dags/example_nested_branch_dag.py
[2024-12-23T21:57:15.268+0000] {processor.py:925} INFO - DAG(s) 'example_nested_branch_dag' retrieved from /home/airflow/.local/lib/python3.12/site-packages/airflow/example_dags/example_nested_branch_dag.py
[2024-12-23T21:57:15.287+0000] {logging_mixin.py:190} INFO - [2024-12-23T21:57:15.287+0000] {dag.py:3239} INFO - Sync 1 DAGs
[2024-12-23T21:57:15.309+0000] {logging_mixin.py:190} INFO - [2024-12-23T21:57:15.309+0000] {dag.py:4180} INFO - Setting next_dagrun for example_nested_branch_dag to 2024-12-22 00:00:00+00:00, run_after=2024-12-23 00:00:00+00:00
[2024-12-23T21:57:15.335+0000] {processor.py:208} INFO - Processing /home/airflow/.local/lib/python3.12/site-packages/airflow/example_dags/example_nested_branch_dag.py took 0.086 seconds
