[2024-12-23T21:56:45.236+0000] {processor.py:186} INFO - Started process (PID=95) to work on /home/airflow/.local/lib/python3.12/site-packages/airflow/example_dags/example_dataset_alias_with_no_taskflow.py
[2024-12-23T21:56:45.237+0000] {processor.py:914} INFO - Processing file /home/airflow/.local/lib/python3.12/site-packages/airflow/example_dags/example_dataset_alias_with_no_taskflow.py for tasks to queue
[2024-12-23T21:56:45.239+0000] {logging_mixin.py:190} INFO - [2024-12-23T21:56:45.239+0000] {dagbag.py:588} INFO - Filling up the DagBag from /home/airflow/.local/lib/python3.12/site-packages/airflow/example_dags/example_dataset_alias_with_no_taskflow.py
[2024-12-23T21:56:46.053+0000] {processor.py:925} INFO - DAG(s) 'dataset_s3_bucket_producer_with_no_taskflow', 'dataset_alias_example_alias_producer_with_no_taskflow', 'dataset_alias_example_alias_consumer_with_no_taskflow', 'dataset_s3_bucket_consumer_with_no_taskflow' retrieved from /home/airflow/.local/lib/python3.12/site-packages/airflow/example_dags/example_dataset_alias_with_no_taskflow.py
[2024-12-23T21:56:46.235+0000] {logging_mixin.py:190} INFO - [2024-12-23T21:56:46.233+0000] {override.py:1911} INFO - Created Permission View: can edit on DAG:dataset_s3_bucket_producer_with_no_taskflow
[2024-12-23T21:56:46.251+0000] {logging_mixin.py:190} INFO - [2024-12-23T21:56:46.251+0000] {override.py:1911} INFO - Created Permission View: can delete on DAG:dataset_s3_bucket_producer_with_no_taskflow
[2024-12-23T21:56:46.260+0000] {logging_mixin.py:190} INFO - [2024-12-23T21:56:46.259+0000] {override.py:1911} INFO - Created Permission View: can read on DAG:dataset_s3_bucket_producer_with_no_taskflow
[2024-12-23T21:56:46.270+0000] {logging_mixin.py:190} INFO - [2024-12-23T21:56:46.270+0000] {override.py:1911} INFO - Created Permission View: menu access on DAG Run:dataset_s3_bucket_producer_with_no_taskflow
[2024-12-23T21:56:46.278+0000] {logging_mixin.py:190} INFO - [2024-12-23T21:56:46.278+0000] {override.py:1911} INFO - Created Permission View: can delete on DAG Run:dataset_s3_bucket_producer_with_no_taskflow
[2024-12-23T21:56:46.287+0000] {logging_mixin.py:190} INFO - [2024-12-23T21:56:46.286+0000] {override.py:1911} INFO - Created Permission View: can read on DAG Run:dataset_s3_bucket_producer_with_no_taskflow
[2024-12-23T21:56:46.295+0000] {logging_mixin.py:190} INFO - [2024-12-23T21:56:46.295+0000] {override.py:1911} INFO - Created Permission View: can create on DAG Run:dataset_s3_bucket_producer_with_no_taskflow
[2024-12-23T21:56:46.313+0000] {logging_mixin.py:190} INFO - [2024-12-23T21:56:46.313+0000] {override.py:1911} INFO - Created Permission View: can edit on DAG:dataset_alias_example_alias_producer_with_no_taskflow
[2024-12-23T21:56:46.323+0000] {logging_mixin.py:190} INFO - [2024-12-23T21:56:46.323+0000] {override.py:1911} INFO - Created Permission View: can delete on DAG:dataset_alias_example_alias_producer_with_no_taskflow
[2024-12-23T21:56:46.333+0000] {logging_mixin.py:190} INFO - [2024-12-23T21:56:46.332+0000] {override.py:1911} INFO - Created Permission View: can read on DAG:dataset_alias_example_alias_producer_with_no_taskflow
[2024-12-23T21:56:46.341+0000] {logging_mixin.py:190} INFO - [2024-12-23T21:56:46.340+0000] {override.py:1911} INFO - Created Permission View: menu access on DAG Run:dataset_alias_example_alias_producer_with_no_taskflow
[2024-12-23T21:56:46.348+0000] {logging_mixin.py:190} INFO - [2024-12-23T21:56:46.348+0000] {override.py:1911} INFO - Created Permission View: can delete on DAG Run:dataset_alias_example_alias_producer_with_no_taskflow
[2024-12-23T21:56:46.356+0000] {logging_mixin.py:190} INFO - [2024-12-23T21:56:46.355+0000] {override.py:1911} INFO - Created Permission View: can read on DAG Run:dataset_alias_example_alias_producer_with_no_taskflow
[2024-12-23T21:56:46.363+0000] {logging_mixin.py:190} INFO - [2024-12-23T21:56:46.363+0000] {override.py:1911} INFO - Created Permission View: can create on DAG Run:dataset_alias_example_alias_producer_with_no_taskflow
[2024-12-23T21:56:46.378+0000] {logging_mixin.py:190} INFO - [2024-12-23T21:56:46.378+0000] {override.py:1911} INFO - Created Permission View: can edit on DAG:dataset_alias_example_alias_consumer_with_no_taskflow
[2024-12-23T21:56:46.386+0000] {logging_mixin.py:190} INFO - [2024-12-23T21:56:46.386+0000] {override.py:1911} INFO - Created Permission View: can delete on DAG:dataset_alias_example_alias_consumer_with_no_taskflow
[2024-12-23T21:56:46.395+0000] {logging_mixin.py:190} INFO - [2024-12-23T21:56:46.395+0000] {override.py:1911} INFO - Created Permission View: can read on DAG:dataset_alias_example_alias_consumer_with_no_taskflow
[2024-12-23T21:56:46.403+0000] {logging_mixin.py:190} INFO - [2024-12-23T21:56:46.403+0000] {override.py:1911} INFO - Created Permission View: menu access on DAG Run:dataset_alias_example_alias_consumer_with_no_taskflow
[2024-12-23T21:56:46.411+0000] {logging_mixin.py:190} INFO - [2024-12-23T21:56:46.411+0000] {override.py:1911} INFO - Created Permission View: can delete on DAG Run:dataset_alias_example_alias_consumer_with_no_taskflow
[2024-12-23T21:56:46.419+0000] {logging_mixin.py:190} INFO - [2024-12-23T21:56:46.419+0000] {override.py:1911} INFO - Created Permission View: can read on DAG Run:dataset_alias_example_alias_consumer_with_no_taskflow
[2024-12-23T21:56:46.428+0000] {logging_mixin.py:190} INFO - [2024-12-23T21:56:46.428+0000] {override.py:1911} INFO - Created Permission View: can create on DAG Run:dataset_alias_example_alias_consumer_with_no_taskflow
[2024-12-23T21:56:46.444+0000] {logging_mixin.py:190} INFO - [2024-12-23T21:56:46.443+0000] {override.py:1911} INFO - Created Permission View: can edit on DAG:dataset_s3_bucket_consumer_with_no_taskflow
[2024-12-23T21:56:46.452+0000] {logging_mixin.py:190} INFO - [2024-12-23T21:56:46.452+0000] {override.py:1911} INFO - Created Permission View: can delete on DAG:dataset_s3_bucket_consumer_with_no_taskflow
[2024-12-23T21:56:46.460+0000] {logging_mixin.py:190} INFO - [2024-12-23T21:56:46.460+0000] {override.py:1911} INFO - Created Permission View: can read on DAG:dataset_s3_bucket_consumer_with_no_taskflow
[2024-12-23T21:56:46.469+0000] {logging_mixin.py:190} INFO - [2024-12-23T21:56:46.469+0000] {override.py:1911} INFO - Created Permission View: menu access on DAG Run:dataset_s3_bucket_consumer_with_no_taskflow
[2024-12-23T21:56:46.477+0000] {logging_mixin.py:190} INFO - [2024-12-23T21:56:46.476+0000] {override.py:1911} INFO - Created Permission View: can delete on DAG Run:dataset_s3_bucket_consumer_with_no_taskflow
[2024-12-23T21:56:46.484+0000] {logging_mixin.py:190} INFO - [2024-12-23T21:56:46.484+0000] {override.py:1911} INFO - Created Permission View: can read on DAG Run:dataset_s3_bucket_consumer_with_no_taskflow
[2024-12-23T21:56:46.493+0000] {logging_mixin.py:190} INFO - [2024-12-23T21:56:46.493+0000] {override.py:1911} INFO - Created Permission View: can create on DAG Run:dataset_s3_bucket_consumer_with_no_taskflow
[2024-12-23T21:56:46.494+0000] {logging_mixin.py:190} INFO - [2024-12-23T21:56:46.494+0000] {dag.py:3239} INFO - Sync 4 DAGs
[2024-12-23T21:56:46.514+0000] {logging_mixin.py:190} INFO - [2024-12-23T21:56:46.513+0000] {dag.py:3262} INFO - Creating ORM DAG for dataset_alias_example_alias_consumer_with_no_taskflow
[2024-12-23T21:56:46.515+0000] {logging_mixin.py:190} INFO - [2024-12-23T21:56:46.515+0000] {dag.py:3262} INFO - Creating ORM DAG for dataset_s3_bucket_producer_with_no_taskflow
[2024-12-23T21:56:46.516+0000] {logging_mixin.py:190} INFO - [2024-12-23T21:56:46.516+0000] {dag.py:3262} INFO - Creating ORM DAG for dataset_alias_example_alias_producer_with_no_taskflow
[2024-12-23T21:56:46.517+0000] {logging_mixin.py:190} INFO - [2024-12-23T21:56:46.517+0000] {dag.py:3262} INFO - Creating ORM DAG for dataset_s3_bucket_consumer_with_no_taskflow
[2024-12-23T21:56:46.529+0000] {logging_mixin.py:190} INFO - [2024-12-23T21:56:46.529+0000] {dag.py:4180} INFO - Setting next_dagrun for dataset_alias_example_alias_consumer_with_no_taskflow to None, run_after=None
[2024-12-23T21:56:46.530+0000] {logging_mixin.py:190} INFO - [2024-12-23T21:56:46.530+0000] {dag.py:4180} INFO - Setting next_dagrun for dataset_alias_example_alias_producer_with_no_taskflow to None, run_after=None
[2024-12-23T21:56:46.531+0000] {logging_mixin.py:190} INFO - [2024-12-23T21:56:46.531+0000] {dag.py:4180} INFO - Setting next_dagrun for dataset_s3_bucket_consumer_with_no_taskflow to None, run_after=None
[2024-12-23T21:56:46.532+0000] {logging_mixin.py:190} INFO - [2024-12-23T21:56:46.532+0000] {dag.py:4180} INFO - Setting next_dagrun for dataset_s3_bucket_producer_with_no_taskflow to None, run_after=None
[2024-12-23T21:56:46.567+0000] {processor.py:208} INFO - Processing /home/airflow/.local/lib/python3.12/site-packages/airflow/example_dags/example_dataset_alias_with_no_taskflow.py took 1.340 seconds
[2024-12-23T21:57:16.927+0000] {processor.py:186} INFO - Started process (PID=158) to work on /home/airflow/.local/lib/python3.12/site-packages/airflow/example_dags/example_dataset_alias_with_no_taskflow.py
[2024-12-23T21:57:16.928+0000] {processor.py:914} INFO - Processing file /home/airflow/.local/lib/python3.12/site-packages/airflow/example_dags/example_dataset_alias_with_no_taskflow.py for tasks to queue
[2024-12-23T21:57:16.930+0000] {logging_mixin.py:190} INFO - [2024-12-23T21:57:16.930+0000] {dagbag.py:588} INFO - Filling up the DagBag from /home/airflow/.local/lib/python3.12/site-packages/airflow/example_dags/example_dataset_alias_with_no_taskflow.py
[2024-12-23T21:57:17.462+0000] {processor.py:925} INFO - DAG(s) 'dataset_s3_bucket_consumer_with_no_taskflow', 'dataset_alias_example_alias_consumer_with_no_taskflow', 'dataset_s3_bucket_producer_with_no_taskflow', 'dataset_alias_example_alias_producer_with_no_taskflow' retrieved from /home/airflow/.local/lib/python3.12/site-packages/airflow/example_dags/example_dataset_alias_with_no_taskflow.py
[2024-12-23T21:57:17.481+0000] {logging_mixin.py:190} INFO - [2024-12-23T21:57:17.480+0000] {dag.py:3239} INFO - Sync 4 DAGs
[2024-12-23T21:57:17.502+0000] {logging_mixin.py:190} INFO - [2024-12-23T21:57:17.502+0000] {dag.py:4180} INFO - Setting next_dagrun for dataset_alias_example_alias_consumer_with_no_taskflow to None, run_after=None
[2024-12-23T21:57:17.505+0000] {logging_mixin.py:190} INFO - [2024-12-23T21:57:17.505+0000] {dag.py:4180} INFO - Setting next_dagrun for dataset_alias_example_alias_producer_with_no_taskflow to None, run_after=None
[2024-12-23T21:57:17.506+0000] {logging_mixin.py:190} INFO - [2024-12-23T21:57:17.506+0000] {dag.py:4180} INFO - Setting next_dagrun for dataset_s3_bucket_consumer_with_no_taskflow to None, run_after=None
[2024-12-23T21:57:17.508+0000] {logging_mixin.py:190} INFO - [2024-12-23T21:57:17.508+0000] {dag.py:4180} INFO - Setting next_dagrun for dataset_s3_bucket_producer_with_no_taskflow to None, run_after=None
[2024-12-23T21:57:17.528+0000] {processor.py:208} INFO - Processing /home/airflow/.local/lib/python3.12/site-packages/airflow/example_dags/example_dataset_alias_with_no_taskflow.py took 0.608 seconds
