[2024-12-23T21:56:50.890+0000] {processor.py:186} INFO - Started process (PID=121) to work on /home/airflow/.local/lib/python3.12/site-packages/airflow/example_dags/example_task_group.py
[2024-12-23T21:56:50.891+0000] {processor.py:914} INFO - Processing file /home/airflow/.local/lib/python3.12/site-packages/airflow/example_dags/example_task_group.py for tasks to queue
[2024-12-23T21:56:50.894+0000] {logging_mixin.py:190} INFO - [2024-12-23T21:56:50.894+0000] {dagbag.py:588} INFO - Filling up the DagBag from /home/airflow/.local/lib/python3.12/site-packages/airflow/example_dags/example_task_group.py
[2024-12-23T21:56:50.906+0000] {processor.py:925} INFO - DAG(s) 'example_task_group' retrieved from /home/airflow/.local/lib/python3.12/site-packages/airflow/example_dags/example_task_group.py
[2024-12-23T21:56:51.052+0000] {logging_mixin.py:190} INFO - [2024-12-23T21:56:51.051+0000] {override.py:1911} INFO - Created Permission View: can edit on DAG:example_task_group
[2024-12-23T21:56:51.068+0000] {logging_mixin.py:190} INFO - [2024-12-23T21:56:51.067+0000] {override.py:1911} INFO - Created Permission View: can delete on DAG:example_task_group
[2024-12-23T21:56:51.081+0000] {logging_mixin.py:190} INFO - [2024-12-23T21:56:51.081+0000] {override.py:1911} INFO - Created Permission View: can read on DAG:example_task_group
[2024-12-23T21:56:51.094+0000] {logging_mixin.py:190} INFO - [2024-12-23T21:56:51.093+0000] {override.py:1911} INFO - Created Permission View: menu access on DAG Run:example_task_group
[2024-12-23T21:56:51.104+0000] {logging_mixin.py:190} INFO - [2024-12-23T21:56:51.103+0000] {override.py:1911} INFO - Created Permission View: can delete on DAG Run:example_task_group
[2024-12-23T21:56:51.112+0000] {logging_mixin.py:190} INFO - [2024-12-23T21:56:51.112+0000] {override.py:1911} INFO - Created Permission View: can read on DAG Run:example_task_group
[2024-12-23T21:56:51.120+0000] {logging_mixin.py:190} INFO - [2024-12-23T21:56:51.120+0000] {override.py:1911} INFO - Created Permission View: can create on DAG Run:example_task_group
[2024-12-23T21:56:51.121+0000] {logging_mixin.py:190} INFO - [2024-12-23T21:56:51.121+0000] {dag.py:3239} INFO - Sync 1 DAGs
[2024-12-23T21:56:51.138+0000] {logging_mixin.py:190} INFO - [2024-12-23T21:56:51.137+0000] {dag.py:3262} INFO - Creating ORM DAG for example_task_group
[2024-12-23T21:56:51.139+0000] {logging_mixin.py:190} INFO - [2024-12-23T21:56:51.138+0000] {dag.py:4180} INFO - Setting next_dagrun for example_task_group to None, run_after=None
[2024-12-23T21:56:51.162+0000] {processor.py:208} INFO - Processing /home/airflow/.local/lib/python3.12/site-packages/airflow/example_dags/example_task_group.py took 0.278 seconds
[2024-12-23T21:57:21.750+0000] {processor.py:186} INFO - Started process (PID=184) to work on /home/airflow/.local/lib/python3.12/site-packages/airflow/example_dags/example_task_group.py
[2024-12-23T21:57:21.751+0000] {processor.py:914} INFO - Processing file /home/airflow/.local/lib/python3.12/site-packages/airflow/example_dags/example_task_group.py for tasks to queue
[2024-12-23T21:57:21.753+0000] {logging_mixin.py:190} INFO - [2024-12-23T21:57:21.753+0000] {dagbag.py:588} INFO - Filling up the DagBag from /home/airflow/.local/lib/python3.12/site-packages/airflow/example_dags/example_task_group.py
[2024-12-23T21:57:21.760+0000] {processor.py:925} INFO - DAG(s) 'example_task_group' retrieved from /home/airflow/.local/lib/python3.12/site-packages/airflow/example_dags/example_task_group.py
[2024-12-23T21:57:21.778+0000] {logging_mixin.py:190} INFO - [2024-12-23T21:57:21.778+0000] {dag.py:3239} INFO - Sync 1 DAGs
[2024-12-23T21:57:21.791+0000] {logging_mixin.py:190} INFO - [2024-12-23T21:57:21.791+0000] {dag.py:4180} INFO - Setting next_dagrun for example_task_group to None, run_after=None
[2024-12-23T21:57:21.809+0000] {processor.py:208} INFO - Processing /home/airflow/.local/lib/python3.12/site-packages/airflow/example_dags/example_task_group.py took 0.063 seconds
