[2024-12-23T21:56:43.221+0000] {processor.py:186} INFO - Started process (PID=87) to work on /home/airflow/.local/lib/python3.12/site-packages/airflow/example_dags/example_short_circuit_decorator.py
[2024-12-23T21:56:43.222+0000] {processor.py:914} INFO - Processing file /home/airflow/.local/lib/python3.12/site-packages/airflow/example_dags/example_short_circuit_decorator.py for tasks to queue
[2024-12-23T21:56:43.227+0000] {logging_mixin.py:190} INFO - [2024-12-23T21:56:43.227+0000] {dagbag.py:588} INFO - Filling up the DagBag from /home/airflow/.local/lib/python3.12/site-packages/airflow/example_dags/example_short_circuit_decorator.py
[2024-12-23T21:56:43.256+0000] {processor.py:925} INFO - DAG(s) 'example_short_circuit_decorator' retrieved from /home/airflow/.local/lib/python3.12/site-packages/airflow/example_dags/example_short_circuit_decorator.py
[2024-12-23T21:56:43.511+0000] {logging_mixin.py:190} INFO - [2024-12-23T21:56:43.510+0000] {override.py:1911} INFO - Created Permission View: can edit on DAG:example_short_circuit_decorator
[2024-12-23T21:56:43.543+0000] {logging_mixin.py:190} INFO - [2024-12-23T21:56:43.542+0000] {override.py:1911} INFO - Created Permission View: can delete on DAG:example_short_circuit_decorator
[2024-12-23T21:56:43.554+0000] {logging_mixin.py:190} INFO - [2024-12-23T21:56:43.554+0000] {override.py:1911} INFO - Created Permission View: can read on DAG:example_short_circuit_decorator
[2024-12-23T21:56:43.567+0000] {logging_mixin.py:190} INFO - [2024-12-23T21:56:43.567+0000] {override.py:1911} INFO - Created Permission View: menu access on DAG Run:example_short_circuit_decorator
[2024-12-23T21:56:43.577+0000] {logging_mixin.py:190} INFO - [2024-12-23T21:56:43.577+0000] {override.py:1911} INFO - Created Permission View: can delete on DAG Run:example_short_circuit_decorator
[2024-12-23T21:56:43.587+0000] {logging_mixin.py:190} INFO - [2024-12-23T21:56:43.587+0000] {override.py:1911} INFO - Created Permission View: can read on DAG Run:example_short_circuit_decorator
[2024-12-23T21:56:43.601+0000] {logging_mixin.py:190} INFO - [2024-12-23T21:56:43.601+0000] {override.py:1911} INFO - Created Permission View: can create on DAG Run:example_short_circuit_decorator
[2024-12-23T21:56:43.602+0000] {logging_mixin.py:190} INFO - [2024-12-23T21:56:43.602+0000] {dag.py:3239} INFO - Sync 1 DAGs
[2024-12-23T21:56:43.625+0000] {logging_mixin.py:190} INFO - [2024-12-23T21:56:43.624+0000] {dag.py:3262} INFO - Creating ORM DAG for example_short_circuit_decorator
[2024-12-23T21:56:43.626+0000] {logging_mixin.py:190} INFO - [2024-12-23T21:56:43.626+0000] {dag.py:4180} INFO - Setting next_dagrun for example_short_circuit_decorator to None, run_after=None
[2024-12-23T21:56:43.656+0000] {processor.py:208} INFO - Processing /home/airflow/.local/lib/python3.12/site-packages/airflow/example_dags/example_short_circuit_decorator.py took 0.447 seconds
[2024-12-23T21:57:14.010+0000] {processor.py:186} INFO - Started process (PID=150) to work on /home/airflow/.local/lib/python3.12/site-packages/airflow/example_dags/example_short_circuit_decorator.py
[2024-12-23T21:57:14.011+0000] {processor.py:914} INFO - Processing file /home/airflow/.local/lib/python3.12/site-packages/airflow/example_dags/example_short_circuit_decorator.py for tasks to queue
[2024-12-23T21:57:14.013+0000] {logging_mixin.py:190} INFO - [2024-12-23T21:57:14.013+0000] {dagbag.py:588} INFO - Filling up the DagBag from /home/airflow/.local/lib/python3.12/site-packages/airflow/example_dags/example_short_circuit_decorator.py
[2024-12-23T21:57:14.022+0000] {processor.py:925} INFO - DAG(s) 'example_short_circuit_decorator' retrieved from /home/airflow/.local/lib/python3.12/site-packages/airflow/example_dags/example_short_circuit_decorator.py
[2024-12-23T21:57:14.043+0000] {logging_mixin.py:190} INFO - [2024-12-23T21:57:14.043+0000] {dag.py:3239} INFO - Sync 1 DAGs
[2024-12-23T21:57:14.062+0000] {logging_mixin.py:190} INFO - [2024-12-23T21:57:14.062+0000] {dag.py:4180} INFO - Setting next_dagrun for example_short_circuit_decorator to None, run_after=None
[2024-12-23T21:57:14.089+0000] {processor.py:208} INFO - Processing /home/airflow/.local/lib/python3.12/site-packages/airflow/example_dags/example_short_circuit_decorator.py took 0.083 seconds
