[2024-12-23T21:56:49.333+0000] {processor.py:186} INFO - Started process (PID=110) to work on /home/airflow/.local/lib/python3.12/site-packages/airflow/example_dags/example_xcomargs.py
[2024-12-23T21:56:49.334+0000] {processor.py:914} INFO - Processing file /home/airflow/.local/lib/python3.12/site-packages/airflow/example_dags/example_xcomargs.py for tasks to queue
[2024-12-23T21:56:49.337+0000] {logging_mixin.py:190} INFO - [2024-12-23T21:56:49.337+0000] {dagbag.py:588} INFO - Filling up the DagBag from /home/airflow/.local/lib/python3.12/site-packages/airflow/example_dags/example_xcomargs.py
[2024-12-23T21:56:49.353+0000] {processor.py:925} INFO - DAG(s) 'example_xcom_args_with_operators', 'example_xcom_args' retrieved from /home/airflow/.local/lib/python3.12/site-packages/airflow/example_dags/example_xcomargs.py
[2024-12-23T21:56:49.512+0000] {logging_mixin.py:190} INFO - [2024-12-23T21:56:49.511+0000] {override.py:1911} INFO - Created Permission View: can edit on DAG:example_xcom_args_with_operators
[2024-12-23T21:56:49.527+0000] {logging_mixin.py:190} INFO - [2024-12-23T21:56:49.527+0000] {override.py:1911} INFO - Created Permission View: can delete on DAG:example_xcom_args_with_operators
[2024-12-23T21:56:49.537+0000] {logging_mixin.py:190} INFO - [2024-12-23T21:56:49.537+0000] {override.py:1911} INFO - Created Permission View: can read on DAG:example_xcom_args_with_operators
[2024-12-23T21:56:49.549+0000] {logging_mixin.py:190} INFO - [2024-12-23T21:56:49.548+0000] {override.py:1911} INFO - Created Permission View: menu access on DAG Run:example_xcom_args_with_operators
[2024-12-23T21:56:49.558+0000] {logging_mixin.py:190} INFO - [2024-12-23T21:56:49.557+0000] {override.py:1911} INFO - Created Permission View: can delete on DAG Run:example_xcom_args_with_operators
[2024-12-23T21:56:49.571+0000] {logging_mixin.py:190} INFO - [2024-12-23T21:56:49.571+0000] {override.py:1911} INFO - Created Permission View: can read on DAG Run:example_xcom_args_with_operators
[2024-12-23T21:56:49.581+0000] {logging_mixin.py:190} INFO - [2024-12-23T21:56:49.581+0000] {override.py:1911} INFO - Created Permission View: can create on DAG Run:example_xcom_args_with_operators
[2024-12-23T21:56:49.602+0000] {logging_mixin.py:190} INFO - [2024-12-23T21:56:49.602+0000] {override.py:1911} INFO - Created Permission View: can edit on DAG:example_xcom_args
[2024-12-23T21:56:49.611+0000] {logging_mixin.py:190} INFO - [2024-12-23T21:56:49.611+0000] {override.py:1911} INFO - Created Permission View: can delete on DAG:example_xcom_args
[2024-12-23T21:56:49.619+0000] {logging_mixin.py:190} INFO - [2024-12-23T21:56:49.619+0000] {override.py:1911} INFO - Created Permission View: can read on DAG:example_xcom_args
[2024-12-23T21:56:49.638+0000] {logging_mixin.py:190} INFO - [2024-12-23T21:56:49.637+0000] {override.py:1911} INFO - Created Permission View: menu access on DAG Run:example_xcom_args
[2024-12-23T21:56:49.647+0000] {logging_mixin.py:190} INFO - [2024-12-23T21:56:49.646+0000] {override.py:1911} INFO - Created Permission View: can delete on DAG Run:example_xcom_args
[2024-12-23T21:56:49.656+0000] {logging_mixin.py:190} INFO - [2024-12-23T21:56:49.655+0000] {override.py:1911} INFO - Created Permission View: can read on DAG Run:example_xcom_args
[2024-12-23T21:56:49.666+0000] {logging_mixin.py:190} INFO - [2024-12-23T21:56:49.666+0000] {override.py:1911} INFO - Created Permission View: can create on DAG Run:example_xcom_args
[2024-12-23T21:56:49.667+0000] {logging_mixin.py:190} INFO - [2024-12-23T21:56:49.667+0000] {dag.py:3239} INFO - Sync 2 DAGs
[2024-12-23T21:56:49.683+0000] {logging_mixin.py:190} INFO - [2024-12-23T21:56:49.683+0000] {dag.py:3262} INFO - Creating ORM DAG for example_xcom_args_with_operators
[2024-12-23T21:56:49.684+0000] {logging_mixin.py:190} INFO - [2024-12-23T21:56:49.684+0000] {dag.py:3262} INFO - Creating ORM DAG for example_xcom_args
[2024-12-23T21:56:49.685+0000] {logging_mixin.py:190} INFO - [2024-12-23T21:56:49.685+0000] {dag.py:4180} INFO - Setting next_dagrun for example_xcom_args to None, run_after=None
[2024-12-23T21:56:49.686+0000] {logging_mixin.py:190} INFO - [2024-12-23T21:56:49.686+0000] {dag.py:4180} INFO - Setting next_dagrun for example_xcom_args_with_operators to None, run_after=None
[2024-12-23T21:56:49.707+0000] {processor.py:208} INFO - Processing /home/airflow/.local/lib/python3.12/site-packages/airflow/example_dags/example_xcomargs.py took 0.380 seconds
[2024-12-23T21:57:20.137+0000] {processor.py:186} INFO - Started process (PID=173) to work on /home/airflow/.local/lib/python3.12/site-packages/airflow/example_dags/example_xcomargs.py
[2024-12-23T21:57:20.138+0000] {processor.py:914} INFO - Processing file /home/airflow/.local/lib/python3.12/site-packages/airflow/example_dags/example_xcomargs.py for tasks to queue
[2024-12-23T21:57:20.141+0000] {logging_mixin.py:190} INFO - [2024-12-23T21:57:20.140+0000] {dagbag.py:588} INFO - Filling up the DagBag from /home/airflow/.local/lib/python3.12/site-packages/airflow/example_dags/example_xcomargs.py
[2024-12-23T21:57:20.149+0000] {processor.py:925} INFO - DAG(s) 'example_xcom_args', 'example_xcom_args_with_operators' retrieved from /home/airflow/.local/lib/python3.12/site-packages/airflow/example_dags/example_xcomargs.py
[2024-12-23T21:57:20.173+0000] {logging_mixin.py:190} INFO - [2024-12-23T21:57:20.173+0000] {dag.py:3239} INFO - Sync 2 DAGs
[2024-12-23T21:57:20.188+0000] {logging_mixin.py:190} INFO - [2024-12-23T21:57:20.188+0000] {dag.py:4180} INFO - Setting next_dagrun for example_xcom_args to None, run_after=None
[2024-12-23T21:57:20.192+0000] {logging_mixin.py:190} INFO - [2024-12-23T21:57:20.192+0000] {dag.py:4180} INFO - Setting next_dagrun for example_xcom_args_with_operators to None, run_after=None
[2024-12-23T21:57:20.210+0000] {processor.py:208} INFO - Processing /home/airflow/.local/lib/python3.12/site-packages/airflow/example_dags/example_xcomargs.py took 0.078 seconds
