[2024-12-23T21:56:47.977+0000] {processor.py:186} INFO - Started process (PID=106) to work on /home/airflow/.local/lib/python3.12/site-packages/airflow/example_dags/example_dataset_alias.py
[2024-12-23T21:56:47.979+0000] {processor.py:914} INFO - Processing file /home/airflow/.local/lib/python3.12/site-packages/airflow/example_dags/example_dataset_alias.py for tasks to queue
[2024-12-23T21:56:47.981+0000] {logging_mixin.py:190} INFO - [2024-12-23T21:56:47.981+0000] {dagbag.py:588} INFO - Filling up the DagBag from /home/airflow/.local/lib/python3.12/site-packages/airflow/example_dags/example_dataset_alias.py
[2024-12-23T21:56:48.821+0000] {processor.py:925} INFO - DAG(s) 'dataset_alias_example_alias_producer', 'dataset_alias_example_alias_consumer', 'dataset_s3_bucket_producer', 'dataset_s3_bucket_consumer' retrieved from /home/airflow/.local/lib/python3.12/site-packages/airflow/example_dags/example_dataset_alias.py
[2024-12-23T21:56:48.953+0000] {logging_mixin.py:190} INFO - [2024-12-23T21:56:48.952+0000] {override.py:1911} INFO - Created Permission View: can edit on DAG:dataset_alias_example_alias_producer
[2024-12-23T21:56:48.967+0000] {logging_mixin.py:190} INFO - [2024-12-23T21:56:48.967+0000] {override.py:1911} INFO - Created Permission View: can delete on DAG:dataset_alias_example_alias_producer
[2024-12-23T21:56:48.976+0000] {logging_mixin.py:190} INFO - [2024-12-23T21:56:48.975+0000] {override.py:1911} INFO - Created Permission View: can read on DAG:dataset_alias_example_alias_producer
[2024-12-23T21:56:48.984+0000] {logging_mixin.py:190} INFO - [2024-12-23T21:56:48.984+0000] {override.py:1911} INFO - Created Permission View: menu access on DAG Run:dataset_alias_example_alias_producer
[2024-12-23T21:56:48.994+0000] {logging_mixin.py:190} INFO - [2024-12-23T21:56:48.993+0000] {override.py:1911} INFO - Created Permission View: can delete on DAG Run:dataset_alias_example_alias_producer
[2024-12-23T21:56:49.002+0000] {logging_mixin.py:190} INFO - [2024-12-23T21:56:49.002+0000] {override.py:1911} INFO - Created Permission View: can read on DAG Run:dataset_alias_example_alias_producer
[2024-12-23T21:56:49.011+0000] {logging_mixin.py:190} INFO - [2024-12-23T21:56:49.011+0000] {override.py:1911} INFO - Created Permission View: can create on DAG Run:dataset_alias_example_alias_producer
[2024-12-23T21:56:49.028+0000] {logging_mixin.py:190} INFO - [2024-12-23T21:56:49.027+0000] {override.py:1911} INFO - Created Permission View: can edit on DAG:dataset_alias_example_alias_consumer
[2024-12-23T21:56:49.036+0000] {logging_mixin.py:190} INFO - [2024-12-23T21:56:49.035+0000] {override.py:1911} INFO - Created Permission View: can delete on DAG:dataset_alias_example_alias_consumer
[2024-12-23T21:56:49.045+0000] {logging_mixin.py:190} INFO - [2024-12-23T21:56:49.045+0000] {override.py:1911} INFO - Created Permission View: can read on DAG:dataset_alias_example_alias_consumer
[2024-12-23T21:56:49.054+0000] {logging_mixin.py:190} INFO - [2024-12-23T21:56:49.054+0000] {override.py:1911} INFO - Created Permission View: menu access on DAG Run:dataset_alias_example_alias_consumer
[2024-12-23T21:56:49.065+0000] {logging_mixin.py:190} INFO - [2024-12-23T21:56:49.064+0000] {override.py:1911} INFO - Created Permission View: can delete on DAG Run:dataset_alias_example_alias_consumer
[2024-12-23T21:56:49.075+0000] {logging_mixin.py:190} INFO - [2024-12-23T21:56:49.074+0000] {override.py:1911} INFO - Created Permission View: can read on DAG Run:dataset_alias_example_alias_consumer
[2024-12-23T21:56:49.083+0000] {logging_mixin.py:190} INFO - [2024-12-23T21:56:49.083+0000] {override.py:1911} INFO - Created Permission View: can create on DAG Run:dataset_alias_example_alias_consumer
[2024-12-23T21:56:49.101+0000] {logging_mixin.py:190} INFO - [2024-12-23T21:56:49.101+0000] {override.py:1911} INFO - Created Permission View: can edit on DAG:dataset_s3_bucket_producer
[2024-12-23T21:56:49.110+0000] {logging_mixin.py:190} INFO - [2024-12-23T21:56:49.109+0000] {override.py:1911} INFO - Created Permission View: can delete on DAG:dataset_s3_bucket_producer
[2024-12-23T21:56:49.118+0000] {logging_mixin.py:190} INFO - [2024-12-23T21:56:49.117+0000] {override.py:1911} INFO - Created Permission View: can read on DAG:dataset_s3_bucket_producer
[2024-12-23T21:56:49.128+0000] {logging_mixin.py:190} INFO - [2024-12-23T21:56:49.127+0000] {override.py:1911} INFO - Created Permission View: menu access on DAG Run:dataset_s3_bucket_producer
[2024-12-23T21:56:49.136+0000] {logging_mixin.py:190} INFO - [2024-12-23T21:56:49.135+0000] {override.py:1911} INFO - Created Permission View: can delete on DAG Run:dataset_s3_bucket_producer
[2024-12-23T21:56:49.146+0000] {logging_mixin.py:190} INFO - [2024-12-23T21:56:49.146+0000] {override.py:1911} INFO - Created Permission View: can read on DAG Run:dataset_s3_bucket_producer
[2024-12-23T21:56:49.155+0000] {logging_mixin.py:190} INFO - [2024-12-23T21:56:49.155+0000] {override.py:1911} INFO - Created Permission View: can create on DAG Run:dataset_s3_bucket_producer
[2024-12-23T21:56:49.171+0000] {logging_mixin.py:190} INFO - [2024-12-23T21:56:49.171+0000] {override.py:1911} INFO - Created Permission View: can edit on DAG:dataset_s3_bucket_consumer
[2024-12-23T21:56:49.180+0000] {logging_mixin.py:190} INFO - [2024-12-23T21:56:49.180+0000] {override.py:1911} INFO - Created Permission View: can delete on DAG:dataset_s3_bucket_consumer
[2024-12-23T21:56:49.189+0000] {logging_mixin.py:190} INFO - [2024-12-23T21:56:49.189+0000] {override.py:1911} INFO - Created Permission View: can read on DAG:dataset_s3_bucket_consumer
[2024-12-23T21:56:49.200+0000] {logging_mixin.py:190} INFO - [2024-12-23T21:56:49.199+0000] {override.py:1911} INFO - Created Permission View: menu access on DAG Run:dataset_s3_bucket_consumer
[2024-12-23T21:56:49.209+0000] {logging_mixin.py:190} INFO - [2024-12-23T21:56:49.209+0000] {override.py:1911} INFO - Created Permission View: can delete on DAG Run:dataset_s3_bucket_consumer
[2024-12-23T21:56:49.218+0000] {logging_mixin.py:190} INFO - [2024-12-23T21:56:49.218+0000] {override.py:1911} INFO - Created Permission View: can read on DAG Run:dataset_s3_bucket_consumer
[2024-12-23T21:56:49.227+0000] {logging_mixin.py:190} INFO - [2024-12-23T21:56:49.227+0000] {override.py:1911} INFO - Created Permission View: can create on DAG Run:dataset_s3_bucket_consumer
[2024-12-23T21:56:49.229+0000] {logging_mixin.py:190} INFO - [2024-12-23T21:56:49.228+0000] {dag.py:3239} INFO - Sync 4 DAGs
[2024-12-23T21:56:49.247+0000] {logging_mixin.py:190} INFO - [2024-12-23T21:56:49.246+0000] {dag.py:3262} INFO - Creating ORM DAG for dataset_s3_bucket_producer
[2024-12-23T21:56:49.248+0000] {logging_mixin.py:190} INFO - [2024-12-23T21:56:49.248+0000] {dag.py:3262} INFO - Creating ORM DAG for dataset_s3_bucket_consumer
[2024-12-23T21:56:49.249+0000] {logging_mixin.py:190} INFO - [2024-12-23T21:56:49.249+0000] {dag.py:3262} INFO - Creating ORM DAG for dataset_alias_example_alias_consumer
[2024-12-23T21:56:49.250+0000] {logging_mixin.py:190} INFO - [2024-12-23T21:56:49.250+0000] {dag.py:3262} INFO - Creating ORM DAG for dataset_alias_example_alias_producer
[2024-12-23T21:56:49.263+0000] {logging_mixin.py:190} INFO - [2024-12-23T21:56:49.262+0000] {dag.py:4180} INFO - Setting next_dagrun for dataset_alias_example_alias_consumer to None, run_after=None
[2024-12-23T21:56:49.264+0000] {logging_mixin.py:190} INFO - [2024-12-23T21:56:49.264+0000] {dag.py:4180} INFO - Setting next_dagrun for dataset_alias_example_alias_producer to None, run_after=None
[2024-12-23T21:56:49.265+0000] {logging_mixin.py:190} INFO - [2024-12-23T21:56:49.265+0000] {dag.py:4180} INFO - Setting next_dagrun for dataset_s3_bucket_consumer to None, run_after=None
[2024-12-23T21:56:49.266+0000] {logging_mixin.py:190} INFO - [2024-12-23T21:56:49.266+0000] {dag.py:4180} INFO - Setting next_dagrun for dataset_s3_bucket_producer to None, run_after=None
[2024-12-23T21:56:49.306+0000] {processor.py:208} INFO - Processing /home/airflow/.local/lib/python3.12/site-packages/airflow/example_dags/example_dataset_alias.py took 1.337 seconds
[2024-12-23T21:57:19.516+0000] {processor.py:186} INFO - Started process (PID=172) to work on /home/airflow/.local/lib/python3.12/site-packages/airflow/example_dags/example_dataset_alias.py
[2024-12-23T21:57:19.517+0000] {processor.py:914} INFO - Processing file /home/airflow/.local/lib/python3.12/site-packages/airflow/example_dags/example_dataset_alias.py for tasks to queue
[2024-12-23T21:57:19.518+0000] {logging_mixin.py:190} INFO - [2024-12-23T21:57:19.518+0000] {dagbag.py:588} INFO - Filling up the DagBag from /home/airflow/.local/lib/python3.12/site-packages/airflow/example_dags/example_dataset_alias.py
[2024-12-23T21:57:20.033+0000] {processor.py:925} INFO - DAG(s) 'dataset_s3_bucket_producer', 'dataset_alias_example_alias_producer', 'dataset_s3_bucket_consumer', 'dataset_alias_example_alias_consumer' retrieved from /home/airflow/.local/lib/python3.12/site-packages/airflow/example_dags/example_dataset_alias.py
[2024-12-23T21:57:20.054+0000] {logging_mixin.py:190} INFO - [2024-12-23T21:57:20.052+0000] {dag.py:3239} INFO - Sync 4 DAGs
[2024-12-23T21:57:20.075+0000] {logging_mixin.py:190} INFO - [2024-12-23T21:57:20.075+0000] {dag.py:4180} INFO - Setting next_dagrun for dataset_alias_example_alias_consumer to None, run_after=None
[2024-12-23T21:57:20.077+0000] {logging_mixin.py:190} INFO - [2024-12-23T21:57:20.077+0000] {dag.py:4180} INFO - Setting next_dagrun for dataset_alias_example_alias_producer to None, run_after=None
[2024-12-23T21:57:20.079+0000] {logging_mixin.py:190} INFO - [2024-12-23T21:57:20.079+0000] {dag.py:4180} INFO - Setting next_dagrun for dataset_s3_bucket_consumer to None, run_after=None
[2024-12-23T21:57:20.080+0000] {logging_mixin.py:190} INFO - [2024-12-23T21:57:20.080+0000] {dag.py:4180} INFO - Setting next_dagrun for dataset_s3_bucket_producer to None, run_after=None
[2024-12-23T21:57:20.100+0000] {processor.py:208} INFO - Processing /home/airflow/.local/lib/python3.12/site-packages/airflow/example_dags/example_dataset_alias.py took 0.590 seconds
