[2024-12-23T21:56:43.102+0000] {processor.py:186} INFO - Started process (PID=86) to work on /home/airflow/.local/lib/python3.12/site-packages/airflow/example_dags/example_setup_teardown_taskflow.py
[2024-12-23T21:56:43.103+0000] {processor.py:914} INFO - Processing file /home/airflow/.local/lib/python3.12/site-packages/airflow/example_dags/example_setup_teardown_taskflow.py for tasks to queue
[2024-12-23T21:56:43.107+0000] {logging_mixin.py:190} INFO - [2024-12-23T21:56:43.106+0000] {dagbag.py:588} INFO - Filling up the DagBag from /home/airflow/.local/lib/python3.12/site-packages/airflow/example_dags/example_setup_teardown_taskflow.py
[2024-12-23T21:56:43.129+0000] {processor.py:925} INFO - DAG(s) 'example_setup_teardown_taskflow' retrieved from /home/airflow/.local/lib/python3.12/site-packages/airflow/example_dags/example_setup_teardown_taskflow.py
[2024-12-23T21:56:43.413+0000] {logging_mixin.py:190} INFO - [2024-12-23T21:56:43.412+0000] {override.py:1911} INFO - Created Permission View: can edit on DAG:example_setup_teardown_taskflow
[2024-12-23T21:56:43.436+0000] {logging_mixin.py:190} INFO - [2024-12-23T21:56:43.436+0000] {override.py:1911} INFO - Created Permission View: can delete on DAG:example_setup_teardown_taskflow
[2024-12-23T21:56:43.452+0000] {logging_mixin.py:190} INFO - [2024-12-23T21:56:43.451+0000] {override.py:1911} INFO - Created Permission View: can read on DAG:example_setup_teardown_taskflow
[2024-12-23T21:56:43.476+0000] {logging_mixin.py:190} INFO - [2024-12-23T21:56:43.476+0000] {override.py:1911} INFO - Created Permission View: menu access on DAG Run:example_setup_teardown_taskflow
[2024-12-23T21:56:43.495+0000] {logging_mixin.py:190} INFO - [2024-12-23T21:56:43.495+0000] {override.py:1911} INFO - Created Permission View: can delete on DAG Run:example_setup_teardown_taskflow
[2024-12-23T21:56:43.514+0000] {logging_mixin.py:190} INFO - [2024-12-23T21:56:43.512+0000] {override.py:1911} INFO - Created Permission View: can read on DAG Run:example_setup_teardown_taskflow
[2024-12-23T21:56:43.533+0000] {logging_mixin.py:190} INFO - [2024-12-23T21:56:43.532+0000] {override.py:1911} INFO - Created Permission View: can create on DAG Run:example_setup_teardown_taskflow
[2024-12-23T21:56:43.535+0000] {logging_mixin.py:190} INFO - [2024-12-23T21:56:43.534+0000] {dag.py:3239} INFO - Sync 1 DAGs
[2024-12-23T21:56:43.563+0000] {logging_mixin.py:190} INFO - [2024-12-23T21:56:43.563+0000] {dag.py:3262} INFO - Creating ORM DAG for example_setup_teardown_taskflow
[2024-12-23T21:56:43.565+0000] {logging_mixin.py:190} INFO - [2024-12-23T21:56:43.564+0000] {dag.py:4180} INFO - Setting next_dagrun for example_setup_teardown_taskflow to None, run_after=None
[2024-12-23T21:56:43.590+0000] {processor.py:208} INFO - Processing /home/airflow/.local/lib/python3.12/site-packages/airflow/example_dags/example_setup_teardown_taskflow.py took 0.499 seconds
[2024-12-23T21:57:14.009+0000] {processor.py:186} INFO - Started process (PID=149) to work on /home/airflow/.local/lib/python3.12/site-packages/airflow/example_dags/example_setup_teardown_taskflow.py
[2024-12-23T21:57:14.011+0000] {processor.py:914} INFO - Processing file /home/airflow/.local/lib/python3.12/site-packages/airflow/example_dags/example_setup_teardown_taskflow.py for tasks to queue
[2024-12-23T21:57:14.013+0000] {logging_mixin.py:190} INFO - [2024-12-23T21:57:14.013+0000] {dagbag.py:588} INFO - Filling up the DagBag from /home/airflow/.local/lib/python3.12/site-packages/airflow/example_dags/example_setup_teardown_taskflow.py
[2024-12-23T21:57:14.023+0000] {processor.py:925} INFO - DAG(s) 'example_setup_teardown_taskflow' retrieved from /home/airflow/.local/lib/python3.12/site-packages/airflow/example_dags/example_setup_teardown_taskflow.py
[2024-12-23T21:57:14.042+0000] {logging_mixin.py:190} INFO - [2024-12-23T21:57:14.042+0000] {dag.py:3239} INFO - Sync 1 DAGs
[2024-12-23T21:57:14.062+0000] {logging_mixin.py:190} INFO - [2024-12-23T21:57:14.061+0000] {dag.py:4180} INFO - Setting next_dagrun for example_setup_teardown_taskflow to None, run_after=None
[2024-12-23T21:57:14.089+0000] {processor.py:208} INFO - Processing /home/airflow/.local/lib/python3.12/site-packages/airflow/example_dags/example_setup_teardown_taskflow.py took 0.084 seconds
