[2024-12-23T21:56:44.530+0000] {processor.py:186} INFO - Started process (PID=92) to work on /home/airflow/.local/lib/python3.12/site-packages/airflow/example_dags/tutorial.py
[2024-12-23T21:56:44.532+0000] {processor.py:914} INFO - Processing file /home/airflow/.local/lib/python3.12/site-packages/airflow/example_dags/tutorial.py for tasks to queue
[2024-12-23T21:56:44.535+0000] {logging_mixin.py:190} INFO - [2024-12-23T21:56:44.534+0000] {dagbag.py:588} INFO - Filling up the DagBag from /home/airflow/.local/lib/python3.12/site-packages/airflow/example_dags/tutorial.py
[2024-12-23T21:56:44.547+0000] {processor.py:925} INFO - DAG(s) 'tutorial' retrieved from /home/airflow/.local/lib/python3.12/site-packages/airflow/example_dags/tutorial.py
[2024-12-23T21:56:44.697+0000] {logging_mixin.py:190} INFO - [2024-12-23T21:56:44.696+0000] {override.py:1911} INFO - Created Permission View: can edit on DAG:tutorial
[2024-12-23T21:56:44.712+0000] {logging_mixin.py:190} INFO - [2024-12-23T21:56:44.712+0000] {override.py:1911} INFO - Created Permission View: can delete on DAG:tutorial
[2024-12-23T21:56:44.721+0000] {logging_mixin.py:190} INFO - [2024-12-23T21:56:44.721+0000] {override.py:1911} INFO - Created Permission View: can read on DAG:tutorial
[2024-12-23T21:56:44.735+0000] {logging_mixin.py:190} INFO - [2024-12-23T21:56:44.734+0000] {override.py:1911} INFO - Created Permission View: menu access on DAG Run:tutorial
[2024-12-23T21:56:44.744+0000] {logging_mixin.py:190} INFO - [2024-12-23T21:56:44.744+0000] {override.py:1911} INFO - Created Permission View: can delete on DAG Run:tutorial
[2024-12-23T21:56:44.754+0000] {logging_mixin.py:190} INFO - [2024-12-23T21:56:44.754+0000] {override.py:1911} INFO - Created Permission View: can read on DAG Run:tutorial
[2024-12-23T21:56:44.765+0000] {logging_mixin.py:190} INFO - [2024-12-23T21:56:44.765+0000] {override.py:1911} INFO - Created Permission View: can create on DAG Run:tutorial
[2024-12-23T21:56:44.766+0000] {logging_mixin.py:190} INFO - [2024-12-23T21:56:44.766+0000] {dag.py:3239} INFO - Sync 1 DAGs
[2024-12-23T21:56:44.783+0000] {logging_mixin.py:190} INFO - [2024-12-23T21:56:44.782+0000] {dag.py:3262} INFO - Creating ORM DAG for tutorial
[2024-12-23T21:56:44.795+0000] {logging_mixin.py:190} INFO - [2024-12-23T21:56:44.795+0000] {dag.py:4180} INFO - Setting next_dagrun for tutorial to 2024-12-22 00:00:00+00:00, run_after=2024-12-23 00:00:00+00:00
[2024-12-23T21:56:44.817+0000] {processor.py:208} INFO - Processing /home/airflow/.local/lib/python3.12/site-packages/airflow/example_dags/tutorial.py took 0.294 seconds
[2024-12-23T21:57:15.901+0000] {processor.py:186} INFO - Started process (PID=155) to work on /home/airflow/.local/lib/python3.12/site-packages/airflow/example_dags/tutorial.py
[2024-12-23T21:57:15.902+0000] {processor.py:914} INFO - Processing file /home/airflow/.local/lib/python3.12/site-packages/airflow/example_dags/tutorial.py for tasks to queue
[2024-12-23T21:57:15.904+0000] {logging_mixin.py:190} INFO - [2024-12-23T21:57:15.904+0000] {dagbag.py:588} INFO - Filling up the DagBag from /home/airflow/.local/lib/python3.12/site-packages/airflow/example_dags/tutorial.py
[2024-12-23T21:57:15.911+0000] {processor.py:925} INFO - DAG(s) 'tutorial' retrieved from /home/airflow/.local/lib/python3.12/site-packages/airflow/example_dags/tutorial.py
[2024-12-23T21:57:15.929+0000] {logging_mixin.py:190} INFO - [2024-12-23T21:57:15.928+0000] {dag.py:3239} INFO - Sync 1 DAGs
[2024-12-23T21:57:15.949+0000] {logging_mixin.py:190} INFO - [2024-12-23T21:57:15.949+0000] {dag.py:4180} INFO - Setting next_dagrun for tutorial to 2024-12-22 00:00:00+00:00, run_after=2024-12-23 00:00:00+00:00
[2024-12-23T21:57:15.968+0000] {processor.py:208} INFO - Processing /home/airflow/.local/lib/python3.12/site-packages/airflow/example_dags/tutorial.py took 0.072 seconds
