[2024-12-23T21:56:47.529+0000] {processor.py:186} INFO - Started process (PID=103) to work on /home/airflow/.local/lib/python3.12/site-packages/airflow/example_dags/tutorial_dag.py
[2024-12-23T21:56:47.530+0000] {processor.py:914} INFO - Processing file /home/airflow/.local/lib/python3.12/site-packages/airflow/example_dags/tutorial_dag.py for tasks to queue
[2024-12-23T21:56:47.533+0000] {logging_mixin.py:190} INFO - [2024-12-23T21:56:47.533+0000] {dagbag.py:588} INFO - Filling up the DagBag from /home/airflow/.local/lib/python3.12/site-packages/airflow/example_dags/tutorial_dag.py
[2024-12-23T21:56:47.545+0000] {processor.py:925} INFO - DAG(s) 'tutorial_dag' retrieved from /home/airflow/.local/lib/python3.12/site-packages/airflow/example_dags/tutorial_dag.py
[2024-12-23T21:56:47.686+0000] {logging_mixin.py:190} INFO - [2024-12-23T21:56:47.686+0000] {override.py:1911} INFO - Created Permission View: can edit on DAG:tutorial_dag
[2024-12-23T21:56:47.700+0000] {logging_mixin.py:190} INFO - [2024-12-23T21:56:47.699+0000] {override.py:1911} INFO - Created Permission View: can delete on DAG:tutorial_dag
[2024-12-23T21:56:47.709+0000] {logging_mixin.py:190} INFO - [2024-12-23T21:56:47.708+0000] {override.py:1911} INFO - Created Permission View: can read on DAG:tutorial_dag
[2024-12-23T21:56:47.718+0000] {logging_mixin.py:190} INFO - [2024-12-23T21:56:47.717+0000] {override.py:1911} INFO - Created Permission View: menu access on DAG Run:tutorial_dag
[2024-12-23T21:56:47.726+0000] {logging_mixin.py:190} INFO - [2024-12-23T21:56:47.725+0000] {override.py:1911} INFO - Created Permission View: can delete on DAG Run:tutorial_dag
[2024-12-23T21:56:47.734+0000] {logging_mixin.py:190} INFO - [2024-12-23T21:56:47.733+0000] {override.py:1911} INFO - Created Permission View: can read on DAG Run:tutorial_dag
[2024-12-23T21:56:47.742+0000] {logging_mixin.py:190} INFO - [2024-12-23T21:56:47.742+0000] {override.py:1911} INFO - Created Permission View: can create on DAG Run:tutorial_dag
[2024-12-23T21:56:47.743+0000] {logging_mixin.py:190} INFO - [2024-12-23T21:56:47.743+0000] {dag.py:3239} INFO - Sync 1 DAGs
[2024-12-23T21:56:47.760+0000] {logging_mixin.py:190} INFO - [2024-12-23T21:56:47.760+0000] {dag.py:3262} INFO - Creating ORM DAG for tutorial_dag
[2024-12-23T21:56:47.761+0000] {logging_mixin.py:190} INFO - [2024-12-23T21:56:47.761+0000] {dag.py:4180} INFO - Setting next_dagrun for tutorial_dag to None, run_after=None
[2024-12-23T21:56:47.782+0000] {processor.py:208} INFO - Processing /home/airflow/.local/lib/python3.12/site-packages/airflow/example_dags/tutorial_dag.py took 0.261 seconds
[2024-12-23T21:57:18.086+0000] {processor.py:186} INFO - Started process (PID=166) to work on /home/airflow/.local/lib/python3.12/site-packages/airflow/example_dags/tutorial_dag.py
[2024-12-23T21:57:18.087+0000] {processor.py:914} INFO - Processing file /home/airflow/.local/lib/python3.12/site-packages/airflow/example_dags/tutorial_dag.py for tasks to queue
[2024-12-23T21:57:18.088+0000] {logging_mixin.py:190} INFO - [2024-12-23T21:57:18.088+0000] {dagbag.py:588} INFO - Filling up the DagBag from /home/airflow/.local/lib/python3.12/site-packages/airflow/example_dags/tutorial_dag.py
[2024-12-23T21:57:18.095+0000] {processor.py:925} INFO - DAG(s) 'tutorial_dag' retrieved from /home/airflow/.local/lib/python3.12/site-packages/airflow/example_dags/tutorial_dag.py
[2024-12-23T21:57:18.113+0000] {logging_mixin.py:190} INFO - [2024-12-23T21:57:18.113+0000] {dag.py:3239} INFO - Sync 1 DAGs
[2024-12-23T21:57:18.125+0000] {logging_mixin.py:190} INFO - [2024-12-23T21:57:18.125+0000] {dag.py:4180} INFO - Setting next_dagrun for tutorial_dag to None, run_after=None
[2024-12-23T21:57:18.151+0000] {processor.py:208} INFO - Processing /home/airflow/.local/lib/python3.12/site-packages/airflow/example_dags/tutorial_dag.py took 0.070 seconds
