[2024-12-23T21:56:39.920+0000] {processor.py:186} INFO - Started process (PID=77) to work on /home/airflow/.local/lib/python3.12/site-packages/airflow/example_dags/tutorial_taskflow_api_virtualenv.py
[2024-12-23T21:56:39.921+0000] {processor.py:914} INFO - Processing file /home/airflow/.local/lib/python3.12/site-packages/airflow/example_dags/tutorial_taskflow_api_virtualenv.py for tasks to queue
[2024-12-23T21:56:39.923+0000] {logging_mixin.py:190} INFO - [2024-12-23T21:56:39.923+0000] {dagbag.py:588} INFO - Filling up the DagBag from /home/airflow/.local/lib/python3.12/site-packages/airflow/example_dags/tutorial_taskflow_api_virtualenv.py
[2024-12-23T21:56:39.938+0000] {processor.py:925} INFO - DAG(s) 'tutorial_taskflow_api_virtualenv' retrieved from /home/airflow/.local/lib/python3.12/site-packages/airflow/example_dags/tutorial_taskflow_api_virtualenv.py
[2024-12-23T21:56:40.072+0000] {logging_mixin.py:190} INFO - [2024-12-23T21:56:40.071+0000] {override.py:1911} INFO - Created Permission View: can edit on DAG:tutorial_taskflow_api_virtualenv
[2024-12-23T21:56:40.089+0000] {logging_mixin.py:190} INFO - [2024-12-23T21:56:40.088+0000] {override.py:1911} INFO - Created Permission View: can delete on DAG:tutorial_taskflow_api_virtualenv
[2024-12-23T21:56:40.099+0000] {logging_mixin.py:190} INFO - [2024-12-23T21:56:40.099+0000] {override.py:1911} INFO - Created Permission View: can read on DAG:tutorial_taskflow_api_virtualenv
[2024-12-23T21:56:40.112+0000] {logging_mixin.py:190} INFO - [2024-12-23T21:56:40.111+0000] {override.py:1911} INFO - Created Permission View: menu access on DAG Run:tutorial_taskflow_api_virtualenv
[2024-12-23T21:56:40.123+0000] {logging_mixin.py:190} INFO - [2024-12-23T21:56:40.123+0000] {override.py:1911} INFO - Created Permission View: can delete on DAG Run:tutorial_taskflow_api_virtualenv
[2024-12-23T21:56:40.137+0000] {logging_mixin.py:190} INFO - [2024-12-23T21:56:40.136+0000] {override.py:1911} INFO - Created Permission View: can read on DAG Run:tutorial_taskflow_api_virtualenv
[2024-12-23T21:56:40.148+0000] {logging_mixin.py:190} INFO - [2024-12-23T21:56:40.147+0000] {override.py:1911} INFO - Created Permission View: can create on DAG Run:tutorial_taskflow_api_virtualenv
[2024-12-23T21:56:40.149+0000] {logging_mixin.py:190} INFO - [2024-12-23T21:56:40.148+0000] {dag.py:3239} INFO - Sync 1 DAGs
[2024-12-23T21:56:40.166+0000] {logging_mixin.py:190} INFO - [2024-12-23T21:56:40.166+0000] {dag.py:3262} INFO - Creating ORM DAG for tutorial_taskflow_api_virtualenv
[2024-12-23T21:56:40.167+0000] {logging_mixin.py:190} INFO - [2024-12-23T21:56:40.167+0000] {dag.py:4180} INFO - Setting next_dagrun for tutorial_taskflow_api_virtualenv to None, run_after=None
[2024-12-23T21:56:40.189+0000] {processor.py:208} INFO - Processing /home/airflow/.local/lib/python3.12/site-packages/airflow/example_dags/tutorial_taskflow_api_virtualenv.py took 0.276 seconds
[2024-12-23T21:57:10.835+0000] {processor.py:186} INFO - Started process (PID=139) to work on /home/airflow/.local/lib/python3.12/site-packages/airflow/example_dags/tutorial_taskflow_api_virtualenv.py
[2024-12-23T21:57:10.836+0000] {processor.py:914} INFO - Processing file /home/airflow/.local/lib/python3.12/site-packages/airflow/example_dags/tutorial_taskflow_api_virtualenv.py for tasks to queue
[2024-12-23T21:57:10.838+0000] {logging_mixin.py:190} INFO - [2024-12-23T21:57:10.838+0000] {dagbag.py:588} INFO - Filling up the DagBag from /home/airflow/.local/lib/python3.12/site-packages/airflow/example_dags/tutorial_taskflow_api_virtualenv.py
[2024-12-23T21:57:10.850+0000] {processor.py:925} INFO - DAG(s) 'tutorial_taskflow_api_virtualenv' retrieved from /home/airflow/.local/lib/python3.12/site-packages/airflow/example_dags/tutorial_taskflow_api_virtualenv.py
[2024-12-23T21:57:10.868+0000] {logging_mixin.py:190} INFO - [2024-12-23T21:57:10.868+0000] {dag.py:3239} INFO - Sync 1 DAGs
[2024-12-23T21:57:10.882+0000] {logging_mixin.py:190} INFO - [2024-12-23T21:57:10.882+0000] {dag.py:4180} INFO - Setting next_dagrun for tutorial_taskflow_api_virtualenv to None, run_after=None
[2024-12-23T21:57:10.907+0000] {processor.py:208} INFO - Processing /home/airflow/.local/lib/python3.12/site-packages/airflow/example_dags/tutorial_taskflow_api_virtualenv.py took 0.077 seconds
