[2024-12-23T21:56:49.957+0000] {processor.py:186} INFO - Started process (PID=114) to work on /home/airflow/.local/lib/python3.12/site-packages/airflow/example_dags/tutorial_taskflow_api.py
[2024-12-23T21:56:49.958+0000] {processor.py:914} INFO - Processing file /home/airflow/.local/lib/python3.12/site-packages/airflow/example_dags/tutorial_taskflow_api.py for tasks to queue
[2024-12-23T21:56:49.961+0000] {logging_mixin.py:190} INFO - [2024-12-23T21:56:49.961+0000] {dagbag.py:588} INFO - Filling up the DagBag from /home/airflow/.local/lib/python3.12/site-packages/airflow/example_dags/tutorial_taskflow_api.py
[2024-12-23T21:56:49.973+0000] {processor.py:925} INFO - DAG(s) 'tutorial_taskflow_api' retrieved from /home/airflow/.local/lib/python3.12/site-packages/airflow/example_dags/tutorial_taskflow_api.py
[2024-12-23T21:56:50.098+0000] {logging_mixin.py:190} INFO - [2024-12-23T21:56:50.098+0000] {override.py:1911} INFO - Created Permission View: can edit on DAG:tutorial_taskflow_api
[2024-12-23T21:56:50.111+0000] {logging_mixin.py:190} INFO - [2024-12-23T21:56:50.110+0000] {override.py:1911} INFO - Created Permission View: can delete on DAG:tutorial_taskflow_api
[2024-12-23T21:56:50.119+0000] {logging_mixin.py:190} INFO - [2024-12-23T21:56:50.118+0000] {override.py:1911} INFO - Created Permission View: can read on DAG:tutorial_taskflow_api
[2024-12-23T21:56:50.129+0000] {logging_mixin.py:190} INFO - [2024-12-23T21:56:50.128+0000] {override.py:1911} INFO - Created Permission View: menu access on DAG Run:tutorial_taskflow_api
[2024-12-23T21:56:50.137+0000] {logging_mixin.py:190} INFO - [2024-12-23T21:56:50.137+0000] {override.py:1911} INFO - Created Permission View: can delete on DAG Run:tutorial_taskflow_api
[2024-12-23T21:56:50.145+0000] {logging_mixin.py:190} INFO - [2024-12-23T21:56:50.145+0000] {override.py:1911} INFO - Created Permission View: can read on DAG Run:tutorial_taskflow_api
[2024-12-23T21:56:50.154+0000] {logging_mixin.py:190} INFO - [2024-12-23T21:56:50.153+0000] {override.py:1911} INFO - Created Permission View: can create on DAG Run:tutorial_taskflow_api
[2024-12-23T21:56:50.155+0000] {logging_mixin.py:190} INFO - [2024-12-23T21:56:50.154+0000] {dag.py:3239} INFO - Sync 1 DAGs
[2024-12-23T21:56:50.170+0000] {logging_mixin.py:190} INFO - [2024-12-23T21:56:50.170+0000] {dag.py:3262} INFO - Creating ORM DAG for tutorial_taskflow_api
[2024-12-23T21:56:50.171+0000] {logging_mixin.py:190} INFO - [2024-12-23T21:56:50.171+0000] {dag.py:4180} INFO - Setting next_dagrun for tutorial_taskflow_api to None, run_after=None
[2024-12-23T21:56:50.190+0000] {processor.py:208} INFO - Processing /home/airflow/.local/lib/python3.12/site-packages/airflow/example_dags/tutorial_taskflow_api.py took 0.239 seconds
[2024-12-23T21:57:20.443+0000] {processor.py:186} INFO - Started process (PID=177) to work on /home/airflow/.local/lib/python3.12/site-packages/airflow/example_dags/tutorial_taskflow_api.py
[2024-12-23T21:57:20.444+0000] {processor.py:914} INFO - Processing file /home/airflow/.local/lib/python3.12/site-packages/airflow/example_dags/tutorial_taskflow_api.py for tasks to queue
[2024-12-23T21:57:20.446+0000] {logging_mixin.py:190} INFO - [2024-12-23T21:57:20.446+0000] {dagbag.py:588} INFO - Filling up the DagBag from /home/airflow/.local/lib/python3.12/site-packages/airflow/example_dags/tutorial_taskflow_api.py
[2024-12-23T21:57:20.453+0000] {processor.py:925} INFO - DAG(s) 'tutorial_taskflow_api' retrieved from /home/airflow/.local/lib/python3.12/site-packages/airflow/example_dags/tutorial_taskflow_api.py
[2024-12-23T21:57:20.472+0000] {logging_mixin.py:190} INFO - [2024-12-23T21:57:20.471+0000] {dag.py:3239} INFO - Sync 1 DAGs
[2024-12-23T21:57:20.484+0000] {logging_mixin.py:190} INFO - [2024-12-23T21:57:20.484+0000] {dag.py:4180} INFO - Setting next_dagrun for tutorial_taskflow_api to None, run_after=None
[2024-12-23T21:57:20.501+0000] {processor.py:208} INFO - Processing /home/airflow/.local/lib/python3.12/site-packages/airflow/example_dags/tutorial_taskflow_api.py took 0.063 seconds
