[2024-12-23T21:56:38.398+0000] {processor.py:186} INFO - Started process (PID=71) to work on /home/airflow/.local/lib/python3.12/site-packages/airflow/example_dags/tutorial_taskflow_templates.py
[2024-12-23T21:56:38.399+0000] {processor.py:914} INFO - Processing file /home/airflow/.local/lib/python3.12/site-packages/airflow/example_dags/tutorial_taskflow_templates.py for tasks to queue
[2024-12-23T21:56:38.402+0000] {logging_mixin.py:190} INFO - [2024-12-23T21:56:38.402+0000] {dagbag.py:588} INFO - Filling up the DagBag from /home/airflow/.local/lib/python3.12/site-packages/airflow/example_dags/tutorial_taskflow_templates.py
[2024-12-23T21:56:38.424+0000] {processor.py:925} INFO - DAG(s) 'tutorial_taskflow_templates' retrieved from /home/airflow/.local/lib/python3.12/site-packages/airflow/example_dags/tutorial_taskflow_templates.py
[2024-12-23T21:56:38.728+0000] {logging_mixin.py:190} INFO - [2024-12-23T21:56:38.726+0000] {override.py:1911} INFO - Created Permission View: can edit on DAG:tutorial_taskflow_templates
[2024-12-23T21:56:38.745+0000] {logging_mixin.py:190} INFO - [2024-12-23T21:56:38.744+0000] {override.py:1911} INFO - Created Permission View: can delete on DAG:tutorial_taskflow_templates
[2024-12-23T21:56:38.756+0000] {logging_mixin.py:190} INFO - [2024-12-23T21:56:38.756+0000] {override.py:1911} INFO - Created Permission View: can read on DAG:tutorial_taskflow_templates
[2024-12-23T21:56:38.769+0000] {logging_mixin.py:190} INFO - [2024-12-23T21:56:38.768+0000] {override.py:1911} INFO - Created Permission View: menu access on DAG Run:tutorial_taskflow_templates
[2024-12-23T21:56:38.778+0000] {logging_mixin.py:190} INFO - [2024-12-23T21:56:38.778+0000] {override.py:1911} INFO - Created Permission View: can delete on DAG Run:tutorial_taskflow_templates
[2024-12-23T21:56:38.792+0000] {logging_mixin.py:190} INFO - [2024-12-23T21:56:38.791+0000] {override.py:1911} INFO - Created Permission View: can read on DAG Run:tutorial_taskflow_templates
[2024-12-23T21:56:38.803+0000] {logging_mixin.py:190} INFO - [2024-12-23T21:56:38.802+0000] {override.py:1911} INFO - Created Permission View: can create on DAG Run:tutorial_taskflow_templates
[2024-12-23T21:56:38.804+0000] {logging_mixin.py:190} INFO - [2024-12-23T21:56:38.803+0000] {dag.py:3239} INFO - Sync 1 DAGs
[2024-12-23T21:56:38.828+0000] {logging_mixin.py:190} INFO - [2024-12-23T21:56:38.827+0000] {dag.py:3262} INFO - Creating ORM DAG for tutorial_taskflow_templates
[2024-12-23T21:56:38.845+0000] {logging_mixin.py:190} INFO - [2024-12-23T21:56:38.845+0000] {dag.py:4180} INFO - Setting next_dagrun for tutorial_taskflow_templates to 2024-12-22 00:00:00+00:00, run_after=2024-12-23 00:00:00+00:00
[2024-12-23T21:56:38.874+0000] {processor.py:208} INFO - Processing /home/airflow/.local/lib/python3.12/site-packages/airflow/example_dags/tutorial_taskflow_templates.py took 0.483 seconds
[2024-12-23T21:57:09.538+0000] {processor.py:186} INFO - Started process (PID=134) to work on /home/airflow/.local/lib/python3.12/site-packages/airflow/example_dags/tutorial_taskflow_templates.py
[2024-12-23T21:57:09.540+0000] {processor.py:914} INFO - Processing file /home/airflow/.local/lib/python3.12/site-packages/airflow/example_dags/tutorial_taskflow_templates.py for tasks to queue
[2024-12-23T21:57:09.545+0000] {logging_mixin.py:190} INFO - [2024-12-23T21:57:09.542+0000] {dagbag.py:588} INFO - Filling up the DagBag from /home/airflow/.local/lib/python3.12/site-packages/airflow/example_dags/tutorial_taskflow_templates.py
[2024-12-23T21:57:09.578+0000] {processor.py:925} INFO - DAG(s) 'tutorial_taskflow_templates' retrieved from /home/airflow/.local/lib/python3.12/site-packages/airflow/example_dags/tutorial_taskflow_templates.py
[2024-12-23T21:57:09.610+0000] {logging_mixin.py:190} INFO - [2024-12-23T21:57:09.610+0000] {dag.py:3239} INFO - Sync 1 DAGs
[2024-12-23T21:57:09.637+0000] {logging_mixin.py:190} INFO - [2024-12-23T21:57:09.636+0000] {dag.py:4180} INFO - Setting next_dagrun for tutorial_taskflow_templates to 2024-12-22 00:00:00+00:00, run_after=2024-12-23 00:00:00+00:00
[2024-12-23T21:57:09.655+0000] {processor.py:208} INFO - Processing /home/airflow/.local/lib/python3.12/site-packages/airflow/example_dags/tutorial_taskflow_templates.py took 0.125 seconds
